2023-12-12T12:45:12+00:00	fluent.info	{"pid":14,"ppid":7,"worker":0,"message":"starting fluentd worker pid=14 ppid=7 worker=0"}
2023-12-12T12:45:12+00:00	fluent.info	{"message":"listening syslog socket on 0.0.0.0:5140 with tcp"}
2023-12-12T12:45:12+00:00	fluent.info	{"port":24224,"bind":"0.0.0.0","message":"listening port port=24224 bind=\"0.0.0.0\""}
2023-12-12T12:45:12+00:00	fluent.info	{"worker":0,"message":"fluentd worker is now running worker=0"}
2023-12-12T12:45:10+00:00	routerA	{"log":" * Starting system logging syslog-ng","container_id":"75695847ec2063a1cbc6393943869c480f7fef8bb06a1387e74b92148a5499bc","container_name":"/newenvironment-ra_router-1","source":"stdout"}
2023-12-12T12:45:10+00:00	routerA	{"container_name":"/newenvironment-ra_router-1","source":"stderr","log":"[2023-12-12T12:45:10.591784] WARNING: Configuration file format is too old, syslog-ng is running in compatibility mode. Please update it to use the syslog-ng 3.35 format at your time of convenience. To upgrade the configuration, please review the warnings about incompatible changes printed by syslog-ng, and once completed change the @version header at the top of the configuration file; config-version='3.27'","container_id":"75695847ec2063a1cbc6393943869c480f7fef8bb06a1387e74b92148a5499bc"}
2023-12-12T12:45:10+00:00	routerA	{"source":"stderr","log":"[2023-12-12T12:45:10.661859] WARNING: The internal_queue_length stat counter has been renamed to internal_source.queued. The old name will be removed in future versions; config-version='3.27'","container_id":"75695847ec2063a1cbc6393943869c480f7fef8bb06a1387e74b92148a5499bc","container_name":"/newenvironment-ra_router-1"}
2023-12-12T12:45:10+00:00	routerA	{"source":"stdout","log":"   ...done.","container_id":"75695847ec2063a1cbc6393943869c480f7fef8bb06a1387e74b92148a5499bc","container_name":"/newenvironment-ra_router-1"}
2023-12-12T12:45:11+00:00	routerA	{"log":" * Started watchfrr","container_id":"75695847ec2063a1cbc6393943869c480f7fef8bb06a1387e74b92148a5499bc","container_name":"/newenvironment-ra_router-1","source":"stdout"}
2023-12-12T12:45:12+00:00	routerA	{"container_id":"75695847ec2063a1cbc6393943869c480f7fef8bb06a1387e74b92148a5499bc","container_name":"/newenvironment-ra_router-1","source":"stdout","log":""}
2023-12-12T12:45:12+00:00	routerA	{"container_name":"/newenvironment-ra_router-1","source":"stdout","log":"Hello, this is FRRouting (version 8.1).","container_id":"75695847ec2063a1cbc6393943869c480f7fef8bb06a1387e74b92148a5499bc"}
2023-12-12T12:45:12+00:00	routerA	{"container_id":"75695847ec2063a1cbc6393943869c480f7fef8bb06a1387e74b92148a5499bc","container_name":"/newenvironment-ra_router-1","source":"stdout","log":"Copyright 1996-2005 Kunihiro Ishiguro, et al."}
2023-12-12T12:45:12+00:00	routerA	{"container_name":"/newenvironment-ra_router-1","source":"stdout","log":"","container_id":"75695847ec2063a1cbc6393943869c480f7fef8bb06a1387e74b92148a5499bc"}
2023-12-12T12:45:12+00:00	routerA	{"source":"stdout","log":"RArouter# conf t","container_id":"75695847ec2063a1cbc6393943869c480f7fef8bb06a1387e74b92148a5499bc","container_name":"/newenvironment-ra_router-1"}
2023-12-12T12:45:12+00:00	routerA	{"container_name":"/newenvironment-ra_router-1","source":"stdout","log":"RArouter(config)# log file /shared-volume/frr/frrRouterA.log","container_id":"75695847ec2063a1cbc6393943869c480f7fef8bb06a1387e74b92148a5499bc"}
2023-12-12T12:45:12+00:00	routerA	{"container_name":"/newenvironment-ra_router-1","source":"stdout","log":"can't open logfile /shared-volume/frr/frrRouterA.log","container_id":"75695847ec2063a1cbc6393943869c480f7fef8bb06a1387e74b92148a5499bc"}
2023-12-12T12:45:12+00:00	routerA	{"container_name":"/newenvironment-ra_router-1","source":"stdout","log":"RArouter(config)# router ospf","container_id":"75695847ec2063a1cbc6393943869c480f7fef8bb06a1387e74b92148a5499bc"}
2023-12-12T12:45:12+00:00	routerA	{"container_id":"75695847ec2063a1cbc6393943869c480f7fef8bb06a1387e74b92148a5499bc","container_name":"/newenvironment-ra_router-1","source":"stdout","log":"RArouter(config-router)# network 10.100.0.0/24 area 0"}
2023-12-12T12:45:12+00:00	routerA	{"container_id":"75695847ec2063a1cbc6393943869c480f7fef8bb06a1387e74b92148a5499bc","container_name":"/newenvironment-ra_router-1","source":"stdout","log":"RArouter(config-router)# network 10.200.0.0/24 area 0"}
2023-12-12T12:45:12+00:00	routerA	{"container_id":"75695847ec2063a1cbc6393943869c480f7fef8bb06a1387e74b92148a5499bc","container_name":"/newenvironment-ra_router-1","source":"stdout","log":"RArouter(config-router)# network 10.1.0.0/24 area 0"}
2023-12-12T12:45:12+00:00	routerA	{"source":"stdout","log":"RArouter(config-router)# end","container_id":"75695847ec2063a1cbc6393943869c480f7fef8bb06a1387e74b92148a5499bc","container_name":"/newenvironment-ra_router-1"}
2023-12-12T12:45:12+00:00	routerA	{"container_name":"/newenvironment-ra_router-1","source":"stdout","log":"RArouter# ","container_id":"75695847ec2063a1cbc6393943869c480f7fef8bb06a1387e74b92148a5499bc"}
2023-12-12T12:45:10+00:00	routerD	{"container_name":"/newenvironment-rd_router-1","source":"stdout","log":" * Starting system logging syslog-ng","container_id":"46949114972a9b0fbd8625f96d87164ca2319c2ea97e5bc458f59a0ae4425c67"}
2023-12-12T12:45:10+00:00	routerD	{"container_name":"/newenvironment-rd_router-1","source":"stderr","log":"[2023-12-12T12:45:10.612593] WARNING: Configuration file format is too old, syslog-ng is running in compatibility mode. Please update it to use the syslog-ng 3.35 format at your time of convenience. To upgrade the configuration, please review the warnings about incompatible changes printed by syslog-ng, and once completed change the @version header at the top of the configuration file; config-version='3.27'","container_id":"46949114972a9b0fbd8625f96d87164ca2319c2ea97e5bc458f59a0ae4425c67"}
2023-12-12T12:45:10+00:00	routerD	{"container_id":"46949114972a9b0fbd8625f96d87164ca2319c2ea97e5bc458f59a0ae4425c67","container_name":"/newenvironment-rd_router-1","source":"stderr","log":"[2023-12-12T12:45:10.683829] WARNING: The internal_queue_length stat counter has been renamed to internal_source.queued. The old name will be removed in future versions; config-version='3.27'"}
2023-12-12T12:45:10+00:00	routerD	{"container_name":"/newenvironment-rd_router-1","source":"stdout","log":"   ...done.","container_id":"46949114972a9b0fbd8625f96d87164ca2319c2ea97e5bc458f59a0ae4425c67"}
2023-12-12T12:45:11+00:00	routerD	{"container_id":"46949114972a9b0fbd8625f96d87164ca2319c2ea97e5bc458f59a0ae4425c67","container_name":"/newenvironment-rd_router-1","source":"stdout","log":" * Started watchfrr"}
2023-12-12T12:45:12+00:00	routerD	{"container_id":"46949114972a9b0fbd8625f96d87164ca2319c2ea97e5bc458f59a0ae4425c67","container_name":"/newenvironment-rd_router-1","source":"stdout","log":""}
2023-12-12T12:45:12+00:00	routerD	{"log":"Hello, this is FRRouting (version 8.1).","container_id":"46949114972a9b0fbd8625f96d87164ca2319c2ea97e5bc458f59a0ae4425c67","container_name":"/newenvironment-rd_router-1","source":"stdout"}
2023-12-12T12:45:12+00:00	routerD	{"source":"stdout","log":"Copyright 1996-2005 Kunihiro Ishiguro, et al.","container_id":"46949114972a9b0fbd8625f96d87164ca2319c2ea97e5bc458f59a0ae4425c67","container_name":"/newenvironment-rd_router-1"}
2023-12-12T12:45:12+00:00	routerD	{"container_id":"46949114972a9b0fbd8625f96d87164ca2319c2ea97e5bc458f59a0ae4425c67","container_name":"/newenvironment-rd_router-1","source":"stdout","log":""}
2023-12-12T12:45:12+00:00	routerD	{"container_id":"46949114972a9b0fbd8625f96d87164ca2319c2ea97e5bc458f59a0ae4425c67","container_name":"/newenvironment-rd_router-1","source":"stdout","log":"RDrouter# conf t"}
2023-12-12T12:45:12+00:00	routerD	{"container_id":"46949114972a9b0fbd8625f96d87164ca2319c2ea97e5bc458f59a0ae4425c67","container_name":"/newenvironment-rd_router-1","source":"stdout","log":"RDrouter(config)# router ospf "}
2023-12-12T12:45:12+00:00	routerD	{"container_id":"46949114972a9b0fbd8625f96d87164ca2319c2ea97e5bc458f59a0ae4425c67","container_name":"/newenvironment-rd_router-1","source":"stdout","log":"RDrouter(config-router)# network 10.3.0.0/24 area 0"}
2023-12-12T12:45:12+00:00	routerD	{"container_name":"/newenvironment-rd_router-1","source":"stdout","log":"RDrouter(config-router)# network 10.0.3.0/24 area 0","container_id":"46949114972a9b0fbd8625f96d87164ca2319c2ea97e5bc458f59a0ae4425c67"}
2023-12-12T12:45:12+00:00	routerD	{"container_id":"46949114972a9b0fbd8625f96d87164ca2319c2ea97e5bc458f59a0ae4425c67","container_name":"/newenvironment-rd_router-1","source":"stdout","log":"RDrouter(config-router)# network 10.0.4.0/24 area 0"}
2023-12-12T12:45:12+00:00	routerD	{"container_name":"/newenvironment-rd_router-1","source":"stdout","log":"RDrouter(config-router)# end","container_id":"46949114972a9b0fbd8625f96d87164ca2319c2ea97e5bc458f59a0ae4425c67"}
2023-12-12T12:45:12+00:00	routerD	{"log":"RDrouter# ","container_id":"46949114972a9b0fbd8625f96d87164ca2319c2ea97e5bc458f59a0ae4425c67","container_name":"/newenvironment-rd_router-1","source":"stdout"}
2023-12-12T12:45:10+00:00	routerC	{"container_id":"15d99ae175a5ca50998757980f3ef19e6014ab13a54780d9a19359294ef9d2f7","container_name":"/newenvironment-rc_router-1","source":"stdout","log":" * Starting system logging syslog-ng"}
2023-12-12T12:45:10+00:00	routerC	{"container_name":"/newenvironment-rc_router-1","source":"stderr","log":"[2023-12-12T12:45:10.775706] WARNING: Configuration file format is too old, syslog-ng is running in compatibility mode. Please update it to use the syslog-ng 3.35 format at your time of convenience. To upgrade the configuration, please review the warnings about incompatible changes printed by syslog-ng, and once completed change the @version header at the top of the configuration file; config-version='3.27'","container_id":"15d99ae175a5ca50998757980f3ef19e6014ab13a54780d9a19359294ef9d2f7"}
2023-12-12T12:45:10+00:00	routerC	{"source":"stderr","log":"[2023-12-12T12:45:10.845759] WARNING: The internal_queue_length stat counter has been renamed to internal_source.queued. The old name will be removed in future versions; config-version='3.27'","container_id":"15d99ae175a5ca50998757980f3ef19e6014ab13a54780d9a19359294ef9d2f7","container_name":"/newenvironment-rc_router-1"}
2023-12-12T12:45:10+00:00	routerC	{"container_id":"15d99ae175a5ca50998757980f3ef19e6014ab13a54780d9a19359294ef9d2f7","container_name":"/newenvironment-rc_router-1","source":"stdout","log":"   ...done."}
2023-12-12T12:45:12+00:00	routerC	{"log":" * Started watchfrr","container_id":"15d99ae175a5ca50998757980f3ef19e6014ab13a54780d9a19359294ef9d2f7","container_name":"/newenvironment-rc_router-1","source":"stdout"}
2023-12-12T12:45:12+00:00	routerC	{"source":"stdout","log":"","container_id":"15d99ae175a5ca50998757980f3ef19e6014ab13a54780d9a19359294ef9d2f7","container_name":"/newenvironment-rc_router-1"}
2023-12-12T12:45:12+00:00	routerC	{"container_name":"/newenvironment-rc_router-1","source":"stdout","log":"Hello, this is FRRouting (version 8.1).","container_id":"15d99ae175a5ca50998757980f3ef19e6014ab13a54780d9a19359294ef9d2f7"}
2023-12-12T12:45:12+00:00	routerC	{"container_id":"15d99ae175a5ca50998757980f3ef19e6014ab13a54780d9a19359294ef9d2f7","container_name":"/newenvironment-rc_router-1","source":"stdout","log":"Copyright 1996-2005 Kunihiro Ishiguro, et al."}
2023-12-12T12:45:12+00:00	routerC	{"container_id":"15d99ae175a5ca50998757980f3ef19e6014ab13a54780d9a19359294ef9d2f7","container_name":"/newenvironment-rc_router-1","source":"stdout","log":""}
2023-12-12T12:45:12+00:00	routerC	{"source":"stdout","log":"RCrouter# conf t","container_id":"15d99ae175a5ca50998757980f3ef19e6014ab13a54780d9a19359294ef9d2f7","container_name":"/newenvironment-rc_router-1"}
2023-12-12T12:45:12+00:00	routerC	{"log":"RCrouter(config)# router ospf ","container_id":"15d99ae175a5ca50998757980f3ef19e6014ab13a54780d9a19359294ef9d2f7","container_name":"/newenvironment-rc_router-1","source":"stdout"}
2023-12-12T12:45:12+00:00	routerC	{"source":"stdout","log":"RCrouter(config-router)# network 10.2.0.0/24 area 0","container_id":"15d99ae175a5ca50998757980f3ef19e6014ab13a54780d9a19359294ef9d2f7","container_name":"/newenvironment-rc_router-1"}
2023-12-12T12:45:12+00:00	routerC	{"container_name":"/newenvironment-rc_router-1","source":"stdout","log":"RCrouter(config-router)# network 10.0.1.0/24 area 0","container_id":"15d99ae175a5ca50998757980f3ef19e6014ab13a54780d9a19359294ef9d2f7"}
2023-12-12T12:45:12+00:00	routerC	{"container_id":"15d99ae175a5ca50998757980f3ef19e6014ab13a54780d9a19359294ef9d2f7","container_name":"/newenvironment-rc_router-1","source":"stdout","log":"RCrouter(config-router)# network 10.0.2.0/24 area 0"}
2023-12-12T12:45:12+00:00	routerC	{"source":"stdout","log":"RCrouter(config-router)# end","container_id":"15d99ae175a5ca50998757980f3ef19e6014ab13a54780d9a19359294ef9d2f7","container_name":"/newenvironment-rc_router-1"}
2023-12-12T12:45:12+00:00	routerC	{"log":"RCrouter# ","container_id":"15d99ae175a5ca50998757980f3ef19e6014ab13a54780d9a19359294ef9d2f7","container_name":"/newenvironment-rc_router-1","source":"stdout"}
2023-12-12T12:45:09+00:00	routerB	{"log":" * Starting system logging syslog-ng","container_id":"647c7304ea9a1634210bdb42fb0108164d777119f77b75746b555c52f23ebdf0","container_name":"/newenvironment-rb_router-1","source":"stdout"}
2023-12-12T12:45:09+00:00	routerB	{"source":"stderr","log":"[2023-12-12T12:45:09.665757] WARNING: Configuration file format is too old, syslog-ng is running in compatibility mode. Please update it to use the syslog-ng 3.35 format at your time of convenience. To upgrade the configuration, please review the warnings about incompatible changes printed by syslog-ng, and once completed change the @version header at the top of the configuration file; config-version='3.27'","container_id":"647c7304ea9a1634210bdb42fb0108164d777119f77b75746b555c52f23ebdf0","container_name":"/newenvironment-rb_router-1"}
2023-12-12T12:45:09+00:00	routerB	{"log":"[2023-12-12T12:45:09.996144] WARNING: The internal_queue_length stat counter has been renamed to internal_source.queued. The old name will be removed in future versions; config-version='3.27'","container_id":"647c7304ea9a1634210bdb42fb0108164d777119f77b75746b555c52f23ebdf0","container_name":"/newenvironment-rb_router-1","source":"stderr"}
2023-12-12T12:45:10+00:00	routerB	{"container_name":"/newenvironment-rb_router-1","source":"stdout","log":"   ...done.","container_id":"647c7304ea9a1634210bdb42fb0108164d777119f77b75746b555c52f23ebdf0"}
2023-12-12T12:45:11+00:00	routerB	{"log":" * Started watchfrr","container_id":"647c7304ea9a1634210bdb42fb0108164d777119f77b75746b555c52f23ebdf0","container_name":"/newenvironment-rb_router-1","source":"stdout"}
2023-12-12T12:45:12+00:00	routerB	{"container_id":"647c7304ea9a1634210bdb42fb0108164d777119f77b75746b555c52f23ebdf0","container_name":"/newenvironment-rb_router-1","source":"stdout","log":""}
2023-12-12T12:45:12+00:00	routerB	{"log":"Hello, this is FRRouting (version 8.1).","container_id":"647c7304ea9a1634210bdb42fb0108164d777119f77b75746b555c52f23ebdf0","container_name":"/newenvironment-rb_router-1","source":"stdout"}
2023-12-12T12:45:12+00:00	routerB	{"container_id":"647c7304ea9a1634210bdb42fb0108164d777119f77b75746b555c52f23ebdf0","container_name":"/newenvironment-rb_router-1","source":"stdout","log":"Copyright 1996-2005 Kunihiro Ishiguro, et al."}
2023-12-12T12:45:12+00:00	routerB	{"container_id":"647c7304ea9a1634210bdb42fb0108164d777119f77b75746b555c52f23ebdf0","container_name":"/newenvironment-rb_router-1","source":"stdout","log":""}
2023-12-12T12:45:12+00:00	routerB	{"container_id":"647c7304ea9a1634210bdb42fb0108164d777119f77b75746b555c52f23ebdf0","container_name":"/newenvironment-rb_router-1","source":"stdout","log":"RBrouter# conf t"}
2023-12-12T12:45:12+00:00	routerB	{"container_id":"647c7304ea9a1634210bdb42fb0108164d777119f77b75746b555c52f23ebdf0","container_name":"/newenvironment-rb_router-1","source":"stdout","log":"RBrouter(config)# router ospf "}
2023-12-12T12:45:12+00:00	routerB	{"container_id":"647c7304ea9a1634210bdb42fb0108164d777119f77b75746b555c52f23ebdf0","container_name":"/newenvironment-rb_router-1","source":"stdout","log":"RBrouter(config-router)# network 10.1.0.0/24 area 0"}
2023-12-12T12:45:12+00:00	routerB	{"container_id":"647c7304ea9a1634210bdb42fb0108164d777119f77b75746b555c52f23ebdf0","container_name":"/newenvironment-rb_router-1","source":"stdout","log":"RBrouter(config-router)# network 10.2.0.0/24 area 0"}
2023-12-12T12:45:12+00:00	routerB	{"log":"RBrouter(config-router)# network 10.3.0.0/24 area 0","container_id":"647c7304ea9a1634210bdb42fb0108164d777119f77b75746b555c52f23ebdf0","container_name":"/newenvironment-rb_router-1","source":"stdout"}
2023-12-12T12:45:12+00:00	routerB	{"container_id":"647c7304ea9a1634210bdb42fb0108164d777119f77b75746b555c52f23ebdf0","container_name":"/newenvironment-rb_router-1","source":"stdout","log":"RBrouter(config-router)# end"}
2023-12-12T12:45:12+00:00	routerB	{"container_id":"647c7304ea9a1634210bdb42fb0108164d777119f77b75746b555c52f23ebdf0","container_name":"/newenvironment-rb_router-1","source":"stdout","log":"RBrouter# "}
2023-12-12T12:46:10+00:00	fluent.warn	{"data":"<45>Dec 12 12:45:10 RArouter syslog-ng[17]: syslog-ng starting up; version='3.35.1'","message":"failed to parse message data=\"<45>Dec 12 12:45:10 RArouter syslog-ng[17]: syslog-ng starting up; version='3.35.1'\""}
2023-12-12T12:46:10+00:00	fluent.warn	{"data":"<43>Dec 12 12:45:10 RArouter syslog-ng[17]: Syslog connection failed; fd='15', server='AF_INET(10.200.0.2:5140)', error='Connection refused (111)', time_reopen='60'","message":"failed to parse message data=\"<43>Dec 12 12:45:10 RArouter syslog-ng[17]: Syslog connection failed; fd='15', server='AF_INET(10.200.0.2:5140)', error='Connection refused (111)', time_reopen='60'\""}
2023-12-12T12:46:10+00:00	fluent.warn	{"data":"<6>Dec 12 12:45:10 RArouter kernel: IPv6: ADDRCONF(NETDEV_CHANGE): veth4d24f5a: link becomes ready","message":"failed to parse message data=\"<6>Dec 12 12:45:10 RArouter kernel: IPv6: ADDRCONF(NETDEV_CHANGE): veth4d24f5a: link becomes ready\""}
2023-12-12T12:46:10+00:00	fluent.warn	{"data":"<6>Dec 12 12:45:10 RArouter kernel: br-c0a1d68dcc4f: port 1(veth4d24f5a) entered blocking state","message":"failed to parse message data=\"<6>Dec 12 12:45:10 RArouter kernel: br-c0a1d68dcc4f: port 1(veth4d24f5a) entered blocking state\""}
2023-12-12T12:46:10+00:00	fluent.warn	{"data":"<6>Dec 12 12:45:10 RArouter kernel: br-c0a1d68dcc4f: port 1(veth4d24f5a) entered forwarding state","message":"failed to parse message data=\"<6>Dec 12 12:45:10 RArouter kernel: br-c0a1d68dcc4f: port 1(veth4d24f5a) entered forwarding state\""}
2023-12-12T12:46:10+00:00	fluent.warn	{"data":"<6>Dec 12 12:45:10 RArouter kernel: IPv6: ADDRCONF(NETDEV_CHANGE): br-c0a1d68dcc4f: link becomes ready","message":"failed to parse message data=\"<6>Dec 12 12:45:10 RArouter kernel: IPv6: ADDRCONF(NETDEV_CHANGE): br-c0a1d68dcc4f: link becomes ready\""}
2023-12-12T12:46:10+00:00	fluent.warn	{"data":"<6>Dec 12 12:45:10 RArouter kernel: br-79058218f6c4: port 2(veth7954243) entered blocking state","message":"failed to parse message data=\"<6>Dec 12 12:45:10 RArouter kernel: br-79058218f6c4: port 2(veth7954243) entered blocking state\""}
2023-12-12T12:46:10+00:00	fluent.warn	{"data":"<6>Dec 12 12:45:10 RArouter kernel: br-79058218f6c4: port 2(veth7954243) entered disabled state","message":"failed to parse message data=\"<6>Dec 12 12:45:10 RArouter kernel: br-79058218f6c4: port 2(veth7954243) entered disabled state\""}
2023-12-12T12:46:10+00:00	fluent.warn	{"data":"<6>Dec 12 12:45:10 RArouter kernel: device veth7954243 entered promiscuous mode","message":"failed to parse message data=\"<6>Dec 12 12:45:10 RArouter kernel: device veth7954243 entered promiscuous mode\""}
2023-12-12T12:46:10+00:00	fluent.warn	{"data":"<6>Dec 12 12:45:10 RArouter kernel: br-79058218f6c4: port 2(veth7954243) entered blocking state","message":"failed to parse message data=\"<6>Dec 12 12:45:10 RArouter kernel: br-79058218f6c4: port 2(veth7954243) entered blocking state\""}
2023-12-12T12:46:10+00:00	fluent.warn	{"data":"<6>Dec 12 12:45:10 RArouter kernel: br-79058218f6c4: port 2(veth7954243) entered forwarding state","message":"failed to parse message data=\"<6>Dec 12 12:45:10 RArouter kernel: br-79058218f6c4: port 2(veth7954243) entered forwarding state\""}
2023-12-12T12:46:10+00:00	fluent.warn	{"data":"<6>Dec 12 12:45:10 RArouter kernel: br-b235d1a0ef3b: port 2(veth61f9e33) entered blocking state","message":"failed to parse message data=\"<6>Dec 12 12:45:10 RArouter kernel: br-b235d1a0ef3b: port 2(veth61f9e33) entered blocking state\""}
2023-12-12T12:46:10+00:00	fluent.warn	{"data":"<6>Dec 12 12:45:10 RArouter kernel: br-b235d1a0ef3b: port 2(veth61f9e33) entered disabled state","message":"failed to parse message data=\"<6>Dec 12 12:45:10 RArouter kernel: br-b235d1a0ef3b: port 2(veth61f9e33) entered disabled state\""}
2023-12-12T12:46:10+00:00	fluent.warn	{"data":"<6>Dec 12 12:45:10 RArouter kernel: device veth61f9e33 entered promiscuous mode","message":"failed to parse message data=\"<6>Dec 12 12:45:10 RArouter kernel: device veth61f9e33 entered promiscuous mode\""}
2023-12-12T12:46:10+00:00	fluent.warn	{"data":"<6>Dec 12 12:45:10 RArouter kernel: br-b235d1a0ef3b: port 2(veth61f9e33) entered blocking state","message":"failed to parse message data=\"<6>Dec 12 12:45:10 RArouter kernel: br-b235d1a0ef3b: port 2(veth61f9e33) entered blocking state\""}
2023-12-12T12:46:10+00:00	fluent.warn	{"data":"<6>Dec 12 12:45:10 RArouter kernel: br-b235d1a0ef3b: port 2(veth61f9e33) entered forwarding state","message":"failed to parse message data=\"<6>Dec 12 12:45:10 RArouter kernel: br-b235d1a0ef3b: port 2(veth61f9e33) entered forwarding state\""}
2023-12-12T12:46:10+00:00	fluent.warn	{"data":"<29>Dec 12 12:45:10 RArouter watchfrr[37]: [T83RR-8SM5G] watchfrr 8.1 starting: vty@0","message":"failed to parse message data=\"<29>Dec 12 12:45:10 RArouter watchfrr[37]: [T83RR-8SM5G] watchfrr 8.1 starting: vty@0\""}
2023-12-12T12:46:10+00:00	fluent.warn	{"data":"<30>Dec 12 12:45:10 RArouter watchfrr[37]: [ZCJ3S-SPH5S] zebra state -> down : initial connection attempt failed","message":"failed to parse message data=\"<30>Dec 12 12:45:10 RArouter watchfrr[37]: [ZCJ3S-SPH5S] zebra state -> down : initial connection attempt failed\""}
2023-12-12T12:46:10+00:00	fluent.warn	{"data":"<30>Dec 12 12:45:10 RArouter watchfrr[37]: [ZCJ3S-SPH5S] bgpd state -> down : initial connection attempt failed","message":"failed to parse message data=\"<30>Dec 12 12:45:10 RArouter watchfrr[37]: [ZCJ3S-SPH5S] bgpd state -> down : initial connection attempt failed\""}
2023-12-12T12:46:10+00:00	fluent.warn	{"data":"<30>Dec 12 12:45:10 RArouter watchfrr[37]: [ZCJ3S-SPH5S] ospfd state -> down : initial connection attempt failed","message":"failed to parse message data=\"<30>Dec 12 12:45:10 RArouter watchfrr[37]: [ZCJ3S-SPH5S] ospfd state -> down : initial connection attempt failed\""}
2023-12-12T12:46:10+00:00	fluent.warn	{"data":"<30>Dec 12 12:45:10 RArouter watchfrr[37]: [ZCJ3S-SPH5S] staticd state -> down : initial connection attempt failed","message":"failed to parse message data=\"<30>Dec 12 12:45:10 RArouter watchfrr[37]: [ZCJ3S-SPH5S] staticd state -> down : initial connection attempt failed\""}
2023-12-12T12:46:10+00:00	fluent.warn	{"data":"<30>Dec 12 12:45:10 RArouter watchfrr[37]: [YFT0P-5Q5YX] Forked background command [pid 38]: /usr/lib/frr/watchfrr.sh restart all","message":"failed to parse message data=\"<30>Dec 12 12:45:10 RArouter watchfrr[37]: [YFT0P-5Q5YX] Forked background command [pid 38]: /usr/lib/frr/watchfrr.sh restart all\""}
2023-12-12T12:46:10+00:00	fluent.warn	{"data":"<27>Dec 12 12:45:10 RArouter watchfrr.sh[51]: Cannot stop ospfd: pid file not found","message":"failed to parse message data=\"<27>Dec 12 12:45:10 RArouter watchfrr.sh[51]: Cannot stop ospfd: pid file not found\""}
2023-12-12T12:46:10+00:00	fluent.warn	{"data":"<27>Dec 12 12:45:10 RArouter watchfrr.sh[52]: Cannot stop bgpd: pid file not found","message":"failed to parse message data=\"<27>Dec 12 12:45:10 RArouter watchfrr.sh[52]: Cannot stop bgpd: pid file not found\""}
2023-12-12T12:46:10+00:00	fluent.warn	{"data":"<27>Dec 12 12:45:10 RArouter watchfrr.sh[54]: Cannot stop zebra: pid file not found","message":"failed to parse message data=\"<27>Dec 12 12:45:10 RArouter watchfrr.sh[54]: Cannot stop zebra: pid file not found\""}
2023-12-12T12:46:10+00:00	fluent.warn	{"data":"<27>Dec 12 12:45:10 RArouter watchfrr.sh[48]: Cannot stop staticd: pid file not found","message":"failed to parse message data=\"<27>Dec 12 12:45:10 RArouter watchfrr.sh[48]: Cannot stop staticd: pid file not found\""}
2023-12-12T12:46:10+00:00	fluent.warn	{"data":"<6>Dec 12 12:45:10 RArouter kernel: br-c0a1d68dcc4f: port 2(veth0b693a7) entered blocking state","message":"failed to parse message data=\"<6>Dec 12 12:45:10 RArouter kernel: br-c0a1d68dcc4f: port 2(veth0b693a7) entered blocking state\""}
2023-12-12T12:46:10+00:00	fluent.warn	{"data":"<6>Dec 12 12:45:10 RArouter kernel: br-c0a1d68dcc4f: port 2(veth0b693a7) entered disabled state","message":"failed to parse message data=\"<6>Dec 12 12:45:10 RArouter kernel: br-c0a1d68dcc4f: port 2(veth0b693a7) entered disabled state\""}
2023-12-12T12:46:10+00:00	fluent.warn	{"data":"<6>Dec 12 12:45:10 RArouter kernel: device veth0b693a7 entered promiscuous mode","message":"failed to parse message data=\"<6>Dec 12 12:45:10 RArouter kernel: device veth0b693a7 entered promiscuous mode\""}
2023-12-12T12:46:10+00:00	fluent.warn	{"data":"<6>Dec 12 12:45:10 RArouter kernel: br-c0a1d68dcc4f: port 2(veth0b693a7) entered blocking state","message":"failed to parse message data=\"<6>Dec 12 12:45:10 RArouter kernel: br-c0a1d68dcc4f: port 2(veth0b693a7) entered blocking state\""}
2023-12-12T12:46:10+00:00	fluent.warn	{"data":"<6>Dec 12 12:45:10 RArouter kernel: br-c0a1d68dcc4f: port 2(veth0b693a7) entered forwarding state","message":"failed to parse message data=\"<6>Dec 12 12:45:10 RArouter kernel: br-c0a1d68dcc4f: port 2(veth0b693a7) entered forwarding state\""}
2023-12-12T12:46:10+00:00	fluent.warn	{"data":"<6>Dec 12 12:45:10 RArouter kernel: br-eefc0b97b95a: port 2(vethbfdfc5f) entered blocking state","message":"failed to parse message data=\"<6>Dec 12 12:45:10 RArouter kernel: br-eefc0b97b95a: port 2(vethbfdfc5f) entered blocking state\""}
2023-12-12T12:46:10+00:00	fluent.warn	{"data":"<6>Dec 12 12:45:10 RArouter kernel: br-eefc0b97b95a: port 2(vethbfdfc5f) entered disabled state","message":"failed to parse message data=\"<6>Dec 12 12:45:10 RArouter kernel: br-eefc0b97b95a: port 2(vethbfdfc5f) entered disabled state\""}
2023-12-12T12:46:10+00:00	fluent.warn	{"data":"<6>Dec 12 12:45:10 RArouter kernel: device vethbfdfc5f entered promiscuous mode","message":"failed to parse message data=\"<6>Dec 12 12:45:10 RArouter kernel: device vethbfdfc5f entered promiscuous mode\""}
2023-12-12T12:46:10+00:00	fluent.warn	{"data":"<6>Dec 12 12:45:10 RArouter kernel: br-eefc0b97b95a: port 2(vethbfdfc5f) entered blocking state","message":"failed to parse message data=\"<6>Dec 12 12:45:10 RArouter kernel: br-eefc0b97b95a: port 2(vethbfdfc5f) entered blocking state\""}
2023-12-12T12:46:10+00:00	fluent.warn	{"data":"<6>Dec 12 12:45:10 RArouter kernel: br-eefc0b97b95a: port 2(vethbfdfc5f) entered forwarding state","message":"failed to parse message data=\"<6>Dec 12 12:45:10 RArouter kernel: br-eefc0b97b95a: port 2(vethbfdfc5f) entered forwarding state\""}
2023-12-12T12:46:10+00:00	fluent.warn	{"data":"<6>Dec 12 12:45:11 RArouter kernel: eth0: renamed from vethe171533","message":"failed to parse message data=\"<6>Dec 12 12:45:11 RArouter kernel: eth0: renamed from vethe171533\""}
2023-12-12T12:46:10+00:00	fluent.warn	{"data":"<6>Dec 12 12:45:11 RArouter kernel: IPv6: ADDRCONF(NETDEV_CHANGE): veth7954243: link becomes ready","message":"failed to parse message data=\"<6>Dec 12 12:45:11 RArouter kernel: IPv6: ADDRCONF(NETDEV_CHANGE): veth7954243: link becomes ready\""}
2023-12-12T12:46:10+00:00	fluent.warn	{"data":"<6>Dec 12 12:45:11 RArouter kernel: br-b235d1a0ef3b: port 2(veth61f9e33) entered disabled state","message":"failed to parse message data=\"<6>Dec 12 12:45:11 RArouter kernel: br-b235d1a0ef3b: port 2(veth61f9e33) entered disabled state\""}
2023-12-12T12:46:10+00:00	fluent.warn	{"data":"<6>Dec 12 12:45:11 RArouter kernel: br-eefc0b97b95a: port 2(vethbfdfc5f) entered disabled state","message":"failed to parse message data=\"<6>Dec 12 12:45:11 RArouter kernel: br-eefc0b97b95a: port 2(vethbfdfc5f) entered disabled state\""}
2023-12-12T12:46:10+00:00	fluent.warn	{"data":"<6>Dec 12 12:45:11 RArouter kernel: br-c0a1d68dcc4f: port 2(veth0b693a7) entered disabled state","message":"failed to parse message data=\"<6>Dec 12 12:45:11 RArouter kernel: br-c0a1d68dcc4f: port 2(veth0b693a7) entered disabled state\""}
2023-12-12T12:46:10+00:00	fluent.warn	{"data":"<6>Dec 12 12:45:11 RArouter kernel: eth0: renamed from veth330f114","message":"failed to parse message data=\"<6>Dec 12 12:45:11 RArouter kernel: eth0: renamed from veth330f114\""}
2023-12-12T12:46:10+00:00	fluent.warn	{"data":"<30>Dec 12 12:45:11 RArouter zebra[56]: [VTVCM-Y2NW3] Configuration Read in Took: 00:00:00","message":"failed to parse message data=\"<30>Dec 12 12:45:11 RArouter zebra[56]: [VTVCM-Y2NW3] Configuration Read in Took: 00:00:00\""}
2023-12-12T12:46:10+00:00	fluent.warn	{"data":"<30>Dec 12 12:45:11 RArouter ospfd[68]: [VTVCM-Y2NW3] Configuration Read in Took: 00:00:00","message":"failed to parse message data=\"<30>Dec 12 12:45:11 RArouter ospfd[68]: [VTVCM-Y2NW3] Configuration Read in Took: 00:00:00\""}
2023-12-12T12:46:10+00:00	fluent.warn	{"data":"<30>Dec 12 12:45:11 RArouter bgpd[61]: [VTVCM-Y2NW3] Configuration Read in Took: 00:00:00","message":"failed to parse message data=\"<30>Dec 12 12:45:11 RArouter bgpd[61]: [VTVCM-Y2NW3] Configuration Read in Took: 00:00:00\""}
2023-12-12T12:46:10+00:00	fluent.warn	{"data":"<30>Dec 12 12:45:11 RArouter staticd[71]: [VTVCM-Y2NW3] Configuration Read in Took: 00:00:00","message":"failed to parse message data=\"<30>Dec 12 12:45:11 RArouter staticd[71]: [VTVCM-Y2NW3] Configuration Read in Took: 00:00:00\""}
2023-12-12T12:46:10+00:00	fluent.warn	{"data":"<29>Dec 12 12:45:11 RArouter watchfrr[37]: [QDG3Y-BY5TN] zebra state -> up : connect succeeded","message":"failed to parse message data=\"<29>Dec 12 12:45:11 RArouter watchfrr[37]: [QDG3Y-BY5TN] zebra state -> up : connect succeeded\""}
2023-12-12T12:46:10+00:00	fluent.warn	{"data":"<29>Dec 12 12:45:11 RArouter watchfrr[37]: [QDG3Y-BY5TN] bgpd state -> up : connect succeeded","message":"failed to parse message data=\"<29>Dec 12 12:45:11 RArouter watchfrr[37]: [QDG3Y-BY5TN] bgpd state -> up : connect succeeded\""}
2023-12-12T12:46:10+00:00	fluent.warn	{"data":"<29>Dec 12 12:45:11 RArouter watchfrr[37]: [QDG3Y-BY5TN] ospfd state -> up : connect succeeded","message":"failed to parse message data=\"<29>Dec 12 12:45:11 RArouter watchfrr[37]: [QDG3Y-BY5TN] ospfd state -> up : connect succeeded\""}
2023-12-12T12:46:10+00:00	fluent.warn	{"data":"<29>Dec 12 12:45:11 RArouter watchfrr[37]: [QDG3Y-BY5TN] staticd state -> up : connect succeeded","message":"failed to parse message data=\"<29>Dec 12 12:45:11 RArouter watchfrr[37]: [QDG3Y-BY5TN] staticd state -> up : connect succeeded\""}
2023-12-12T12:46:10+00:00	fluent.warn	{"data":"<29>Dec 12 12:45:11 RArouter watchfrr[37]: [KWE5Q-QNGFC] all daemons up, doing startup-complete notify","message":"failed to parse message data=\"<29>Dec 12 12:45:11 RArouter watchfrr[37]: [KWE5Q-QNGFC] all daemons up, doing startup-complete notify\""}
2023-12-12T12:46:10+00:00	fluent.warn	{"data":"<6>Dec 12 12:45:11 RArouter kernel: eth0: renamed from veth444cb7f","message":"failed to parse message data=\"<6>Dec 12 12:45:11 RArouter kernel: eth0: renamed from veth444cb7f\""}
2023-12-12T12:46:10+00:00	fluent.warn	{"data":"<6>Dec 12 12:45:12 RArouter kernel: IPv6: ADDRCONF(NETDEV_CHANGE): veth61f9e33: link becomes ready","message":"failed to parse message data=\"<6>Dec 12 12:45:12 RArouter kernel: IPv6: ADDRCONF(NETDEV_CHANGE): veth61f9e33: link becomes ready\""}
2023-12-12T12:46:10+00:00	fluent.warn	{"data":"<6>Dec 12 12:45:12 RArouter kernel: br-b235d1a0ef3b: port 2(veth61f9e33) entered blocking state","message":"failed to parse message data=\"<6>Dec 12 12:45:12 RArouter kernel: br-b235d1a0ef3b: port 2(veth61f9e33) entered blocking state\""}
2023-12-12T12:46:10+00:00	fluent.warn	{"data":"<6>Dec 12 12:45:12 RArouter kernel: br-b235d1a0ef3b: port 2(veth61f9e33) entered forwarding state","message":"failed to parse message data=\"<6>Dec 12 12:45:12 RArouter kernel: br-b235d1a0ef3b: port 2(veth61f9e33) entered forwarding state\""}
2023-12-12T12:46:10+00:00	fluent.warn	{"data":"<6>Dec 12 12:45:12 RArouter kernel: IPv6: ADDRCONF(NETDEV_CHANGE): vethbfdfc5f: link becomes ready","message":"failed to parse message data=\"<6>Dec 12 12:45:12 RArouter kernel: IPv6: ADDRCONF(NETDEV_CHANGE): vethbfdfc5f: link becomes ready\""}
2023-12-12T12:46:10+00:00	fluent.warn	{"data":"<6>Dec 12 12:45:12 RArouter kernel: br-eefc0b97b95a: port 2(vethbfdfc5f) entered blocking state","message":"failed to parse message data=\"<6>Dec 12 12:45:12 RArouter kernel: br-eefc0b97b95a: port 2(vethbfdfc5f) entered blocking state\""}
2023-12-12T12:46:10+00:00	fluent.warn	{"data":"<6>Dec 12 12:45:12 RArouter kernel: br-eefc0b97b95a: port 2(vethbfdfc5f) entered forwarding state","message":"failed to parse message data=\"<6>Dec 12 12:45:12 RArouter kernel: br-eefc0b97b95a: port 2(vethbfdfc5f) entered forwarding state\""}
2023-12-12T12:46:10+00:00	fluent.warn	{"data":"<6>Dec 12 12:45:12 RArouter kernel: eth0: renamed from veth84af35c","message":"failed to parse message data=\"<6>Dec 12 12:45:12 RArouter kernel: eth0: renamed from veth84af35c\""}
2023-12-12T12:46:10+00:00	fluent.warn	{"data":"<6>Dec 12 12:45:12 RArouter kernel: IPv6: ADDRCONF(NETDEV_CHANGE): veth0b693a7: link becomes ready","message":"failed to parse message data=\"<6>Dec 12 12:45:12 RArouter kernel: IPv6: ADDRCONF(NETDEV_CHANGE): veth0b693a7: link becomes ready\""}
2023-12-12T12:46:10+00:00	fluent.warn	{"data":"<6>Dec 12 12:45:12 RArouter kernel: br-c0a1d68dcc4f: port 2(veth0b693a7) entered blocking state","message":"failed to parse message data=\"<6>Dec 12 12:45:12 RArouter kernel: br-c0a1d68dcc4f: port 2(veth0b693a7) entered blocking state\""}
2023-12-12T12:46:10+00:00	fluent.warn	{"data":"<6>Dec 12 12:45:12 RArouter kernel: br-c0a1d68dcc4f: port 2(veth0b693a7) entered forwarding state","message":"failed to parse message data=\"<6>Dec 12 12:45:12 RArouter kernel: br-c0a1d68dcc4f: port 2(veth0b693a7) entered forwarding state\""}
2023-12-12T12:46:10+00:00	fluent.warn	{"data":"<30>Dec 12 12:45:52 RArouter ospfd[68]: [S5PCG-77H23] Packet[DD]: Neighbor 10.3.0.10 Negotiation done (Master).","message":"failed to parse message data=\"<30>Dec 12 12:45:52 RArouter ospfd[68]: [S5PCG-77H23] Packet[DD]: Neighbor 10.3.0.10 Negotiation done (Master).\""}
2023-12-12T12:46:10+00:00	fluent.warn	{"data":"<45>Dec 12 12:46:10 RArouter syslog-ng[17]: Syslog connection established; fd='18', server='AF_INET(10.200.0.2:5140)', local='AF_INET(0.0.0.0:0)'","message":"failed to parse message data=\"<45>Dec 12 12:46:10 RArouter syslog-ng[17]: Syslog connection established; fd='18', server='AF_INET(10.200.0.2:5140)', local='AF_INET(0.0.0.0:0)'\""}
2023-12-12T12:59:46+00:00	fluent.info	{"pid":14,"ppid":7,"worker":0,"message":"starting fluentd worker pid=14 ppid=7 worker=0"}
2023-12-12T12:59:46+00:00	fluent.info	{"message":"listening syslog socket on 0.0.0.0:5140 with tcp"}
2023-12-12T12:59:46+00:00	fluent.info	{"port":24224,"bind":"0.0.0.0","message":"listening port port=24224 bind=\"0.0.0.0\""}
2023-12-12T12:59:46+00:00	fluent.info	{"worker":0,"message":"fluentd worker is now running worker=0"}
2023-12-12T12:59:44+00:00	routerA	{"log":" * Starting system logging syslog-ng","container_id":"884984c24754c0197c52657c987d22e4783fc34e8a50f77110b7d44d94720709","container_name":"/newenvironment-ra_router-1","source":"stdout"}
2023-12-12T12:59:44+00:00	routerA	{"source":"stderr","log":"[2023-12-12T12:59:44.717990] WARNING: Configuration file format is too old, syslog-ng is running in compatibility mode. Please update it to use the syslog-ng 3.35 format at your time of convenience. To upgrade the configuration, please review the warnings about incompatible changes printed by syslog-ng, and once completed change the @version header at the top of the configuration file; config-version='3.27'","container_id":"884984c24754c0197c52657c987d22e4783fc34e8a50f77110b7d44d94720709","container_name":"/newenvironment-ra_router-1"}
2023-12-12T12:59:44+00:00	routerA	{"source":"stderr","log":"[2023-12-12T12:59:44.798086] WARNING: The internal_queue_length stat counter has been renamed to internal_source.queued. The old name will be removed in future versions; config-version='3.27'","container_id":"884984c24754c0197c52657c987d22e4783fc34e8a50f77110b7d44d94720709","container_name":"/newenvironment-ra_router-1"}
2023-12-12T12:59:44+00:00	routerA	{"container_id":"884984c24754c0197c52657c987d22e4783fc34e8a50f77110b7d44d94720709","container_name":"/newenvironment-ra_router-1","source":"stdout","log":"   ...done."}
2023-12-12T12:59:44+00:00	routerD	{"source":"stdout","log":" * Starting system logging syslog-ng","container_id":"7dd6fe7e4a77e825511ebb758d52bda6ce186969b8e38ca636f75fe49941e267","container_name":"/newenvironment-rd_router-1"}
2023-12-12T12:59:44+00:00	routerD	{"container_id":"7dd6fe7e4a77e825511ebb758d52bda6ce186969b8e38ca636f75fe49941e267","container_name":"/newenvironment-rd_router-1","source":"stderr","log":"[2023-12-12T12:59:44.738357] WARNING: Configuration file format is too old, syslog-ng is running in compatibility mode. Please update it to use the syslog-ng 3.35 format at your time of convenience. To upgrade the configuration, please review the warnings about incompatible changes printed by syslog-ng, and once completed change the @version header at the top of the configuration file; config-version='3.27'"}
2023-12-12T12:59:44+00:00	routerD	{"container_id":"7dd6fe7e4a77e825511ebb758d52bda6ce186969b8e38ca636f75fe49941e267","container_name":"/newenvironment-rd_router-1","source":"stderr","log":"[2023-12-12T12:59:44.807070] WARNING: The internal_queue_length stat counter has been renamed to internal_source.queued. The old name will be removed in future versions; config-version='3.27'"}
2023-12-12T12:59:44+00:00	routerD	{"source":"stdout","log":"   ...done.","container_id":"7dd6fe7e4a77e825511ebb758d52bda6ce186969b8e38ca636f75fe49941e267","container_name":"/newenvironment-rd_router-1"}
2023-12-12T12:59:44+00:00	routerC	{"container_id":"3ed21e19f4e0e24fe56d563b07b854b383f91dcd84ee2c51b67ff634ef4f365d","container_name":"/newenvironment-rc_router-1","source":"stdout","log":" * Starting system logging syslog-ng"}
2023-12-12T12:59:44+00:00	routerC	{"container_id":"3ed21e19f4e0e24fe56d563b07b854b383f91dcd84ee2c51b67ff634ef4f365d","container_name":"/newenvironment-rc_router-1","source":"stderr","log":"[2023-12-12T12:59:44.889303] WARNING: Configuration file format is too old, syslog-ng is running in compatibility mode. Please update it to use the syslog-ng 3.35 format at your time of convenience. To upgrade the configuration, please review the warnings about incompatible changes printed by syslog-ng, and once completed change the @version header at the top of the configuration file; config-version='3.27'"}
2023-12-12T12:59:44+00:00	routerC	{"container_name":"/newenvironment-rc_router-1","source":"stderr","log":"[2023-12-12T12:59:44.955719] WARNING: The internal_queue_length stat counter has been renamed to internal_source.queued. The old name will be removed in future versions; config-version='3.27'","container_id":"3ed21e19f4e0e24fe56d563b07b854b383f91dcd84ee2c51b67ff634ef4f365d"}
2023-12-12T12:59:44+00:00	routerC	{"container_id":"3ed21e19f4e0e24fe56d563b07b854b383f91dcd84ee2c51b67ff634ef4f365d","container_name":"/newenvironment-rc_router-1","source":"stdout","log":"   ...done."}
2023-12-12T12:59:44+00:00	routerB	{"container_name":"/newenvironment-rb_router-1","source":"stdout","log":" * Starting system logging syslog-ng","container_id":"5f25c83172cfd57c45c7e5a7a97af2aea76fc91de72de7507c3968e9bd8927fc"}
2023-12-12T12:59:44+00:00	routerB	{"container_name":"/newenvironment-rb_router-1","source":"stderr","log":"[2023-12-12T12:59:44.397455] WARNING: Configuration file format is too old, syslog-ng is running in compatibility mode. Please update it to use the syslog-ng 3.35 format at your time of convenience. To upgrade the configuration, please review the warnings about incompatible changes printed by syslog-ng, and once completed change the @version header at the top of the configuration file; config-version='3.27'","container_id":"5f25c83172cfd57c45c7e5a7a97af2aea76fc91de72de7507c3968e9bd8927fc"}
2023-12-12T12:59:44+00:00	routerB	{"container_id":"5f25c83172cfd57c45c7e5a7a97af2aea76fc91de72de7507c3968e9bd8927fc","container_name":"/newenvironment-rb_router-1","source":"stderr","log":"[2023-12-12T12:59:44.799217] WARNING: The internal_queue_length stat counter has been renamed to internal_source.queued. The old name will be removed in future versions; config-version='3.27'"}
2023-12-12T12:59:44+00:00	routerB	{"container_id":"5f25c83172cfd57c45c7e5a7a97af2aea76fc91de72de7507c3968e9bd8927fc","container_name":"/newenvironment-rb_router-1","source":"stdout","log":"   ...done."}
2023-12-12T12:59:48+00:00	routerC	{"container_id":"3ed21e19f4e0e24fe56d563b07b854b383f91dcd84ee2c51b67ff634ef4f365d","container_name":"/newenvironment-rc_router-1","source":"stdout","log":" * Started watchfrr"}
2023-12-12T12:59:48+00:00	routerD	{"source":"stdout","log":" * Started watchfrr","container_id":"7dd6fe7e4a77e825511ebb758d52bda6ce186969b8e38ca636f75fe49941e267","container_name":"/newenvironment-rd_router-1"}
2023-12-12T12:59:48+00:00	routerA	{"container_name":"/newenvironment-ra_router-1","source":"stdout","log":" * Started watchfrr","container_id":"884984c24754c0197c52657c987d22e4783fc34e8a50f77110b7d44d94720709"}
2023-12-12T12:59:48+00:00	routerB	{"container_name":"/newenvironment-rb_router-1","source":"stdout","log":" * Started watchfrr","container_id":"5f25c83172cfd57c45c7e5a7a97af2aea76fc91de72de7507c3968e9bd8927fc"}
2023-12-12T12:59:49+00:00	routerC	{"log":"","container_id":"3ed21e19f4e0e24fe56d563b07b854b383f91dcd84ee2c51b67ff634ef4f365d","container_name":"/newenvironment-rc_router-1","source":"stdout"}
2023-12-12T12:59:49+00:00	routerC	{"container_id":"3ed21e19f4e0e24fe56d563b07b854b383f91dcd84ee2c51b67ff634ef4f365d","container_name":"/newenvironment-rc_router-1","source":"stdout","log":"Hello, this is FRRouting (version 8.1)."}
2023-12-12T12:59:49+00:00	routerC	{"container_id":"3ed21e19f4e0e24fe56d563b07b854b383f91dcd84ee2c51b67ff634ef4f365d","container_name":"/newenvironment-rc_router-1","source":"stdout","log":"Copyright 1996-2005 Kunihiro Ishiguro, et al."}
2023-12-12T12:59:49+00:00	routerC	{"log":"","container_id":"3ed21e19f4e0e24fe56d563b07b854b383f91dcd84ee2c51b67ff634ef4f365d","container_name":"/newenvironment-rc_router-1","source":"stdout"}
2023-12-12T12:59:49+00:00	routerC	{"container_id":"3ed21e19f4e0e24fe56d563b07b854b383f91dcd84ee2c51b67ff634ef4f365d","container_name":"/newenvironment-rc_router-1","source":"stdout","log":"RCrouter# conf t"}
2023-12-12T12:59:49+00:00	routerC	{"source":"stdout","log":"RCrouter(config)# router ospf ","container_id":"3ed21e19f4e0e24fe56d563b07b854b383f91dcd84ee2c51b67ff634ef4f365d","container_name":"/newenvironment-rc_router-1"}
2023-12-12T12:59:49+00:00	routerC	{"container_id":"3ed21e19f4e0e24fe56d563b07b854b383f91dcd84ee2c51b67ff634ef4f365d","container_name":"/newenvironment-rc_router-1","source":"stdout","log":"RCrouter(config-router)# network 10.2.0.0/24 area 0"}
2023-12-12T12:59:49+00:00	routerB	{"log":"","container_id":"5f25c83172cfd57c45c7e5a7a97af2aea76fc91de72de7507c3968e9bd8927fc","container_name":"/newenvironment-rb_router-1","source":"stdout"}
2023-12-12T12:59:49+00:00	routerB	{"container_id":"5f25c83172cfd57c45c7e5a7a97af2aea76fc91de72de7507c3968e9bd8927fc","container_name":"/newenvironment-rb_router-1","source":"stdout","log":"Hello, this is FRRouting (version 8.1)."}
2023-12-12T12:59:49+00:00	routerB	{"container_id":"5f25c83172cfd57c45c7e5a7a97af2aea76fc91de72de7507c3968e9bd8927fc","container_name":"/newenvironment-rb_router-1","source":"stdout","log":"Copyright 1996-2005 Kunihiro Ishiguro, et al."}
2023-12-12T12:59:49+00:00	routerB	{"source":"stdout","log":"","container_id":"5f25c83172cfd57c45c7e5a7a97af2aea76fc91de72de7507c3968e9bd8927fc","container_name":"/newenvironment-rb_router-1"}
2023-12-12T12:59:49+00:00	routerB	{"container_id":"5f25c83172cfd57c45c7e5a7a97af2aea76fc91de72de7507c3968e9bd8927fc","container_name":"/newenvironment-rb_router-1","source":"stdout","log":"RBrouter# conf t"}
2023-12-12T12:59:49+00:00	routerB	{"container_id":"5f25c83172cfd57c45c7e5a7a97af2aea76fc91de72de7507c3968e9bd8927fc","container_name":"/newenvironment-rb_router-1","source":"stdout","log":"RBrouter(config)# router ospf "}
2023-12-12T12:59:49+00:00	routerD	{"container_name":"/newenvironment-rd_router-1","source":"stdout","log":"","container_id":"7dd6fe7e4a77e825511ebb758d52bda6ce186969b8e38ca636f75fe49941e267"}
2023-12-12T12:59:49+00:00	routerD	{"container_id":"7dd6fe7e4a77e825511ebb758d52bda6ce186969b8e38ca636f75fe49941e267","container_name":"/newenvironment-rd_router-1","source":"stdout","log":"Hello, this is FRRouting (version 8.1)."}
2023-12-12T12:59:49+00:00	routerD	{"container_name":"/newenvironment-rd_router-1","source":"stdout","log":"Copyright 1996-2005 Kunihiro Ishiguro, et al.","container_id":"7dd6fe7e4a77e825511ebb758d52bda6ce186969b8e38ca636f75fe49941e267"}
2023-12-12T12:59:49+00:00	routerD	{"container_id":"7dd6fe7e4a77e825511ebb758d52bda6ce186969b8e38ca636f75fe49941e267","container_name":"/newenvironment-rd_router-1","source":"stdout","log":""}
2023-12-12T12:59:49+00:00	routerD	{"source":"stdout","log":"RDrouter# conf t","container_id":"7dd6fe7e4a77e825511ebb758d52bda6ce186969b8e38ca636f75fe49941e267","container_name":"/newenvironment-rd_router-1"}
2023-12-12T12:59:49+00:00	routerD	{"container_id":"7dd6fe7e4a77e825511ebb758d52bda6ce186969b8e38ca636f75fe49941e267","container_name":"/newenvironment-rd_router-1","source":"stdout","log":"RDrouter(config)# router ospf "}
2023-12-12T12:59:49+00:00	routerD	{"log":"RDrouter(config-router)# network 10.3.0.0/24 area 0","container_id":"7dd6fe7e4a77e825511ebb758d52bda6ce186969b8e38ca636f75fe49941e267","container_name":"/newenvironment-rd_router-1","source":"stdout"}
2023-12-12T12:59:49+00:00	routerD	{"container_id":"7dd6fe7e4a77e825511ebb758d52bda6ce186969b8e38ca636f75fe49941e267","container_name":"/newenvironment-rd_router-1","source":"stdout","log":"RDrouter(config-router)# network 10.0.3.0/24 area 0"}
2023-12-12T12:59:49+00:00	routerD	{"container_name":"/newenvironment-rd_router-1","source":"stdout","log":"RDrouter(config-router)# network 10.0.4.0/24 area 0","container_id":"7dd6fe7e4a77e825511ebb758d52bda6ce186969b8e38ca636f75fe49941e267"}
2023-12-12T12:59:49+00:00	routerD	{"container_id":"7dd6fe7e4a77e825511ebb758d52bda6ce186969b8e38ca636f75fe49941e267","container_name":"/newenvironment-rd_router-1","source":"stdout","log":"RDrouter(config-router)# end"}
2023-12-12T12:59:49+00:00	routerD	{"container_name":"/newenvironment-rd_router-1","source":"stdout","log":"RDrouter# ","container_id":"7dd6fe7e4a77e825511ebb758d52bda6ce186969b8e38ca636f75fe49941e267"}
2023-12-12T12:59:49+00:00	routerC	{"container_id":"3ed21e19f4e0e24fe56d563b07b854b383f91dcd84ee2c51b67ff634ef4f365d","container_name":"/newenvironment-rc_router-1","source":"stdout","log":"RCrouter(config-router)# network 10.0.1.0/24 area 0"}
2023-12-12T12:59:49+00:00	routerC	{"container_name":"/newenvironment-rc_router-1","source":"stdout","log":"RCrouter(config-router)# network 10.0.2.0/24 area 0","container_id":"3ed21e19f4e0e24fe56d563b07b854b383f91dcd84ee2c51b67ff634ef4f365d"}
2023-12-12T12:59:49+00:00	routerC	{"container_name":"/newenvironment-rc_router-1","source":"stdout","log":"RCrouter(config-router)# end","container_id":"3ed21e19f4e0e24fe56d563b07b854b383f91dcd84ee2c51b67ff634ef4f365d"}
2023-12-12T12:59:49+00:00	routerC	{"container_name":"/newenvironment-rc_router-1","source":"stdout","log":"RCrouter# ","container_id":"3ed21e19f4e0e24fe56d563b07b854b383f91dcd84ee2c51b67ff634ef4f365d"}
2023-12-12T12:59:49+00:00	routerB	{"container_id":"5f25c83172cfd57c45c7e5a7a97af2aea76fc91de72de7507c3968e9bd8927fc","container_name":"/newenvironment-rb_router-1","source":"stdout","log":"RBrouter(config-router)# network 10.1.0.0/24 area 0"}
2023-12-12T12:59:49+00:00	routerB	{"container_id":"5f25c83172cfd57c45c7e5a7a97af2aea76fc91de72de7507c3968e9bd8927fc","container_name":"/newenvironment-rb_router-1","source":"stdout","log":"RBrouter(config-router)# network 10.2.0.0/24 area 0"}
2023-12-12T12:59:49+00:00	routerB	{"log":"RBrouter(config-router)# network 10.3.0.0/24 area 0","container_id":"5f25c83172cfd57c45c7e5a7a97af2aea76fc91de72de7507c3968e9bd8927fc","container_name":"/newenvironment-rb_router-1","source":"stdout"}
2023-12-12T12:59:49+00:00	routerB	{"container_id":"5f25c83172cfd57c45c7e5a7a97af2aea76fc91de72de7507c3968e9bd8927fc","container_name":"/newenvironment-rb_router-1","source":"stdout","log":"RBrouter(config-router)# end"}
2023-12-12T12:59:49+00:00	routerB	{"log":"RBrouter# ","container_id":"5f25c83172cfd57c45c7e5a7a97af2aea76fc91de72de7507c3968e9bd8927fc","container_name":"/newenvironment-rb_router-1","source":"stdout"}
2023-12-12T12:59:49+00:00	routerA	{"container_name":"/newenvironment-ra_router-1","source":"stdout","log":"","container_id":"884984c24754c0197c52657c987d22e4783fc34e8a50f77110b7d44d94720709"}
2023-12-12T12:59:49+00:00	routerA	{"source":"stdout","log":"Hello, this is FRRouting (version 8.1).","container_id":"884984c24754c0197c52657c987d22e4783fc34e8a50f77110b7d44d94720709","container_name":"/newenvironment-ra_router-1"}
2023-12-12T12:59:49+00:00	routerA	{"container_id":"884984c24754c0197c52657c987d22e4783fc34e8a50f77110b7d44d94720709","container_name":"/newenvironment-ra_router-1","source":"stdout","log":"Copyright 1996-2005 Kunihiro Ishiguro, et al."}
2023-12-12T12:59:49+00:00	routerA	{"container_id":"884984c24754c0197c52657c987d22e4783fc34e8a50f77110b7d44d94720709","container_name":"/newenvironment-ra_router-1","source":"stdout","log":""}
2023-12-12T12:59:49+00:00	routerA	{"container_id":"884984c24754c0197c52657c987d22e4783fc34e8a50f77110b7d44d94720709","container_name":"/newenvironment-ra_router-1","source":"stdout","log":"RArouter# conf t"}
2023-12-12T12:59:49+00:00	routerA	{"container_name":"/newenvironment-ra_router-1","source":"stdout","log":"RArouter(config)# log file /shared-volume/frr/frrRouterA.log","container_id":"884984c24754c0197c52657c987d22e4783fc34e8a50f77110b7d44d94720709"}
2023-12-12T12:59:49+00:00	routerA	{"container_id":"884984c24754c0197c52657c987d22e4783fc34e8a50f77110b7d44d94720709","container_name":"/newenvironment-ra_router-1","source":"stdout","log":"can't open logfile /shared-volume/frr/frrRouterA.log"}
2023-12-12T12:59:49+00:00	routerA	{"container_id":"884984c24754c0197c52657c987d22e4783fc34e8a50f77110b7d44d94720709","container_name":"/newenvironment-ra_router-1","source":"stdout","log":"RArouter(config)# router ospf"}
2023-12-12T12:59:49+00:00	routerA	{"source":"stdout","log":"RArouter(config-router)# network 10.100.0.0/24 area 0","container_id":"884984c24754c0197c52657c987d22e4783fc34e8a50f77110b7d44d94720709","container_name":"/newenvironment-ra_router-1"}
2023-12-12T12:59:49+00:00	routerA	{"container_name":"/newenvironment-ra_router-1","source":"stdout","log":"RArouter(config-router)# network 10.200.0.0/24 area 0","container_id":"884984c24754c0197c52657c987d22e4783fc34e8a50f77110b7d44d94720709"}
2023-12-12T12:59:49+00:00	routerA	{"log":"RArouter(config-router)# network 10.1.0.0/24 area 0","container_id":"884984c24754c0197c52657c987d22e4783fc34e8a50f77110b7d44d94720709","container_name":"/newenvironment-ra_router-1","source":"stdout"}
2023-12-12T12:59:49+00:00	routerA	{"source":"stdout","log":"RArouter(config-router)# end","container_id":"884984c24754c0197c52657c987d22e4783fc34e8a50f77110b7d44d94720709","container_name":"/newenvironment-ra_router-1"}
2023-12-12T12:59:49+00:00	routerA	{"container_id":"884984c24754c0197c52657c987d22e4783fc34e8a50f77110b7d44d94720709","container_name":"/newenvironment-ra_router-1","source":"stdout","log":"RArouter# "}
2023-12-12T13:00:44+00:00	fluent.warn	{"data":"<45>Dec 12 12:59:44 RArouter syslog-ng[17]: syslog-ng starting up; version='3.35.1'","message":"failed to parse message data=\"<45>Dec 12 12:59:44 RArouter syslog-ng[17]: syslog-ng starting up; version='3.35.1'\""}
2023-12-12T13:00:44+00:00	fluent.warn	{"data":"<6>Dec 12 12:59:44 RArouter kernel: IPv6: ADDRCONF(NETDEV_CHANGE): veth9491def: link becomes ready","message":"failed to parse message data=\"<6>Dec 12 12:59:44 RArouter kernel: IPv6: ADDRCONF(NETDEV_CHANGE): veth9491def: link becomes ready\""}
2023-12-12T13:00:44+00:00	fluent.warn	{"data":"<6>Dec 12 12:59:44 RArouter kernel: br-b22a70d16f94: port 1(veth9491def) entered blocking state","message":"failed to parse message data=\"<6>Dec 12 12:59:44 RArouter kernel: br-b22a70d16f94: port 1(veth9491def) entered blocking state\""}
2023-12-12T13:00:44+00:00	fluent.warn	{"data":"<6>Dec 12 12:59:44 RArouter kernel: br-b22a70d16f94: port 1(veth9491def) entered forwarding state","message":"failed to parse message data=\"<6>Dec 12 12:59:44 RArouter kernel: br-b22a70d16f94: port 1(veth9491def) entered forwarding state\""}
2023-12-12T13:00:44+00:00	fluent.warn	{"data":"<6>Dec 12 12:59:44 RArouter kernel: IPv6: ADDRCONF(NETDEV_CHANGE): br-b22a70d16f94: link becomes ready","message":"failed to parse message data=\"<6>Dec 12 12:59:44 RArouter kernel: IPv6: ADDRCONF(NETDEV_CHANGE): br-b22a70d16f94: link becomes ready\""}
2023-12-12T13:00:44+00:00	fluent.warn	{"data":"<43>Dec 12 12:59:44 RArouter syslog-ng[17]: Syslog connection failed; fd='15', server='AF_INET(10.200.0.2:5140)', error='Connection refused (111)', time_reopen='60'","message":"failed to parse message data=\"<43>Dec 12 12:59:44 RArouter syslog-ng[17]: Syslog connection failed; fd='15', server='AF_INET(10.200.0.2:5140)', error='Connection refused (111)', time_reopen='60'\""}
2023-12-12T13:00:44+00:00	fluent.warn	{"data":"<6>Dec 12 12:59:44 RArouter kernel: br-339a04ffe990: port 2(vethfac3cf6) entered blocking state","message":"failed to parse message data=\"<6>Dec 12 12:59:44 RArouter kernel: br-339a04ffe990: port 2(vethfac3cf6) entered blocking state\""}
2023-12-12T13:00:44+00:00	fluent.warn	{"data":"<6>Dec 12 12:59:44 RArouter kernel: br-339a04ffe990: port 2(vethfac3cf6) entered disabled state","message":"failed to parse message data=\"<6>Dec 12 12:59:44 RArouter kernel: br-339a04ffe990: port 2(vethfac3cf6) entered disabled state\""}
2023-12-12T13:00:44+00:00	fluent.warn	{"data":"<6>Dec 12 12:59:44 RArouter kernel: device vethfac3cf6 entered promiscuous mode","message":"failed to parse message data=\"<6>Dec 12 12:59:44 RArouter kernel: device vethfac3cf6 entered promiscuous mode\""}
2023-12-12T13:00:44+00:00	fluent.warn	{"data":"<6>Dec 12 12:59:44 RArouter kernel: br-339a04ffe990: port 2(vethfac3cf6) entered blocking state","message":"failed to parse message data=\"<6>Dec 12 12:59:44 RArouter kernel: br-339a04ffe990: port 2(vethfac3cf6) entered blocking state\""}
2023-12-12T13:00:44+00:00	fluent.warn	{"data":"<6>Dec 12 12:59:44 RArouter kernel: br-339a04ffe990: port 2(vethfac3cf6) entered forwarding state","message":"failed to parse message data=\"<6>Dec 12 12:59:44 RArouter kernel: br-339a04ffe990: port 2(vethfac3cf6) entered forwarding state\""}
2023-12-12T13:00:44+00:00	fluent.warn	{"data":"<6>Dec 12 12:59:44 RArouter kernel: br-b15dec8d1f12: port 2(vethd31305c) entered blocking state","message":"failed to parse message data=\"<6>Dec 12 12:59:44 RArouter kernel: br-b15dec8d1f12: port 2(vethd31305c) entered blocking state\""}
2023-12-12T13:00:44+00:00	fluent.warn	{"data":"<6>Dec 12 12:59:44 RArouter kernel: br-b15dec8d1f12: port 2(vethd31305c) entered disabled state","message":"failed to parse message data=\"<6>Dec 12 12:59:44 RArouter kernel: br-b15dec8d1f12: port 2(vethd31305c) entered disabled state\""}
2023-12-12T13:00:44+00:00	fluent.warn	{"data":"<6>Dec 12 12:59:44 RArouter kernel: device vethd31305c entered promiscuous mode","message":"failed to parse message data=\"<6>Dec 12 12:59:44 RArouter kernel: device vethd31305c entered promiscuous mode\""}
2023-12-12T13:00:44+00:00	fluent.warn	{"data":"<6>Dec 12 12:59:44 RArouter kernel: br-b15dec8d1f12: port 2(vethd31305c) entered blocking state","message":"failed to parse message data=\"<6>Dec 12 12:59:44 RArouter kernel: br-b15dec8d1f12: port 2(vethd31305c) entered blocking state\""}
2023-12-12T13:00:44+00:00	fluent.warn	{"data":"<6>Dec 12 12:59:44 RArouter kernel: br-b15dec8d1f12: port 2(vethd31305c) entered forwarding state","message":"failed to parse message data=\"<6>Dec 12 12:59:44 RArouter kernel: br-b15dec8d1f12: port 2(vethd31305c) entered forwarding state\""}
2023-12-12T13:00:44+00:00	fluent.warn	{"data":"<6>Dec 12 12:59:44 RArouter kernel: br-d687cf7c5125: port 2(vethfa1135d) entered blocking state","message":"failed to parse message data=\"<6>Dec 12 12:59:44 RArouter kernel: br-d687cf7c5125: port 2(vethfa1135d) entered blocking state\""}
2023-12-12T13:00:44+00:00	fluent.warn	{"data":"<6>Dec 12 12:59:44 RArouter kernel: br-d687cf7c5125: port 2(vethfa1135d) entered disabled state","message":"failed to parse message data=\"<6>Dec 12 12:59:44 RArouter kernel: br-d687cf7c5125: port 2(vethfa1135d) entered disabled state\""}
2023-12-12T13:00:44+00:00	fluent.warn	{"data":"<6>Dec 12 12:59:44 RArouter kernel: device vethfa1135d entered promiscuous mode","message":"failed to parse message data=\"<6>Dec 12 12:59:44 RArouter kernel: device vethfa1135d entered promiscuous mode\""}
2023-12-12T13:00:44+00:00	fluent.warn	{"data":"<6>Dec 12 12:59:44 RArouter kernel: br-d687cf7c5125: port 2(vethfa1135d) entered blocking state","message":"failed to parse message data=\"<6>Dec 12 12:59:44 RArouter kernel: br-d687cf7c5125: port 2(vethfa1135d) entered blocking state\""}
2023-12-12T13:00:44+00:00	fluent.warn	{"data":"<6>Dec 12 12:59:44 RArouter kernel: br-d687cf7c5125: port 2(vethfa1135d) entered forwarding state","message":"failed to parse message data=\"<6>Dec 12 12:59:44 RArouter kernel: br-d687cf7c5125: port 2(vethfa1135d) entered forwarding state\""}
2023-12-12T13:00:44+00:00	fluent.warn	{"data":"<6>Dec 12 12:59:44 RArouter kernel: br-b22a70d16f94: port 2(vethfa96203) entered blocking state","message":"failed to parse message data=\"<6>Dec 12 12:59:44 RArouter kernel: br-b22a70d16f94: port 2(vethfa96203) entered blocking state\""}
2023-12-12T13:00:44+00:00	fluent.warn	{"data":"<6>Dec 12 12:59:44 RArouter kernel: br-b22a70d16f94: port 2(vethfa96203) entered disabled state","message":"failed to parse message data=\"<6>Dec 12 12:59:44 RArouter kernel: br-b22a70d16f94: port 2(vethfa96203) entered disabled state\""}
2023-12-12T13:00:44+00:00	fluent.warn	{"data":"<6>Dec 12 12:59:44 RArouter kernel: device vethfa96203 entered promiscuous mode","message":"failed to parse message data=\"<6>Dec 12 12:59:44 RArouter kernel: device vethfa96203 entered promiscuous mode\""}
2023-12-12T13:00:44+00:00	fluent.warn	{"data":"<6>Dec 12 12:59:44 RArouter kernel: br-b22a70d16f94: port 2(vethfa96203) entered blocking state","message":"failed to parse message data=\"<6>Dec 12 12:59:44 RArouter kernel: br-b22a70d16f94: port 2(vethfa96203) entered blocking state\""}
2023-12-12T13:00:44+00:00	fluent.warn	{"data":"<6>Dec 12 12:59:44 RArouter kernel: br-b22a70d16f94: port 2(vethfa96203) entered forwarding state","message":"failed to parse message data=\"<6>Dec 12 12:59:44 RArouter kernel: br-b22a70d16f94: port 2(vethfa96203) entered forwarding state\""}
2023-12-12T13:00:44+00:00	fluent.warn	{"data":"<29>Dec 12 12:59:44 RArouter watchfrr[40]: [T83RR-8SM5G] watchfrr 8.1 starting: vty@0","message":"failed to parse message data=\"<29>Dec 12 12:59:44 RArouter watchfrr[40]: [T83RR-8SM5G] watchfrr 8.1 starting: vty@0\""}
2023-12-12T13:00:44+00:00	fluent.warn	{"data":"<30>Dec 12 12:59:44 RArouter watchfrr[40]: [ZCJ3S-SPH5S] zebra state -> down : initial connection attempt failed","message":"failed to parse message data=\"<30>Dec 12 12:59:44 RArouter watchfrr[40]: [ZCJ3S-SPH5S] zebra state -> down : initial connection attempt failed\""}
2023-12-12T13:00:44+00:00	fluent.warn	{"data":"<30>Dec 12 12:59:44 RArouter watchfrr[40]: [ZCJ3S-SPH5S] bgpd state -> down : initial connection attempt failed","message":"failed to parse message data=\"<30>Dec 12 12:59:44 RArouter watchfrr[40]: [ZCJ3S-SPH5S] bgpd state -> down : initial connection attempt failed\""}
2023-12-12T13:00:44+00:00	fluent.warn	{"data":"<30>Dec 12 12:59:44 RArouter watchfrr[40]: [ZCJ3S-SPH5S] ospfd state -> down : initial connection attempt failed","message":"failed to parse message data=\"<30>Dec 12 12:59:44 RArouter watchfrr[40]: [ZCJ3S-SPH5S] ospfd state -> down : initial connection attempt failed\""}
2023-12-12T13:00:44+00:00	fluent.warn	{"data":"<30>Dec 12 12:59:44 RArouter watchfrr[40]: [ZCJ3S-SPH5S] staticd state -> down : initial connection attempt failed","message":"failed to parse message data=\"<30>Dec 12 12:59:44 RArouter watchfrr[40]: [ZCJ3S-SPH5S] staticd state -> down : initial connection attempt failed\""}
2023-12-12T13:00:44+00:00	fluent.warn	{"data":"<30>Dec 12 12:59:44 RArouter watchfrr[40]: [YFT0P-5Q5YX] Forked background command [pid 41]: /usr/lib/frr/watchfrr.sh restart all","message":"failed to parse message data=\"<30>Dec 12 12:59:44 RArouter watchfrr[40]: [YFT0P-5Q5YX] Forked background command [pid 41]: /usr/lib/frr/watchfrr.sh restart all\""}
2023-12-12T13:00:44+00:00	fluent.warn	{"data":"<27>Dec 12 12:59:45 RArouter watchfrr.sh[50]: Cannot stop staticd: pid file not found","message":"failed to parse message data=\"<27>Dec 12 12:59:45 RArouter watchfrr.sh[50]: Cannot stop staticd: pid file not found\""}
2023-12-12T13:00:44+00:00	fluent.warn	{"data":"<27>Dec 12 12:59:45 RArouter watchfrr.sh[55]: Cannot stop bgpd: pid file not found","message":"failed to parse message data=\"<27>Dec 12 12:59:45 RArouter watchfrr.sh[55]: Cannot stop bgpd: pid file not found\""}
2023-12-12T13:00:44+00:00	fluent.warn	{"data":"<27>Dec 12 12:59:45 RArouter watchfrr.sh[57]: Cannot stop zebra: pid file not found","message":"failed to parse message data=\"<27>Dec 12 12:59:45 RArouter watchfrr.sh[57]: Cannot stop zebra: pid file not found\""}
2023-12-12T13:00:44+00:00	fluent.warn	{"data":"<27>Dec 12 12:59:45 RArouter watchfrr.sh[53]: Cannot stop ospfd: pid file not found","message":"failed to parse message data=\"<27>Dec 12 12:59:45 RArouter watchfrr.sh[53]: Cannot stop ospfd: pid file not found\""}
2023-12-12T13:00:44+00:00	fluent.warn	{"data":"<6>Dec 12 12:59:45 RArouter kernel: br-339a04ffe990: port 2(vethfac3cf6) entered disabled state","message":"failed to parse message data=\"<6>Dec 12 12:59:45 RArouter kernel: br-339a04ffe990: port 2(vethfac3cf6) entered disabled state\""}
2023-12-12T13:00:44+00:00	fluent.warn	{"data":"<6>Dec 12 12:59:45 RArouter kernel: br-b15dec8d1f12: port 2(vethd31305c) entered disabled state","message":"failed to parse message data=\"<6>Dec 12 12:59:45 RArouter kernel: br-b15dec8d1f12: port 2(vethd31305c) entered disabled state\""}
2023-12-12T13:00:44+00:00	fluent.warn	{"data":"<6>Dec 12 12:59:45 RArouter kernel: br-d687cf7c5125: port 2(vethfa1135d) entered disabled state","message":"failed to parse message data=\"<6>Dec 12 12:59:45 RArouter kernel: br-d687cf7c5125: port 2(vethfa1135d) entered disabled state\""}
2023-12-12T13:00:44+00:00	fluent.warn	{"data":"<6>Dec 12 12:59:45 RArouter kernel: br-b22a70d16f94: port 2(vethfa96203) entered disabled state","message":"failed to parse message data=\"<6>Dec 12 12:59:45 RArouter kernel: br-b22a70d16f94: port 2(vethfa96203) entered disabled state\""}
2023-12-12T13:00:44+00:00	fluent.warn	{"data":"<6>Dec 12 12:59:46 RArouter kernel: eth0: renamed from veth6d4b950","message":"failed to parse message data=\"<6>Dec 12 12:59:46 RArouter kernel: eth0: renamed from veth6d4b950\""}
2023-12-12T13:00:44+00:00	fluent.warn	{"data":"<6>Dec 12 12:59:46 RArouter kernel: IPv6: ADDRCONF(NETDEV_CHANGE): vethd31305c: link becomes ready","message":"failed to parse message data=\"<6>Dec 12 12:59:46 RArouter kernel: IPv6: ADDRCONF(NETDEV_CHANGE): vethd31305c: link becomes ready\""}
2023-12-12T13:00:44+00:00	fluent.warn	{"data":"<6>Dec 12 12:59:46 RArouter kernel: br-b15dec8d1f12: port 2(vethd31305c) entered blocking state","message":"failed to parse message data=\"<6>Dec 12 12:59:46 RArouter kernel: br-b15dec8d1f12: port 2(vethd31305c) entered blocking state\""}
2023-12-12T13:00:44+00:00	fluent.warn	{"data":"<6>Dec 12 12:59:46 RArouter kernel: br-b15dec8d1f12: port 2(vethd31305c) entered forwarding state","message":"failed to parse message data=\"<6>Dec 12 12:59:46 RArouter kernel: br-b15dec8d1f12: port 2(vethd31305c) entered forwarding state\""}
2023-12-12T13:00:44+00:00	fluent.warn	{"data":"<6>Dec 12 12:59:46 RArouter kernel: eth0: renamed from veth670877b","message":"failed to parse message data=\"<6>Dec 12 12:59:46 RArouter kernel: eth0: renamed from veth670877b\""}
2023-12-12T13:00:44+00:00	fluent.warn	{"data":"<6>Dec 12 12:59:46 RArouter kernel: IPv6: ADDRCONF(NETDEV_CHANGE): vethfa1135d: link becomes ready","message":"failed to parse message data=\"<6>Dec 12 12:59:46 RArouter kernel: IPv6: ADDRCONF(NETDEV_CHANGE): vethfa1135d: link becomes ready\""}
2023-12-12T13:00:44+00:00	fluent.warn	{"data":"<6>Dec 12 12:59:46 RArouter kernel: br-d687cf7c5125: port 2(vethfa1135d) entered blocking state","message":"failed to parse message data=\"<6>Dec 12 12:59:46 RArouter kernel: br-d687cf7c5125: port 2(vethfa1135d) entered blocking state\""}
2023-12-12T13:00:44+00:00	fluent.warn	{"data":"<6>Dec 12 12:59:46 RArouter kernel: br-d687cf7c5125: port 2(vethfa1135d) entered forwarding state","message":"failed to parse message data=\"<6>Dec 12 12:59:46 RArouter kernel: br-d687cf7c5125: port 2(vethfa1135d) entered forwarding state\""}
2023-12-12T13:00:44+00:00	fluent.warn	{"data":"<6>Dec 12 12:59:46 RArouter kernel: eth0: renamed from vethc134488","message":"failed to parse message data=\"<6>Dec 12 12:59:46 RArouter kernel: eth0: renamed from vethc134488\""}
2023-12-12T13:00:44+00:00	fluent.warn	{"data":"<6>Dec 12 12:59:47 RArouter kernel: IPv6: ADDRCONF(NETDEV_CHANGE): vethfa96203: link becomes ready","message":"failed to parse message data=\"<6>Dec 12 12:59:47 RArouter kernel: IPv6: ADDRCONF(NETDEV_CHANGE): vethfa96203: link becomes ready\""}
2023-12-12T13:00:44+00:00	fluent.warn	{"data":"<6>Dec 12 12:59:47 RArouter kernel: br-b22a70d16f94: port 2(vethfa96203) entered blocking state","message":"failed to parse message data=\"<6>Dec 12 12:59:47 RArouter kernel: br-b22a70d16f94: port 2(vethfa96203) entered blocking state\""}
2023-12-12T13:00:44+00:00	fluent.warn	{"data":"<6>Dec 12 12:59:47 RArouter kernel: br-b22a70d16f94: port 2(vethfa96203) entered forwarding state","message":"failed to parse message data=\"<6>Dec 12 12:59:47 RArouter kernel: br-b22a70d16f94: port 2(vethfa96203) entered forwarding state\""}
2023-12-12T13:00:44+00:00	fluent.warn	{"data":"<6>Dec 12 12:59:47 RArouter kernel: eth0: renamed from veth55573cc","message":"failed to parse message data=\"<6>Dec 12 12:59:47 RArouter kernel: eth0: renamed from veth55573cc\""}
2023-12-12T13:00:44+00:00	fluent.warn	{"data":"<6>Dec 12 12:59:48 RArouter kernel: IPv6: ADDRCONF(NETDEV_CHANGE): vethfac3cf6: link becomes ready","message":"failed to parse message data=\"<6>Dec 12 12:59:48 RArouter kernel: IPv6: ADDRCONF(NETDEV_CHANGE): vethfac3cf6: link becomes ready\""}
2023-12-12T13:00:44+00:00	fluent.warn	{"data":"<6>Dec 12 12:59:48 RArouter kernel: br-339a04ffe990: port 2(vethfac3cf6) entered blocking state","message":"failed to parse message data=\"<6>Dec 12 12:59:48 RArouter kernel: br-339a04ffe990: port 2(vethfac3cf6) entered blocking state\""}
2023-12-12T13:00:44+00:00	fluent.warn	{"data":"<6>Dec 12 12:59:48 RArouter kernel: br-339a04ffe990: port 2(vethfac3cf6) entered forwarding state","message":"failed to parse message data=\"<6>Dec 12 12:59:48 RArouter kernel: br-339a04ffe990: port 2(vethfac3cf6) entered forwarding state\""}
2023-12-12T13:00:44+00:00	fluent.warn	{"data":"<30>Dec 12 12:59:48 RArouter zebra[59]: [VTVCM-Y2NW3] Configuration Read in Took: 00:00:00","message":"failed to parse message data=\"<30>Dec 12 12:59:48 RArouter zebra[59]: [VTVCM-Y2NW3] Configuration Read in Took: 00:00:00\""}
2023-12-12T13:00:44+00:00	fluent.warn	{"data":"<30>Dec 12 12:59:48 RArouter ospfd[71]: [VTVCM-Y2NW3] Configuration Read in Took: 00:00:00","message":"failed to parse message data=\"<30>Dec 12 12:59:48 RArouter ospfd[71]: [VTVCM-Y2NW3] Configuration Read in Took: 00:00:00\""}
2023-12-12T13:00:44+00:00	fluent.warn	{"data":"<30>Dec 12 12:59:48 RArouter bgpd[64]: [VTVCM-Y2NW3] Configuration Read in Took: 00:00:00","message":"failed to parse message data=\"<30>Dec 12 12:59:48 RArouter bgpd[64]: [VTVCM-Y2NW3] Configuration Read in Took: 00:00:00\""}
2023-12-12T13:00:44+00:00	fluent.warn	{"data":"<30>Dec 12 12:59:48 RArouter staticd[74]: [VTVCM-Y2NW3] Configuration Read in Took: 00:00:00","message":"failed to parse message data=\"<30>Dec 12 12:59:48 RArouter staticd[74]: [VTVCM-Y2NW3] Configuration Read in Took: 00:00:00\""}
2023-12-12T13:00:44+00:00	fluent.warn	{"data":"<29>Dec 12 12:59:48 RArouter watchfrr[40]: [QDG3Y-BY5TN] zebra state -> up : connect succeeded","message":"failed to parse message data=\"<29>Dec 12 12:59:48 RArouter watchfrr[40]: [QDG3Y-BY5TN] zebra state -> up : connect succeeded\""}
2023-12-12T13:00:44+00:00	fluent.warn	{"data":"<29>Dec 12 12:59:48 RArouter watchfrr[40]: [QDG3Y-BY5TN] bgpd state -> up : connect succeeded","message":"failed to parse message data=\"<29>Dec 12 12:59:48 RArouter watchfrr[40]: [QDG3Y-BY5TN] bgpd state -> up : connect succeeded\""}
2023-12-12T13:00:44+00:00	fluent.warn	{"data":"<29>Dec 12 12:59:48 RArouter watchfrr[40]: [QDG3Y-BY5TN] ospfd state -> up : connect succeeded","message":"failed to parse message data=\"<29>Dec 12 12:59:48 RArouter watchfrr[40]: [QDG3Y-BY5TN] ospfd state -> up : connect succeeded\""}
2023-12-12T13:00:44+00:00	fluent.warn	{"data":"<29>Dec 12 12:59:48 RArouter watchfrr[40]: [QDG3Y-BY5TN] staticd state -> up : connect succeeded","message":"failed to parse message data=\"<29>Dec 12 12:59:48 RArouter watchfrr[40]: [QDG3Y-BY5TN] staticd state -> up : connect succeeded\""}
2023-12-12T13:00:44+00:00	fluent.warn	{"data":"<29>Dec 12 12:59:48 RArouter watchfrr[40]: [KWE5Q-QNGFC] all daemons up, doing startup-complete notify","message":"failed to parse message data=\"<29>Dec 12 12:59:48 RArouter watchfrr[40]: [KWE5Q-QNGFC] all daemons up, doing startup-complete notify\""}
2023-12-12T13:00:44+00:00	fluent.warn	{"data":"<30>Dec 12 13:00:29 RArouter ospfd[71]: [S5PCG-77H23] Packet[DD]: Neighbor 10.3.0.10 Negotiation done (Master).","message":"failed to parse message data=\"<30>Dec 12 13:00:29 RArouter ospfd[71]: [S5PCG-77H23] Packet[DD]: Neighbor 10.3.0.10 Negotiation done (Master).\""}
2023-12-12T13:00:44+00:00	fluent.warn	{"data":"<45>Dec 12 13:00:44 RArouter syslog-ng[17]: Syslog connection established; fd='5', server='AF_INET(10.200.0.2:5140)', local='AF_INET(0.0.0.0:0)'","message":"failed to parse message data=\"<45>Dec 12 13:00:44 RArouter syslog-ng[17]: Syslog connection established; fd='5', server='AF_INET(10.200.0.2:5140)', local='AF_INET(0.0.0.0:0)'\""}
2023-12-12T13:03:17+00:00	fluent.warn	{"data":"<6>Dec 12 13:03:17 RArouter kernel: hv_utils: TimeSync IC version 4.0","message":"failed to parse message data=\"<6>Dec 12 13:03:17 RArouter kernel: hv_utils: TimeSync IC version 4.0\""}
