2024-04-05T13:59:45+00:00	fluent.info	{"pid":14,"ppid":7,"worker":0,"message":"starting fluentd worker pid=14 ppid=7 worker=0"}
2024-04-05T13:59:45+00:00	fluent.info	{"message":"listening syslog socket on 0.0.0.0:5140 with tcp"}
2024-04-05T13:59:45+00:00	fluent.info	{"port":24224,"bind":"0.0.0.0","message":"listening port port=24224 bind=\"0.0.0.0\""}
2024-04-05T13:59:45+00:00	fluent.info	{"worker":0,"message":"fluentd worker is now running worker=0"}
2024-04-05T13:59:36+00:00	servidor	{"container_id":"5b1447909e5e7f2e60c02a1b15d4fc870da3b5c95f2d7d71336877adbeba0f92","container_name":"/newenvironment_servidor_1","source":"stdout","log":"Reading package lists..."}
2024-04-05T13:59:37+00:00	servidor	{"log":"Building dependency tree...","container_id":"5b1447909e5e7f2e60c02a1b15d4fc870da3b5c95f2d7d71336877adbeba0f92","container_name":"/newenvironment_servidor_1","source":"stdout"}
2024-04-05T13:59:37+00:00	servidor	{"container_id":"5b1447909e5e7f2e60c02a1b15d4fc870da3b5c95f2d7d71336877adbeba0f92","container_name":"/newenvironment_servidor_1","source":"stdout","log":"Reading state information..."}
2024-04-05T13:59:38+00:00	servidor	{"container_id":"5b1447909e5e7f2e60c02a1b15d4fc870da3b5c95f2d7d71336877adbeba0f92","container_name":"/newenvironment_servidor_1","source":"stdout","log":"linux-headers-6.5.0-26-generic is already the newest version (6.5.0-26.26~22.04.1)."}
2024-04-05T13:59:38+00:00	servidor	{"source":"stdout","log":"0 upgraded, 0 newly installed, 0 to remove and 16 not upgraded.","container_id":"5b1447909e5e7f2e60c02a1b15d4fc870da3b5c95f2d7d71336877adbeba0f92","container_name":"/newenvironment_servidor_1"}
2024-04-05T13:59:24+00:00	routerB	{"source":"stdout","log":" * Starting system logging syslog-ng","container_id":"23f5700cf2110611bae50a9e8bfa4dcccd48353478a31ff89794aa1a80a66843","container_name":"/newenvironment_rb_router_1"}
2024-04-05T13:59:27+00:00	routerB	{"container_name":"/newenvironment_rb_router_1","source":"stderr","log":"[2024-04-05T13:59:27.735935] WARNING: Configuration file format is too old, syslog-ng is running in compatibility mode. Please update it to use the syslog-ng 3.35 format at your time of convenience. To upgrade the configuration, please review the warnings about incompatible changes printed by syslog-ng, and once completed change the @version header at the top of the configuration file; config-version='3.27'","container_id":"23f5700cf2110611bae50a9e8bfa4dcccd48353478a31ff89794aa1a80a66843"}
2024-04-05T13:59:36+00:00	routerB	{"log":"[2024-04-05T13:59:36.400987] WARNING: The internal_queue_length stat counter has been renamed to internal_source.queued. The old name will be removed in future versions; config-version='3.27'","container_id":"23f5700cf2110611bae50a9e8bfa4dcccd48353478a31ff89794aa1a80a66843","container_name":"/newenvironment_rb_router_1","source":"stderr"}
2024-04-05T13:59:36+00:00	routerB	{"source":"stdout","log":"   ...done.","container_id":"23f5700cf2110611bae50a9e8bfa4dcccd48353478a31ff89794aa1a80a66843","container_name":"/newenvironment_rb_router_1"}
2024-04-05T13:59:37+00:00	routerB	{"log":"2024/04/05 13:59:37 WATCHFRR: [ZG9QC-QRCJZ] failed to mkdir \"/var/tmp/frr/watchfrr.31\": File exists","container_id":"23f5700cf2110611bae50a9e8bfa4dcccd48353478a31ff89794aa1a80a66843","container_name":"/newenvironment_rb_router_1","source":"stderr"}
2024-04-05T13:59:37+00:00	routerB	{"container_id":"23f5700cf2110611bae50a9e8bfa4dcccd48353478a31ff89794aa1a80a66843","container_name":"/newenvironment_rb_router_1","source":"stderr","log":"2024/04/05 13:59:37 WATCHFRR: [M1DC0-ZDNYJ] crashlog and per-thread log buffering unavailable!"}
2024-04-05T13:59:41+00:00	routerB	{"container_name":"/newenvironment_rb_router_1","source":"stdout","log":" * Started watchfrr","container_id":"23f5700cf2110611bae50a9e8bfa4dcccd48353478a31ff89794aa1a80a66843"}
2024-04-05T13:59:42+00:00	routerB	{"container_id":"23f5700cf2110611bae50a9e8bfa4dcccd48353478a31ff89794aa1a80a66843","container_name":"/newenvironment_rb_router_1","source":"stdout","log":""}
2024-04-05T13:59:42+00:00	routerB	{"log":"Hello, this is FRRouting (version 8.1).","container_id":"23f5700cf2110611bae50a9e8bfa4dcccd48353478a31ff89794aa1a80a66843","container_name":"/newenvironment_rb_router_1","source":"stdout"}
2024-04-05T13:59:42+00:00	routerB	{"source":"stdout","log":"Copyright 1996-2005 Kunihiro Ishiguro, et al.","container_id":"23f5700cf2110611bae50a9e8bfa4dcccd48353478a31ff89794aa1a80a66843","container_name":"/newenvironment_rb_router_1"}
2024-04-05T13:59:42+00:00	routerB	{"container_id":"23f5700cf2110611bae50a9e8bfa4dcccd48353478a31ff89794aa1a80a66843","container_name":"/newenvironment_rb_router_1","source":"stdout","log":""}
2024-04-05T13:59:42+00:00	routerB	{"container_name":"/newenvironment_rb_router_1","source":"stdout","log":"RBrouter# conf t","container_id":"23f5700cf2110611bae50a9e8bfa4dcccd48353478a31ff89794aa1a80a66843"}
2024-04-05T13:59:42+00:00	routerB	{"log":"RBrouter(config)# router ospf ","container_id":"23f5700cf2110611bae50a9e8bfa4dcccd48353478a31ff89794aa1a80a66843","container_name":"/newenvironment_rb_router_1","source":"stdout"}
2024-04-05T13:59:42+00:00	routerB	{"container_name":"/newenvironment_rb_router_1","source":"stdout","log":"RBrouter(config-router)# network 10.1.0.0/24 area 0","container_id":"23f5700cf2110611bae50a9e8bfa4dcccd48353478a31ff89794aa1a80a66843"}
2024-04-05T13:59:42+00:00	routerB	{"container_name":"/newenvironment_rb_router_1","source":"stdout","log":"RBrouter(config-router)# network 10.2.0.0/24 area 0","container_id":"23f5700cf2110611bae50a9e8bfa4dcccd48353478a31ff89794aa1a80a66843"}
2024-04-05T13:59:24+00:00	routerC	{"container_name":"/newenvironment_rc_router_1","source":"stdout","log":" * Starting system logging syslog-ng","container_id":"f4a1741960428cc380a9d6884a63d186d2799dd4a2c80e726e0d3076082f8a01"}
2024-04-05T13:59:27+00:00	routerC	{"source":"stderr","log":"[2024-04-05T13:59:27.735935] WARNING: Configuration file format is too old, syslog-ng is running in compatibility mode. Please update it to use the syslog-ng 3.35 format at your time of convenience. To upgrade the configuration, please review the warnings about incompatible changes printed by syslog-ng, and once completed change the @version header at the top of the configuration file; config-version='3.27'","container_id":"f4a1741960428cc380a9d6884a63d186d2799dd4a2c80e726e0d3076082f8a01","container_name":"/newenvironment_rc_router_1"}
2024-04-05T13:59:36+00:00	routerC	{"container_name":"/newenvironment_rc_router_1","source":"stderr","log":"[2024-04-05T13:59:36.386304] WARNING: The internal_queue_length stat counter has been renamed to internal_source.queued. The old name will be removed in future versions; config-version='3.27'","container_id":"f4a1741960428cc380a9d6884a63d186d2799dd4a2c80e726e0d3076082f8a01"}
2024-04-05T13:59:36+00:00	routerC	{"container_name":"/newenvironment_rc_router_1","source":"stdout","log":"   ...done.","container_id":"f4a1741960428cc380a9d6884a63d186d2799dd4a2c80e726e0d3076082f8a01"}
2024-04-05T13:59:37+00:00	routerC	{"container_name":"/newenvironment_rc_router_1","source":"stderr","log":"2024/04/05 13:59:37 WATCHFRR: [ZG9QC-QRCJZ] failed to mkdir \"/var/tmp/frr/watchfrr.31\": File exists","container_id":"f4a1741960428cc380a9d6884a63d186d2799dd4a2c80e726e0d3076082f8a01"}
2024-04-05T13:59:37+00:00	routerC	{"log":"2024/04/05 13:59:37 WATCHFRR: [M1DC0-ZDNYJ] crashlog and per-thread log buffering unavailable!","container_id":"f4a1741960428cc380a9d6884a63d186d2799dd4a2c80e726e0d3076082f8a01","container_name":"/newenvironment_rc_router_1","source":"stderr"}
2024-04-05T13:59:41+00:00	routerC	{"container_id":"f4a1741960428cc380a9d6884a63d186d2799dd4a2c80e726e0d3076082f8a01","container_name":"/newenvironment_rc_router_1","source":"stdout","log":" * Started watchfrr"}
2024-04-05T13:59:42+00:00	routerC	{"log":"","container_id":"f4a1741960428cc380a9d6884a63d186d2799dd4a2c80e726e0d3076082f8a01","container_name":"/newenvironment_rc_router_1","source":"stdout"}
2024-04-05T13:59:42+00:00	routerC	{"source":"stdout","log":"Hello, this is FRRouting (version 8.1).","container_id":"f4a1741960428cc380a9d6884a63d186d2799dd4a2c80e726e0d3076082f8a01","container_name":"/newenvironment_rc_router_1"}
2024-04-05T13:59:42+00:00	routerC	{"container_name":"/newenvironment_rc_router_1","source":"stdout","log":"Copyright 1996-2005 Kunihiro Ishiguro, et al.","container_id":"f4a1741960428cc380a9d6884a63d186d2799dd4a2c80e726e0d3076082f8a01"}
2024-04-05T13:59:42+00:00	routerC	{"container_id":"f4a1741960428cc380a9d6884a63d186d2799dd4a2c80e726e0d3076082f8a01","container_name":"/newenvironment_rc_router_1","source":"stdout","log":""}
2024-04-05T13:59:42+00:00	routerC	{"log":"RCrouter# conf t","container_id":"f4a1741960428cc380a9d6884a63d186d2799dd4a2c80e726e0d3076082f8a01","container_name":"/newenvironment_rc_router_1","source":"stdout"}
2024-04-05T13:59:42+00:00	routerC	{"container_name":"/newenvironment_rc_router_1","source":"stdout","log":"RCrouter(config)# router ospf ","container_id":"f4a1741960428cc380a9d6884a63d186d2799dd4a2c80e726e0d3076082f8a01"}
2024-04-05T13:59:42+00:00	routerC	{"log":"RCrouter(config-router)# network 10.2.0.0/24 area 0","container_id":"f4a1741960428cc380a9d6884a63d186d2799dd4a2c80e726e0d3076082f8a01","container_name":"/newenvironment_rc_router_1","source":"stdout"}
2024-04-05T13:59:42+00:00	routerC	{"source":"stdout","log":"RCrouter(config-router)# network 10.0.1.0/24 area 0","container_id":"f4a1741960428cc380a9d6884a63d186d2799dd4a2c80e726e0d3076082f8a01","container_name":"/newenvironment_rc_router_1"}
2024-04-05T13:59:42+00:00	routerC	{"container_id":"f4a1741960428cc380a9d6884a63d186d2799dd4a2c80e726e0d3076082f8a01","container_name":"/newenvironment_rc_router_1","source":"stdout","log":"RCrouter(config-router)# network 10.0.2.0/24 area 0"}
2024-04-05T13:59:42+00:00	routerC	{"container_id":"f4a1741960428cc380a9d6884a63d186d2799dd4a2c80e726e0d3076082f8a01","container_name":"/newenvironment_rc_router_1","source":"stdout","log":"RCrouter(config-router)# end"}
2024-04-05T13:59:42+00:00	routerC	{"container_id":"f4a1741960428cc380a9d6884a63d186d2799dd4a2c80e726e0d3076082f8a01","container_name":"/newenvironment_rc_router_1","source":"stdout","log":"RCrouter# "}
2024-04-05T13:59:42+00:00	routerB	{"source":"stdout","log":"RBrouter(config-router)# network 10.3.0.0/24 area 0","container_id":"23f5700cf2110611bae50a9e8bfa4dcccd48353478a31ff89794aa1a80a66843","container_name":"/newenvironment_rb_router_1"}
2024-04-05T13:59:42+00:00	routerB	{"log":"RBrouter(config-router)# end","container_id":"23f5700cf2110611bae50a9e8bfa4dcccd48353478a31ff89794aa1a80a66843","container_name":"/newenvironment_rb_router_1","source":"stdout"}
2024-04-05T13:59:42+00:00	routerB	{"container_id":"23f5700cf2110611bae50a9e8bfa4dcccd48353478a31ff89794aa1a80a66843","container_name":"/newenvironment_rb_router_1","source":"stdout","log":"RBrouter# "}
2024-04-05T13:59:24+00:00	routerD	{"source":"stdout","log":" * Starting system logging syslog-ng","container_id":"9874445d3f774ca0efd2e9baf7db095fedbf67e311af9126e6a314cdc4aed052","container_name":"/newenvironment_rd_router_1"}
2024-04-05T13:59:27+00:00	routerD	{"container_id":"9874445d3f774ca0efd2e9baf7db095fedbf67e311af9126e6a314cdc4aed052","container_name":"/newenvironment_rd_router_1","source":"stderr","log":"[2024-04-05T13:59:27.735870] WARNING: Configuration file format is too old, syslog-ng is running in compatibility mode. Please update it to use the syslog-ng 3.35 format at your time of convenience. To upgrade the configuration, please review the warnings about incompatible changes printed by syslog-ng, and once completed change the @version header at the top of the configuration file; config-version='3.27'"}
2024-04-05T13:59:36+00:00	routerD	{"container_id":"9874445d3f774ca0efd2e9baf7db095fedbf67e311af9126e6a314cdc4aed052","container_name":"/newenvironment_rd_router_1","source":"stderr","log":"[2024-04-05T13:59:36.370927] WARNING: The internal_queue_length stat counter has been renamed to internal_source.queued. The old name will be removed in future versions; config-version='3.27'"}
2024-04-05T13:59:36+00:00	routerD	{"container_name":"/newenvironment_rd_router_1","source":"stdout","log":"   ...done.","container_id":"9874445d3f774ca0efd2e9baf7db095fedbf67e311af9126e6a314cdc4aed052"}
2024-04-05T13:59:37+00:00	routerD	{"container_name":"/newenvironment_rd_router_1","source":"stderr","log":"2024/04/05 13:59:37 WATCHFRR: [ZG9QC-QRCJZ] failed to mkdir \"/var/tmp/frr/watchfrr.31\": File exists","container_id":"9874445d3f774ca0efd2e9baf7db095fedbf67e311af9126e6a314cdc4aed052"}
2024-04-05T13:59:37+00:00	routerD	{"log":"2024/04/05 13:59:37 WATCHFRR: [M1DC0-ZDNYJ] crashlog and per-thread log buffering unavailable!","container_id":"9874445d3f774ca0efd2e9baf7db095fedbf67e311af9126e6a314cdc4aed052","container_name":"/newenvironment_rd_router_1","source":"stderr"}
2024-04-05T13:59:41+00:00	routerD	{"source":"stdout","log":" * Started watchfrr","container_id":"9874445d3f774ca0efd2e9baf7db095fedbf67e311af9126e6a314cdc4aed052","container_name":"/newenvironment_rd_router_1"}
2024-04-05T13:59:42+00:00	routerD	{"container_id":"9874445d3f774ca0efd2e9baf7db095fedbf67e311af9126e6a314cdc4aed052","container_name":"/newenvironment_rd_router_1","source":"stdout","log":""}
2024-04-05T13:59:42+00:00	routerD	{"container_name":"/newenvironment_rd_router_1","source":"stdout","log":"Hello, this is FRRouting (version 8.1).","container_id":"9874445d3f774ca0efd2e9baf7db095fedbf67e311af9126e6a314cdc4aed052"}
2024-04-05T13:59:42+00:00	routerD	{"log":"Copyright 1996-2005 Kunihiro Ishiguro, et al.","container_id":"9874445d3f774ca0efd2e9baf7db095fedbf67e311af9126e6a314cdc4aed052","container_name":"/newenvironment_rd_router_1","source":"stdout"}
2024-04-05T13:59:42+00:00	routerD	{"source":"stdout","log":"","container_id":"9874445d3f774ca0efd2e9baf7db095fedbf67e311af9126e6a314cdc4aed052","container_name":"/newenvironment_rd_router_1"}
2024-04-05T13:59:42+00:00	routerD	{"source":"stdout","log":"RDrouter# conf t","container_id":"9874445d3f774ca0efd2e9baf7db095fedbf67e311af9126e6a314cdc4aed052","container_name":"/newenvironment_rd_router_1"}
2024-04-05T13:59:42+00:00	routerD	{"container_id":"9874445d3f774ca0efd2e9baf7db095fedbf67e311af9126e6a314cdc4aed052","container_name":"/newenvironment_rd_router_1","source":"stdout","log":"RDrouter(config)# router ospf "}
2024-04-05T13:59:42+00:00	routerD	{"log":"RDrouter(config-router)# network 10.3.0.0/24 area 0","container_id":"9874445d3f774ca0efd2e9baf7db095fedbf67e311af9126e6a314cdc4aed052","container_name":"/newenvironment_rd_router_1","source":"stdout"}
2024-04-05T13:59:42+00:00	routerD	{"log":"RDrouter(config-router)# network 10.0.3.0/24 area 0","container_id":"9874445d3f774ca0efd2e9baf7db095fedbf67e311af9126e6a314cdc4aed052","container_name":"/newenvironment_rd_router_1","source":"stdout"}
2024-04-05T13:59:42+00:00	routerD	{"container_name":"/newenvironment_rd_router_1","source":"stdout","log":"RDrouter(config-router)# network 10.0.4.0/24 area 0","container_id":"9874445d3f774ca0efd2e9baf7db095fedbf67e311af9126e6a314cdc4aed052"}
2024-04-05T13:59:42+00:00	routerD	{"container_id":"9874445d3f774ca0efd2e9baf7db095fedbf67e311af9126e6a314cdc4aed052","container_name":"/newenvironment_rd_router_1","source":"stdout","log":"RDrouter(config-router)# end"}
2024-04-05T13:59:42+00:00	routerD	{"source":"stdout","log":"RDrouter# ","container_id":"9874445d3f774ca0efd2e9baf7db095fedbf67e311af9126e6a314cdc4aed052","container_name":"/newenvironment_rd_router_1"}
2024-04-05T13:59:24+00:00	routerA	{"source":"stdout","log":" * Starting system logging syslog-ng","container_id":"8320f7156754bac92d940659f70f6a01b8c56301068c456fa0fb07ae4854ee56","container_name":"/newenvironment_ra_router_1"}
2024-04-05T13:59:27+00:00	routerA	{"log":"[2024-04-05T13:59:27.735837] WARNING: Configuration file format is too old, syslog-ng is running in compatibility mode. Please update it to use the syslog-ng 3.35 format at your time of convenience. To upgrade the configuration, please review the warnings about incompatible changes printed by syslog-ng, and once completed change the @version header at the top of the configuration file; config-version='3.27'","container_id":"8320f7156754bac92d940659f70f6a01b8c56301068c456fa0fb07ae4854ee56","container_name":"/newenvironment_ra_router_1","source":"stderr"}
2024-04-05T13:59:36+00:00	routerA	{"container_name":"/newenvironment_ra_router_1","source":"stderr","log":"[2024-04-05T13:59:36.354780] WARNING: The internal_queue_length stat counter has been renamed to internal_source.queued. The old name will be removed in future versions; config-version='3.27'","container_id":"8320f7156754bac92d940659f70f6a01b8c56301068c456fa0fb07ae4854ee56"}
2024-04-05T13:59:36+00:00	routerA	{"log":"   ...done.","container_id":"8320f7156754bac92d940659f70f6a01b8c56301068c456fa0fb07ae4854ee56","container_name":"/newenvironment_ra_router_1","source":"stdout"}
2024-04-05T13:59:37+00:00	routerA	{"container_name":"/newenvironment_ra_router_1","source":"stderr","log":"2024/04/05 13:59:37 WATCHFRR: [ZG9QC-QRCJZ] failed to mkdir \"/var/tmp/frr/watchfrr.34\": File exists","container_id":"8320f7156754bac92d940659f70f6a01b8c56301068c456fa0fb07ae4854ee56"}
2024-04-05T13:59:37+00:00	routerA	{"container_id":"8320f7156754bac92d940659f70f6a01b8c56301068c456fa0fb07ae4854ee56","container_name":"/newenvironment_ra_router_1","source":"stderr","log":"2024/04/05 13:59:37 WATCHFRR: [M1DC0-ZDNYJ] crashlog and per-thread log buffering unavailable!"}
2024-04-05T13:59:41+00:00	routerA	{"container_id":"8320f7156754bac92d940659f70f6a01b8c56301068c456fa0fb07ae4854ee56","container_name":"/newenvironment_ra_router_1","source":"stdout","log":" * Started watchfrr"}
2024-04-05T13:59:42+00:00	routerA	{"source":"stdout","log":"","container_id":"8320f7156754bac92d940659f70f6a01b8c56301068c456fa0fb07ae4854ee56","container_name":"/newenvironment_ra_router_1"}
2024-04-05T13:59:42+00:00	routerA	{"source":"stdout","log":"Hello, this is FRRouting (version 8.1).","container_id":"8320f7156754bac92d940659f70f6a01b8c56301068c456fa0fb07ae4854ee56","container_name":"/newenvironment_ra_router_1"}
2024-04-05T13:59:42+00:00	routerA	{"container_id":"8320f7156754bac92d940659f70f6a01b8c56301068c456fa0fb07ae4854ee56","container_name":"/newenvironment_ra_router_1","source":"stdout","log":"Copyright 1996-2005 Kunihiro Ishiguro, et al."}
2024-04-05T13:59:42+00:00	routerA	{"container_id":"8320f7156754bac92d940659f70f6a01b8c56301068c456fa0fb07ae4854ee56","container_name":"/newenvironment_ra_router_1","source":"stdout","log":""}
2024-04-05T13:59:42+00:00	routerA	{"source":"stdout","log":"RArouter# conf t","container_id":"8320f7156754bac92d940659f70f6a01b8c56301068c456fa0fb07ae4854ee56","container_name":"/newenvironment_ra_router_1"}
2024-04-05T13:59:42+00:00	routerA	{"source":"stdout","log":"RArouter(config)# log file /shared-volume/frr/frrRouterA.log","container_id":"8320f7156754bac92d940659f70f6a01b8c56301068c456fa0fb07ae4854ee56","container_name":"/newenvironment_ra_router_1"}
2024-04-05T13:59:42+00:00	routerA	{"container_name":"/newenvironment_ra_router_1","source":"stdout","log":"can't open logfile /shared-volume/frr/frrRouterA.log","container_id":"8320f7156754bac92d940659f70f6a01b8c56301068c456fa0fb07ae4854ee56"}
2024-04-05T13:59:42+00:00	routerA	{"source":"stdout","log":"RArouter(config)# router ospf","container_id":"8320f7156754bac92d940659f70f6a01b8c56301068c456fa0fb07ae4854ee56","container_name":"/newenvironment_ra_router_1"}
2024-04-05T13:59:42+00:00	routerA	{"container_id":"8320f7156754bac92d940659f70f6a01b8c56301068c456fa0fb07ae4854ee56","container_name":"/newenvironment_ra_router_1","source":"stdout","log":"RArouter(config-router)# network 10.100.0.0/24 area 0"}
2024-04-05T13:59:42+00:00	routerA	{"container_id":"8320f7156754bac92d940659f70f6a01b8c56301068c456fa0fb07ae4854ee56","container_name":"/newenvironment_ra_router_1","source":"stdout","log":"RArouter(config-router)# network 10.200.0.0/24 area 0"}
2024-04-05T13:59:42+00:00	routerA	{"container_name":"/newenvironment_ra_router_1","source":"stdout","log":"RArouter(config-router)# network 10.1.0.0/24 area 0","container_id":"8320f7156754bac92d940659f70f6a01b8c56301068c456fa0fb07ae4854ee56"}
2024-04-05T13:59:42+00:00	routerA	{"container_id":"8320f7156754bac92d940659f70f6a01b8c56301068c456fa0fb07ae4854ee56","container_name":"/newenvironment_ra_router_1","source":"stdout","log":"RArouter(config-router)# end"}
2024-04-05T13:59:42+00:00	routerA	{"container_id":"8320f7156754bac92d940659f70f6a01b8c56301068c456fa0fb07ae4854ee56","container_name":"/newenvironment_ra_router_1","source":"stdout","log":"RArouter# "}
2024-04-05T14:00:36+00:00	fluent.warn	{"data":"<45>Apr  5 13:59:36 RArouter syslog-ng[16]: syslog-ng starting up; version='3.35.1'","message":"failed to parse message data=\"<45>Apr  5 13:59:36 RArouter syslog-ng[16]: syslog-ng starting up; version='3.35.1'\""}
2024-04-05T14:00:36+00:00	fluent.warn	{"data":"<43>Apr  5 13:59:36 RArouter syslog-ng[16]: Syslog connection failed; fd='15', server='AF_INET(10.200.0.2:5140)', error='Connection refused (111)', time_reopen='60'","message":"failed to parse message data=\"<43>Apr  5 13:59:36 RArouter syslog-ng[16]: Syslog connection failed; fd='15', server='AF_INET(10.200.0.2:5140)', error='Connection refused (111)', time_reopen='60'\""}
2024-04-05T14:00:36+00:00	fluent.warn	{"data":"<29>Apr  5 13:59:37 RArouter watchfrr[35]: [T83RR-8SM5G] watchfrr 8.1 starting: vty@0","message":"failed to parse message data=\"<29>Apr  5 13:59:37 RArouter watchfrr[35]: [T83RR-8SM5G] watchfrr 8.1 starting: vty@0\""}
2024-04-05T14:00:36+00:00	fluent.warn	{"data":"<30>Apr  5 13:59:37 RArouter watchfrr[35]: [ZCJ3S-SPH5S] zebra state -> down : initial connection attempt failed","message":"failed to parse message data=\"<30>Apr  5 13:59:37 RArouter watchfrr[35]: [ZCJ3S-SPH5S] zebra state -> down : initial connection attempt failed\""}
2024-04-05T14:00:36+00:00	fluent.warn	{"data":"<30>Apr  5 13:59:37 RArouter watchfrr[35]: [ZCJ3S-SPH5S] bgpd state -> down : initial connection attempt failed","message":"failed to parse message data=\"<30>Apr  5 13:59:37 RArouter watchfrr[35]: [ZCJ3S-SPH5S] bgpd state -> down : initial connection attempt failed\""}
2024-04-05T14:00:36+00:00	fluent.warn	{"data":"<30>Apr  5 13:59:37 RArouter watchfrr[35]: [ZCJ3S-SPH5S] ospfd state -> down : initial connection attempt failed","message":"failed to parse message data=\"<30>Apr  5 13:59:37 RArouter watchfrr[35]: [ZCJ3S-SPH5S] ospfd state -> down : initial connection attempt failed\""}
2024-04-05T14:00:36+00:00	fluent.warn	{"data":"<30>Apr  5 13:59:37 RArouter watchfrr[35]: [ZCJ3S-SPH5S] staticd state -> down : initial connection attempt failed","message":"failed to parse message data=\"<30>Apr  5 13:59:37 RArouter watchfrr[35]: [ZCJ3S-SPH5S] staticd state -> down : initial connection attempt failed\""}
2024-04-05T14:00:36+00:00	fluent.warn	{"data":"<30>Apr  5 13:59:37 RArouter watchfrr[35]: [YFT0P-5Q5YX] Forked background command [pid 36]: /usr/lib/frr/watchfrr.sh restart all","message":"failed to parse message data=\"<30>Apr  5 13:59:37 RArouter watchfrr[35]: [YFT0P-5Q5YX] Forked background command [pid 36]: /usr/lib/frr/watchfrr.sh restart all\""}
2024-04-05T14:00:36+00:00	fluent.warn	{"data":"<27>Apr  5 13:59:38 RArouter watchfrr.sh[50]: Cannot stop bgpd: pid 63 not running","message":"failed to parse message data=\"<27>Apr  5 13:59:38 RArouter watchfrr.sh[50]: Cannot stop bgpd: pid 63 not running\""}
2024-04-05T14:00:36+00:00	fluent.warn	{"data":"<27>Apr  5 13:59:38 RArouter watchfrr.sh[56]: Cannot stop staticd: pid 73 not running","message":"failed to parse message data=\"<27>Apr  5 13:59:38 RArouter watchfrr.sh[56]: Cannot stop staticd: pid 73 not running\""}
2024-04-05T14:00:36+00:00	fluent.warn	{"data":"<27>Apr  5 13:59:38 RArouter watchfrr.sh[52]: Cannot stop zebra: pid 58 not running","message":"failed to parse message data=\"<27>Apr  5 13:59:38 RArouter watchfrr.sh[52]: Cannot stop zebra: pid 58 not running\""}
2024-04-05T14:00:36+00:00	fluent.warn	{"data":"<27>Apr  5 13:59:38 RArouter watchfrr.sh[54]: Cannot stop ospfd: pid 70 not running","message":"failed to parse message data=\"<27>Apr  5 13:59:38 RArouter watchfrr.sh[54]: Cannot stop ospfd: pid 70 not running\""}
2024-04-05T14:00:36+00:00	fluent.warn	{"data":"<30>Apr  5 13:59:41 RArouter zebra[58]: [VTVCM-Y2NW3] Configuration Read in Took: 00:00:00","message":"failed to parse message data=\"<30>Apr  5 13:59:41 RArouter zebra[58]: [VTVCM-Y2NW3] Configuration Read in Took: 00:00:00\""}
2024-04-05T14:00:36+00:00	fluent.warn	{"data":"<30>Apr  5 13:59:41 RArouter ospfd[70]: [VTVCM-Y2NW3] Configuration Read in Took: 00:00:00","message":"failed to parse message data=\"<30>Apr  5 13:59:41 RArouter ospfd[70]: [VTVCM-Y2NW3] Configuration Read in Took: 00:00:00\""}
2024-04-05T14:00:36+00:00	fluent.warn	{"data":"<30>Apr  5 13:59:41 RArouter bgpd[63]: [VTVCM-Y2NW3] Configuration Read in Took: 00:00:00","message":"failed to parse message data=\"<30>Apr  5 13:59:41 RArouter bgpd[63]: [VTVCM-Y2NW3] Configuration Read in Took: 00:00:00\""}
2024-04-05T14:00:36+00:00	fluent.warn	{"data":"<30>Apr  5 13:59:41 RArouter staticd[73]: [VTVCM-Y2NW3] Configuration Read in Took: 00:00:00","message":"failed to parse message data=\"<30>Apr  5 13:59:41 RArouter staticd[73]: [VTVCM-Y2NW3] Configuration Read in Took: 00:00:00\""}
2024-04-05T14:00:36+00:00	fluent.warn	{"data":"<29>Apr  5 13:59:41 RArouter watchfrr[35]: [QDG3Y-BY5TN] zebra state -> up : connect succeeded","message":"failed to parse message data=\"<29>Apr  5 13:59:41 RArouter watchfrr[35]: [QDG3Y-BY5TN] zebra state -> up : connect succeeded\""}
2024-04-05T14:00:36+00:00	fluent.warn	{"data":"<29>Apr  5 13:59:41 RArouter watchfrr[35]: [QDG3Y-BY5TN] bgpd state -> up : connect succeeded","message":"failed to parse message data=\"<29>Apr  5 13:59:41 RArouter watchfrr[35]: [QDG3Y-BY5TN] bgpd state -> up : connect succeeded\""}
2024-04-05T14:00:36+00:00	fluent.warn	{"data":"<29>Apr  5 13:59:41 RArouter watchfrr[35]: [QDG3Y-BY5TN] ospfd state -> up : connect succeeded","message":"failed to parse message data=\"<29>Apr  5 13:59:41 RArouter watchfrr[35]: [QDG3Y-BY5TN] ospfd state -> up : connect succeeded\""}
2024-04-05T14:00:36+00:00	fluent.warn	{"data":"<29>Apr  5 13:59:41 RArouter watchfrr[35]: [QDG3Y-BY5TN] staticd state -> up : connect succeeded","message":"failed to parse message data=\"<29>Apr  5 13:59:41 RArouter watchfrr[35]: [QDG3Y-BY5TN] staticd state -> up : connect succeeded\""}
2024-04-05T14:00:36+00:00	fluent.warn	{"data":"<29>Apr  5 13:59:41 RArouter watchfrr[35]: [KWE5Q-QNGFC] all daemons up, doing startup-complete notify","message":"failed to parse message data=\"<29>Apr  5 13:59:41 RArouter watchfrr[35]: [KWE5Q-QNGFC] all daemons up, doing startup-complete notify\""}
2024-04-05T14:00:36+00:00	fluent.warn	{"data":"<30>Apr  5 14:00:27 RArouter ospfd[70]: [S5PCG-77H23] Packet[DD]: Neighbor 10.3.0.10 Negotiation done (Master).","message":"failed to parse message data=\"<30>Apr  5 14:00:27 RArouter ospfd[70]: [S5PCG-77H23] Packet[DD]: Neighbor 10.3.0.10 Negotiation done (Master).\""}
2024-04-05T14:00:36+00:00	fluent.warn	{"data":"<45>Apr  5 14:00:36 RArouter syslog-ng[16]: Syslog connection established; fd='20', server='AF_INET(10.200.0.2:5140)', local='AF_INET(0.0.0.0:0)'","message":"failed to parse message data=\"<45>Apr  5 14:00:36 RArouter syslog-ng[16]: Syslog connection established; fd='20', server='AF_INET(10.200.0.2:5140)', local='AF_INET(0.0.0.0:0)'\""}
2024-04-05T14:00:45+00:00	fluent.warn	{"data":"<45>Apr  5 13:59:36 RBrouter syslog-ng[16]: syslog-ng starting up; version='3.35.1'","message":"failed to parse message data=\"<45>Apr  5 13:59:36 RBrouter syslog-ng[16]: syslog-ng starting up; version='3.35.1'\""}
2024-04-05T14:00:45+00:00	fluent.warn	{"data":"<45>Apr  5 13:59:36 RCrouter syslog-ng[16]: syslog-ng starting up; version='3.35.1'","message":"failed to parse message data=\"<45>Apr  5 13:59:36 RCrouter syslog-ng[16]: syslog-ng starting up; version='3.35.1'\""}
2024-04-05T14:00:45+00:00	fluent.warn	{"data":"<29>Apr  5 13:59:37 RCrouter watchfrr[32]: [T83RR-8SM5G] watchfrr 8.1 starting: vty@0","message":"failed to parse message data=\"<29>Apr  5 13:59:37 RCrouter watchfrr[32]: [T83RR-8SM5G] watchfrr 8.1 starting: vty@0\""}
2024-04-05T14:00:45+00:00	fluent.warn	{"data":"<30>Apr  5 13:59:37 RCrouter watchfrr[32]: [ZCJ3S-SPH5S] zebra state -> down : initial connection attempt failed","message":"failed to parse message data=\"<30>Apr  5 13:59:37 RCrouter watchfrr[32]: [ZCJ3S-SPH5S] zebra state -> down : initial connection attempt failed\""}
2024-04-05T14:00:45+00:00	fluent.warn	{"data":"<30>Apr  5 13:59:37 RCrouter watchfrr[32]: [ZCJ3S-SPH5S] bgpd state -> down : initial connection attempt failed","message":"failed to parse message data=\"<30>Apr  5 13:59:37 RCrouter watchfrr[32]: [ZCJ3S-SPH5S] bgpd state -> down : initial connection attempt failed\""}
2024-04-05T14:00:45+00:00	fluent.warn	{"data":"<30>Apr  5 13:59:37 RCrouter watchfrr[32]: [ZCJ3S-SPH5S] ospfd state -> down : initial connection attempt failed","message":"failed to parse message data=\"<30>Apr  5 13:59:37 RCrouter watchfrr[32]: [ZCJ3S-SPH5S] ospfd state -> down : initial connection attempt failed\""}
2024-04-05T14:00:45+00:00	fluent.warn	{"data":"<30>Apr  5 13:59:37 RCrouter watchfrr[32]: [ZCJ3S-SPH5S] staticd state -> down : initial connection attempt failed","message":"failed to parse message data=\"<30>Apr  5 13:59:37 RCrouter watchfrr[32]: [ZCJ3S-SPH5S] staticd state -> down : initial connection attempt failed\""}
2024-04-05T14:00:45+00:00	fluent.warn	{"data":"<30>Apr  5 13:59:37 RCrouter watchfrr[32]: [YFT0P-5Q5YX] Forked background command [pid 33]: /usr/lib/frr/watchfrr.sh restart all","message":"failed to parse message data=\"<30>Apr  5 13:59:37 RCrouter watchfrr[32]: [YFT0P-5Q5YX] Forked background command [pid 33]: /usr/lib/frr/watchfrr.sh restart all\""}
2024-04-05T14:00:45+00:00	fluent.warn	{"data":"<27>Apr  5 13:59:38 RCrouter watchfrr.sh[53]: Cannot stop zebra: pid 55 not running","message":"failed to parse message data=\"<27>Apr  5 13:59:38 RCrouter watchfrr.sh[53]: Cannot stop zebra: pid 55 not running\""}
2024-04-05T14:00:45+00:00	fluent.warn	{"data":"<27>Apr  5 13:59:38 RCrouter watchfrr.sh[49]: Cannot stop staticd: pid 70 not running","message":"failed to parse message data=\"<27>Apr  5 13:59:38 RCrouter watchfrr.sh[49]: Cannot stop staticd: pid 70 not running\""}
2024-04-05T14:00:45+00:00	fluent.warn	{"data":"<27>Apr  5 13:59:38 RCrouter watchfrr.sh[47]: Cannot stop bgpd: pid 60 not running","message":"failed to parse message data=\"<27>Apr  5 13:59:38 RCrouter watchfrr.sh[47]: Cannot stop bgpd: pid 60 not running\""}
2024-04-05T14:00:45+00:00	fluent.warn	{"data":"<27>Apr  5 13:59:38 RCrouter watchfrr.sh[51]: Cannot stop ospfd: pid 67 not running","message":"failed to parse message data=\"<27>Apr  5 13:59:38 RCrouter watchfrr.sh[51]: Cannot stop ospfd: pid 67 not running\""}
2024-04-05T14:00:45+00:00	fluent.warn	{"data":"<45>Apr  5 13:59:36 RDrouter syslog-ng[16]: syslog-ng starting up; version='3.35.1'","message":"failed to parse message data=\"<45>Apr  5 13:59:36 RDrouter syslog-ng[16]: syslog-ng starting up; version='3.35.1'\""}
2024-04-05T14:00:45+00:00	fluent.warn	{"data":"<29>Apr  5 13:59:37 RDrouter watchfrr[32]: [T83RR-8SM5G] watchfrr 8.1 starting: vty@0","message":"failed to parse message data=\"<29>Apr  5 13:59:37 RDrouter watchfrr[32]: [T83RR-8SM5G] watchfrr 8.1 starting: vty@0\""}
2024-04-05T14:00:45+00:00	fluent.warn	{"data":"<30>Apr  5 13:59:37 RDrouter watchfrr[32]: [ZCJ3S-SPH5S] zebra state -> down : initial connection attempt failed","message":"failed to parse message data=\"<30>Apr  5 13:59:37 RDrouter watchfrr[32]: [ZCJ3S-SPH5S] zebra state -> down : initial connection attempt failed\""}
2024-04-05T14:00:45+00:00	fluent.warn	{"data":"<30>Apr  5 13:59:37 RDrouter watchfrr[32]: [ZCJ3S-SPH5S] bgpd state -> down : initial connection attempt failed","message":"failed to parse message data=\"<30>Apr  5 13:59:37 RDrouter watchfrr[32]: [ZCJ3S-SPH5S] bgpd state -> down : initial connection attempt failed\""}
2024-04-05T14:00:45+00:00	fluent.warn	{"data":"<30>Apr  5 13:59:37 RDrouter watchfrr[32]: [ZCJ3S-SPH5S] ospfd state -> down : initial connection attempt failed","message":"failed to parse message data=\"<30>Apr  5 13:59:37 RDrouter watchfrr[32]: [ZCJ3S-SPH5S] ospfd state -> down : initial connection attempt failed\""}
2024-04-05T14:00:45+00:00	fluent.warn	{"data":"<30>Apr  5 13:59:37 RDrouter watchfrr[32]: [ZCJ3S-SPH5S] staticd state -> down : initial connection attempt failed","message":"failed to parse message data=\"<30>Apr  5 13:59:37 RDrouter watchfrr[32]: [ZCJ3S-SPH5S] staticd state -> down : initial connection attempt failed\""}
2024-04-05T14:00:45+00:00	fluent.warn	{"data":"<30>Apr  5 13:59:37 RDrouter watchfrr[32]: [YFT0P-5Q5YX] Forked background command [pid 33]: /usr/lib/frr/watchfrr.sh restart all","message":"failed to parse message data=\"<30>Apr  5 13:59:37 RDrouter watchfrr[32]: [YFT0P-5Q5YX] Forked background command [pid 33]: /usr/lib/frr/watchfrr.sh restart all\""}
2024-04-05T14:00:45+00:00	fluent.warn	{"data":"<27>Apr  5 13:59:38 RDrouter watchfrr.sh[50]: Cannot stop zebra: pid 55 not running","message":"failed to parse message data=\"<27>Apr  5 13:59:38 RDrouter watchfrr.sh[50]: Cannot stop zebra: pid 55 not running\""}
2024-04-05T14:00:45+00:00	fluent.warn	{"data":"<27>Apr  5 13:59:38 RDrouter watchfrr.sh[47]: Cannot stop ospfd: pid 67 not running","message":"failed to parse message data=\"<27>Apr  5 13:59:38 RDrouter watchfrr.sh[47]: Cannot stop ospfd: pid 67 not running\""}
2024-04-05T14:00:45+00:00	fluent.warn	{"data":"<27>Apr  5 13:59:38 RDrouter watchfrr.sh[51]: Cannot stop bgpd: pid 60 not running","message":"failed to parse message data=\"<27>Apr  5 13:59:38 RDrouter watchfrr.sh[51]: Cannot stop bgpd: pid 60 not running\""}
2024-04-05T14:00:45+00:00	fluent.warn	{"data":"<27>Apr  5 13:59:38 RDrouter watchfrr.sh[53]: Cannot stop staticd: pid 70 not running","message":"failed to parse message data=\"<27>Apr  5 13:59:38 RDrouter watchfrr.sh[53]: Cannot stop staticd: pid 70 not running\""}
2024-04-05T14:00:45+00:00	fluent.warn	{"data":"<30>Apr  5 13:59:41 RDrouter zebra[55]: [VTVCM-Y2NW3] Configuration Read in Took: 00:00:00","message":"failed to parse message data=\"<30>Apr  5 13:59:41 RDrouter zebra[55]: [VTVCM-Y2NW3] Configuration Read in Took: 00:00:00\""}
2024-04-05T14:00:45+00:00	fluent.warn	{"data":"<30>Apr  5 13:59:41 RDrouter ospfd[67]: [VTVCM-Y2NW3] Configuration Read in Took: 00:00:00","message":"failed to parse message data=\"<30>Apr  5 13:59:41 RDrouter ospfd[67]: [VTVCM-Y2NW3] Configuration Read in Took: 00:00:00\""}
2024-04-05T14:00:45+00:00	fluent.warn	{"data":"<30>Apr  5 13:59:41 RDrouter bgpd[60]: [VTVCM-Y2NW3] Configuration Read in Took: 00:00:00","message":"failed to parse message data=\"<30>Apr  5 13:59:41 RDrouter bgpd[60]: [VTVCM-Y2NW3] Configuration Read in Took: 00:00:00\""}
2024-04-05T14:00:45+00:00	fluent.warn	{"data":"<30>Apr  5 13:59:41 RDrouter staticd[70]: [VTVCM-Y2NW3] Configuration Read in Took: 00:00:00","message":"failed to parse message data=\"<30>Apr  5 13:59:41 RDrouter staticd[70]: [VTVCM-Y2NW3] Configuration Read in Took: 00:00:00\""}
2024-04-05T14:00:45+00:00	fluent.warn	{"data":"<29>Apr  5 13:59:41 RDrouter watchfrr[32]: [QDG3Y-BY5TN] zebra state -> up : connect succeeded","message":"failed to parse message data=\"<29>Apr  5 13:59:41 RDrouter watchfrr[32]: [QDG3Y-BY5TN] zebra state -> up : connect succeeded\""}
2024-04-05T14:00:45+00:00	fluent.warn	{"data":"<29>Apr  5 13:59:41 RDrouter watchfrr[32]: [QDG3Y-BY5TN] bgpd state -> up : connect succeeded","message":"failed to parse message data=\"<29>Apr  5 13:59:41 RDrouter watchfrr[32]: [QDG3Y-BY5TN] bgpd state -> up : connect succeeded\""}
2024-04-05T14:00:45+00:00	fluent.warn	{"data":"<29>Apr  5 13:59:37 RBrouter watchfrr[32]: [T83RR-8SM5G] watchfrr 8.1 starting: vty@0","message":"failed to parse message data=\"<29>Apr  5 13:59:37 RBrouter watchfrr[32]: [T83RR-8SM5G] watchfrr 8.1 starting: vty@0\""}
2024-04-05T14:00:45+00:00	fluent.warn	{"data":"<30>Apr  5 13:59:37 RBrouter watchfrr[32]: [ZCJ3S-SPH5S] zebra state -> down : initial connection attempt failed","message":"failed to parse message data=\"<30>Apr  5 13:59:37 RBrouter watchfrr[32]: [ZCJ3S-SPH5S] zebra state -> down : initial connection attempt failed\""}
2024-04-05T14:00:45+00:00	fluent.warn	{"data":"<30>Apr  5 13:59:37 RBrouter watchfrr[32]: [ZCJ3S-SPH5S] bgpd state -> down : initial connection attempt failed","message":"failed to parse message data=\"<30>Apr  5 13:59:37 RBrouter watchfrr[32]: [ZCJ3S-SPH5S] bgpd state -> down : initial connection attempt failed\""}
2024-04-05T14:00:45+00:00	fluent.warn	{"data":"<30>Apr  5 13:59:37 RBrouter watchfrr[32]: [ZCJ3S-SPH5S] ospfd state -> down : initial connection attempt failed","message":"failed to parse message data=\"<30>Apr  5 13:59:37 RBrouter watchfrr[32]: [ZCJ3S-SPH5S] ospfd state -> down : initial connection attempt failed\""}
2024-04-05T14:00:45+00:00	fluent.warn	{"data":"<30>Apr  5 13:59:37 RBrouter watchfrr[32]: [ZCJ3S-SPH5S] staticd state -> down : initial connection attempt failed","message":"failed to parse message data=\"<30>Apr  5 13:59:37 RBrouter watchfrr[32]: [ZCJ3S-SPH5S] staticd state -> down : initial connection attempt failed\""}
2024-04-05T14:00:45+00:00	fluent.warn	{"data":"<30>Apr  5 13:59:37 RBrouter watchfrr[32]: [YFT0P-5Q5YX] Forked background command [pid 33]: /usr/lib/frr/watchfrr.sh restart all","message":"failed to parse message data=\"<30>Apr  5 13:59:37 RBrouter watchfrr[32]: [YFT0P-5Q5YX] Forked background command [pid 33]: /usr/lib/frr/watchfrr.sh restart all\""}
2024-04-05T14:00:45+00:00	fluent.warn	{"data":"<27>Apr  5 13:59:38 RBrouter watchfrr.sh[51]: Cannot stop zebra: pid 55 not running","message":"failed to parse message data=\"<27>Apr  5 13:59:38 RBrouter watchfrr.sh[51]: Cannot stop zebra: pid 55 not running\""}
2024-04-05T14:00:45+00:00	fluent.warn	{"data":"<27>Apr  5 13:59:38 RBrouter watchfrr.sh[49]: Cannot stop ospfd: pid 67 not running","message":"failed to parse message data=\"<27>Apr  5 13:59:38 RBrouter watchfrr.sh[49]: Cannot stop ospfd: pid 67 not running\""}
2024-04-05T14:00:45+00:00	fluent.warn	{"data":"<27>Apr  5 13:59:38 RBrouter watchfrr.sh[47]: Cannot stop staticd: pid 70 not running","message":"failed to parse message data=\"<27>Apr  5 13:59:38 RBrouter watchfrr.sh[47]: Cannot stop staticd: pid 70 not running\""}
2024-04-05T14:00:45+00:00	fluent.warn	{"data":"<27>Apr  5 13:59:38 RBrouter watchfrr.sh[53]: Cannot stop bgpd: pid 60 not running","message":"failed to parse message data=\"<27>Apr  5 13:59:38 RBrouter watchfrr.sh[53]: Cannot stop bgpd: pid 60 not running\""}
2024-04-05T14:00:45+00:00	fluent.warn	{"data":"<30>Apr  5 13:59:41 RBrouter zebra[57]: [VTVCM-Y2NW3] Configuration Read in Took: 00:00:00","message":"failed to parse message data=\"<30>Apr  5 13:59:41 RBrouter zebra[57]: [VTVCM-Y2NW3] Configuration Read in Took: 00:00:00\""}
2024-04-05T14:00:45+00:00	fluent.warn	{"data":"<30>Apr  5 13:59:41 RBrouter ospfd[69]: [VTVCM-Y2NW3] Configuration Read in Took: 00:00:00","message":"failed to parse message data=\"<30>Apr  5 13:59:41 RBrouter ospfd[69]: [VTVCM-Y2NW3] Configuration Read in Took: 00:00:00\""}
2024-04-05T14:00:45+00:00	fluent.warn	{"data":"<30>Apr  5 13:59:41 RBrouter bgpd[62]: [VTVCM-Y2NW3] Configuration Read in Took: 00:00:00","message":"failed to parse message data=\"<30>Apr  5 13:59:41 RBrouter bgpd[62]: [VTVCM-Y2NW3] Configuration Read in Took: 00:00:00\""}
2024-04-05T14:00:45+00:00	fluent.warn	{"data":"<30>Apr  5 13:59:41 RBrouter staticd[72]: [VTVCM-Y2NW3] Configuration Read in Took: 00:00:00","message":"failed to parse message data=\"<30>Apr  5 13:59:41 RBrouter staticd[72]: [VTVCM-Y2NW3] Configuration Read in Took: 00:00:00\""}
2024-04-05T14:00:45+00:00	fluent.warn	{"data":"<29>Apr  5 13:59:41 RBrouter watchfrr[32]: [QDG3Y-BY5TN] zebra state -> up : connect succeeded","message":"failed to parse message data=\"<29>Apr  5 13:59:41 RBrouter watchfrr[32]: [QDG3Y-BY5TN] zebra state -> up : connect succeeded\""}
2024-04-05T14:00:45+00:00	fluent.warn	{"data":"<29>Apr  5 13:59:41 RBrouter watchfrr[32]: [QDG3Y-BY5TN] bgpd state -> up : connect succeeded","message":"failed to parse message data=\"<29>Apr  5 13:59:41 RBrouter watchfrr[32]: [QDG3Y-BY5TN] bgpd state -> up : connect succeeded\""}
2024-04-05T14:00:45+00:00	fluent.warn	{"data":"<30>Apr  5 13:59:41 RCrouter zebra[55]: [VTVCM-Y2NW3] Configuration Read in Took: 00:00:00","message":"failed to parse message data=\"<30>Apr  5 13:59:41 RCrouter zebra[55]: [VTVCM-Y2NW3] Configuration Read in Took: 00:00:00\""}
2024-04-05T14:00:45+00:00	fluent.warn	{"data":"<30>Apr  5 13:59:41 RCrouter ospfd[67]: [VTVCM-Y2NW3] Configuration Read in Took: 00:00:00","message":"failed to parse message data=\"<30>Apr  5 13:59:41 RCrouter ospfd[67]: [VTVCM-Y2NW3] Configuration Read in Took: 00:00:00\""}
2024-04-05T14:00:45+00:00	fluent.warn	{"data":"<30>Apr  5 13:59:41 RCrouter bgpd[60]: [VTVCM-Y2NW3] Configuration Read in Took: 00:00:00","message":"failed to parse message data=\"<30>Apr  5 13:59:41 RCrouter bgpd[60]: [VTVCM-Y2NW3] Configuration Read in Took: 00:00:00\""}
2024-04-05T14:00:45+00:00	fluent.warn	{"data":"<30>Apr  5 13:59:41 RCrouter staticd[70]: [VTVCM-Y2NW3] Configuration Read in Took: 00:00:00","message":"failed to parse message data=\"<30>Apr  5 13:59:41 RCrouter staticd[70]: [VTVCM-Y2NW3] Configuration Read in Took: 00:00:00\""}
2024-04-05T14:00:45+00:00	fluent.warn	{"data":"<29>Apr  5 13:59:41 RCrouter watchfrr[32]: [QDG3Y-BY5TN] zebra state -> up : connect succeeded","message":"failed to parse message data=\"<29>Apr  5 13:59:41 RCrouter watchfrr[32]: [QDG3Y-BY5TN] zebra state -> up : connect succeeded\""}
2024-04-05T14:00:45+00:00	fluent.warn	{"data":"<29>Apr  5 13:59:41 RCrouter watchfrr[32]: [QDG3Y-BY5TN] bgpd state -> up : connect succeeded","message":"failed to parse message data=\"<29>Apr  5 13:59:41 RCrouter watchfrr[32]: [QDG3Y-BY5TN] bgpd state -> up : connect succeeded\""}
2024-04-05T14:00:45+00:00	fluent.warn	{"data":"<29>Apr  5 13:59:41 RDrouter watchfrr[32]: [QDG3Y-BY5TN] ospfd state -> up : connect succeeded","message":"failed to parse message data=\"<29>Apr  5 13:59:41 RDrouter watchfrr[32]: [QDG3Y-BY5TN] ospfd state -> up : connect succeeded\""}
2024-04-05T14:00:45+00:00	fluent.warn	{"data":"<29>Apr  5 13:59:41 RDrouter watchfrr[32]: [QDG3Y-BY5TN] staticd state -> up : connect succeeded","message":"failed to parse message data=\"<29>Apr  5 13:59:41 RDrouter watchfrr[32]: [QDG3Y-BY5TN] staticd state -> up : connect succeeded\""}
2024-04-05T14:00:45+00:00	fluent.warn	{"data":"<29>Apr  5 13:59:41 RDrouter watchfrr[32]: [KWE5Q-QNGFC] all daemons up, doing startup-complete notify","message":"failed to parse message data=\"<29>Apr  5 13:59:41 RDrouter watchfrr[32]: [KWE5Q-QNGFC] all daemons up, doing startup-complete notify\""}
2024-04-05T14:00:45+00:00	fluent.warn	{"data":"<30>Apr  5 14:00:27 RDrouter ospfd[67]: [S5PCG-77H23] Packet[DD]: Neighbor 10.3.0.10 Negotiation done (Master).","message":"failed to parse message data=\"<30>Apr  5 14:00:27 RDrouter ospfd[67]: [S5PCG-77H23] Packet[DD]: Neighbor 10.3.0.10 Negotiation done (Master).\""}
2024-04-05T14:00:45+00:00	fluent.warn	{"data":"<45>Apr  5 14:00:45 RDrouter syslog-ng[16]: Syslog connection established; fd='15', server='AF_INET(10.200.0.2:5140)', local='AF_INET(0.0.0.0:0)'","message":"failed to parse message data=\"<45>Apr  5 14:00:45 RDrouter syslog-ng[16]: Syslog connection established; fd='15', server='AF_INET(10.200.0.2:5140)', local='AF_INET(0.0.0.0:0)'\""}
2024-04-05T14:00:45+00:00	fluent.warn	{"data":"<29>Apr  5 13:59:41 RBrouter watchfrr[32]: [QDG3Y-BY5TN] ospfd state -> up : connect succeeded","message":"failed to parse message data=\"<29>Apr  5 13:59:41 RBrouter watchfrr[32]: [QDG3Y-BY5TN] ospfd state -> up : connect succeeded\""}
2024-04-05T14:00:45+00:00	fluent.warn	{"data":"<29>Apr  5 13:59:41 RBrouter watchfrr[32]: [QDG3Y-BY5TN] staticd state -> up : connect succeeded","message":"failed to parse message data=\"<29>Apr  5 13:59:41 RBrouter watchfrr[32]: [QDG3Y-BY5TN] staticd state -> up : connect succeeded\""}
2024-04-05T14:00:45+00:00	fluent.warn	{"data":"<29>Apr  5 13:59:41 RBrouter watchfrr[32]: [KWE5Q-QNGFC] all daemons up, doing startup-complete notify","message":"failed to parse message data=\"<29>Apr  5 13:59:41 RBrouter watchfrr[32]: [KWE5Q-QNGFC] all daemons up, doing startup-complete notify\""}
2024-04-05T14:00:45+00:00	fluent.warn	{"data":"<30>Apr  5 14:00:27 RBrouter ospfd[69]: [S5PCG-77H23] Packet[DD]: Neighbor 10.2.0.20 Negotiation done (Master).","message":"failed to parse message data=\"<30>Apr  5 14:00:27 RBrouter ospfd[69]: [S5PCG-77H23] Packet[DD]: Neighbor 10.2.0.20 Negotiation done (Master).\""}
2024-04-05T14:00:45+00:00	fluent.warn	{"data":"<45>Apr  5 14:00:45 RBrouter syslog-ng[16]: Syslog connection established; fd='15', server='AF_INET(10.200.0.2:5140)', local='AF_INET(0.0.0.0:0)'","message":"failed to parse message data=\"<45>Apr  5 14:00:45 RBrouter syslog-ng[16]: Syslog connection established; fd='15', server='AF_INET(10.200.0.2:5140)', local='AF_INET(0.0.0.0:0)'\""}
2024-04-05T14:00:45+00:00	fluent.warn	{"data":"<29>Apr  5 13:59:41 RCrouter watchfrr[32]: [QDG3Y-BY5TN] ospfd state -> up : connect succeeded","message":"failed to parse message data=\"<29>Apr  5 13:59:41 RCrouter watchfrr[32]: [QDG3Y-BY5TN] ospfd state -> up : connect succeeded\""}
2024-04-05T14:00:45+00:00	fluent.warn	{"data":"<29>Apr  5 13:59:41 RCrouter watchfrr[32]: [QDG3Y-BY5TN] staticd state -> up : connect succeeded","message":"failed to parse message data=\"<29>Apr  5 13:59:41 RCrouter watchfrr[32]: [QDG3Y-BY5TN] staticd state -> up : connect succeeded\""}
2024-04-05T14:00:45+00:00	fluent.warn	{"data":"<29>Apr  5 13:59:41 RCrouter watchfrr[32]: [KWE5Q-QNGFC] all daemons up, doing startup-complete notify","message":"failed to parse message data=\"<29>Apr  5 13:59:41 RCrouter watchfrr[32]: [KWE5Q-QNGFC] all daemons up, doing startup-complete notify\""}
2024-04-05T14:00:45+00:00	fluent.warn	{"data":"<45>Apr  5 14:00:45 RCrouter syslog-ng[16]: Syslog connection established; fd='15', server='AF_INET(10.200.0.2:5140)', local='AF_INET(0.0.0.0:0)'","message":"failed to parse message data=\"<45>Apr  5 14:00:45 RCrouter syslog-ng[16]: Syslog connection established; fd='15', server='AF_INET(10.200.0.2:5140)', local='AF_INET(0.0.0.0:0)'\""}
2024-04-05T14:13:33+00:00	fluent.warn	{"data":"<5>Apr  5 14:13:33 RArouter kernel: Lockdown: systemd-logind: hibernation is restricted; see man kernel_lockdown.7","message":"failed to parse message data=\"<5>Apr  5 14:13:33 RArouter kernel: Lockdown: systemd-logind: hibernation is restricted; see man kernel_lockdown.7\""}
2024-04-05T14:13:33+00:00	fluent.warn	{"data":"<5>Apr  5 14:13:33 RCrouter kernel: Lockdown: systemd-logind: hibernation is restricted; see man kernel_lockdown.7","message":"failed to parse message data=\"<5>Apr  5 14:13:33 RCrouter kernel: Lockdown: systemd-logind: hibernation is restricted; see man kernel_lockdown.7\""}
2024-04-05T14:13:33+00:00	fluent.warn	{"data":"<5>Apr  5 14:13:33 RDrouter kernel: Lockdown: systemd-logind: hibernation is restricted; see man kernel_lockdown.7","message":"failed to parse message data=\"<5>Apr  5 14:13:33 RDrouter kernel: Lockdown: systemd-logind: hibernation is restricted; see man kernel_lockdown.7\""}
2024-04-05T14:13:33+00:00	fluent.warn	{"data":"<5>Apr  5 14:13:33 RBrouter kernel: Lockdown: systemd-logind: hibernation is restricted; see man kernel_lockdown.7","message":"failed to parse message data=\"<5>Apr  5 14:13:33 RBrouter kernel: Lockdown: systemd-logind: hibernation is restricted; see man kernel_lockdown.7\""}
