2023-12-01T15:46:54+00:00	fluent.info	{"pid":14,"ppid":7,"worker":0,"message":"starting fluentd worker pid=14 ppid=7 worker=0"}
2023-12-01T15:46:54+00:00	fluent.info	{"message":"listening syslog socket on 0.0.0.0:5140 with tcp"}
2023-12-01T15:46:54+00:00	fluent.info	{"port":24224,"bind":"0.0.0.0","message":"listening port port=24224 bind=\"0.0.0.0\""}
2023-12-01T15:46:54+00:00	fluent.info	{"worker":0,"message":"fluentd worker is now running worker=0"}
2023-12-01T15:46:47+00:00	routerC	{"log":" * Starting system logging syslog-ng","container_id":"d5b2578821001748ac486601592e3a20f9a0d813b56da2a24b5957586216f939","container_name":"/newenvironment-rc_router-1","source":"stdout"}
2023-12-01T15:46:47+00:00	routerC	{"container_id":"d5b2578821001748ac486601592e3a20f9a0d813b56da2a24b5957586216f939","container_name":"/newenvironment-rc_router-1","source":"stderr","log":"[2023-12-01T15:46:47.552955] WARNING: Configuration file format is too old, syslog-ng is running in compatibility mode. Please update it to use the syslog-ng 3.35 format at your time of convenience. To upgrade the configuration, please review the warnings about incompatible changes printed by syslog-ng, and once completed change the @version header at the top of the configuration file; config-version='3.27'"}
2023-12-01T15:46:49+00:00	routerC	{"log":"[2023-12-01T15:46:49.572592] WARNING: The internal_queue_length stat counter has been renamed to internal_source.queued. The old name will be removed in future versions; config-version='3.27'","container_id":"d5b2578821001748ac486601592e3a20f9a0d813b56da2a24b5957586216f939","container_name":"/newenvironment-rc_router-1","source":"stderr"}
2023-12-01T15:46:49+00:00	routerC	{"source":"stdout","log":"   ...done.","container_id":"d5b2578821001748ac486601592e3a20f9a0d813b56da2a24b5957586216f939","container_name":"/newenvironment-rc_router-1"}
2023-12-01T15:46:53+00:00	routerC	{"container_id":"d5b2578821001748ac486601592e3a20f9a0d813b56da2a24b5957586216f939","container_name":"/newenvironment-rc_router-1","source":"stdout","log":" * Started watchfrr"}
2023-12-01T15:46:54+00:00	routerC	{"container_id":"d5b2578821001748ac486601592e3a20f9a0d813b56da2a24b5957586216f939","container_name":"/newenvironment-rc_router-1","source":"stdout","log":""}
2023-12-01T15:46:54+00:00	routerC	{"container_id":"d5b2578821001748ac486601592e3a20f9a0d813b56da2a24b5957586216f939","container_name":"/newenvironment-rc_router-1","source":"stdout","log":"Hello, this is FRRouting (version 8.1)."}
2023-12-01T15:46:54+00:00	routerC	{"container_id":"d5b2578821001748ac486601592e3a20f9a0d813b56da2a24b5957586216f939","container_name":"/newenvironment-rc_router-1","source":"stdout","log":"Copyright 1996-2005 Kunihiro Ishiguro, et al."}
2023-12-01T15:46:54+00:00	routerC	{"source":"stdout","log":"","container_id":"d5b2578821001748ac486601592e3a20f9a0d813b56da2a24b5957586216f939","container_name":"/newenvironment-rc_router-1"}
2023-12-01T15:46:54+00:00	routerC	{"source":"stdout","log":"RCrouter# conf t","container_id":"d5b2578821001748ac486601592e3a20f9a0d813b56da2a24b5957586216f939","container_name":"/newenvironment-rc_router-1"}
2023-12-01T15:46:54+00:00	routerC	{"container_name":"/newenvironment-rc_router-1","source":"stdout","log":"RCrouter(config)# router ospf ","container_id":"d5b2578821001748ac486601592e3a20f9a0d813b56da2a24b5957586216f939"}
2023-12-01T15:46:54+00:00	routerC	{"container_name":"/newenvironment-rc_router-1","source":"stdout","log":"RCrouter(config-router)# network 10.2.0.0/24 area 0","container_id":"d5b2578821001748ac486601592e3a20f9a0d813b56da2a24b5957586216f939"}
2023-12-01T15:46:54+00:00	routerC	{"container_id":"d5b2578821001748ac486601592e3a20f9a0d813b56da2a24b5957586216f939","container_name":"/newenvironment-rc_router-1","source":"stdout","log":"RCrouter(config-router)# network 10.0.1.0/24 area 0"}
2023-12-01T15:46:54+00:00	routerC	{"container_id":"d5b2578821001748ac486601592e3a20f9a0d813b56da2a24b5957586216f939","container_name":"/newenvironment-rc_router-1","source":"stdout","log":"RCrouter(config-router)# network 10.0.2.0/24 area 0"}
2023-12-01T15:46:54+00:00	routerC	{"log":"RCrouter(config-router)# end","container_id":"d5b2578821001748ac486601592e3a20f9a0d813b56da2a24b5957586216f939","container_name":"/newenvironment-rc_router-1","source":"stdout"}
2023-12-01T15:46:54+00:00	routerC	{"container_id":"d5b2578821001748ac486601592e3a20f9a0d813b56da2a24b5957586216f939","container_name":"/newenvironment-rc_router-1","source":"stdout","log":"RCrouter# "}
2023-12-01T15:46:47+00:00	routerA	{"log":" * Starting system logging syslog-ng","container_id":"a556baad036f465815f4ee9dbd37deadf1adfd74abb1236a6ec29e2dfd5aebfc","container_name":"/newenvironment-ra_router-1","source":"stdout"}
2023-12-01T15:46:47+00:00	routerA	{"source":"stderr","log":"[2023-12-01T15:46:47.928040] WARNING: Configuration file format is too old, syslog-ng is running in compatibility mode. Please update it to use the syslog-ng 3.35 format at your time of convenience. To upgrade the configuration, please review the warnings about incompatible changes printed by syslog-ng, and once completed change the @version header at the top of the configuration file; config-version='3.27'","container_id":"a556baad036f465815f4ee9dbd37deadf1adfd74abb1236a6ec29e2dfd5aebfc","container_name":"/newenvironment-ra_router-1"}
2023-12-01T15:46:49+00:00	routerA	{"log":"[2023-12-01T15:46:49.554457] WARNING: The internal_queue_length stat counter has been renamed to internal_source.queued. The old name will be removed in future versions; config-version='3.27'","container_id":"a556baad036f465815f4ee9dbd37deadf1adfd74abb1236a6ec29e2dfd5aebfc","container_name":"/newenvironment-ra_router-1","source":"stderr"}
2023-12-01T15:46:49+00:00	routerA	{"container_id":"a556baad036f465815f4ee9dbd37deadf1adfd74abb1236a6ec29e2dfd5aebfc","container_name":"/newenvironment-ra_router-1","source":"stdout","log":"   ...done."}
2023-12-01T15:46:53+00:00	routerA	{"container_id":"a556baad036f465815f4ee9dbd37deadf1adfd74abb1236a6ec29e2dfd5aebfc","container_name":"/newenvironment-ra_router-1","source":"stdout","log":" * Started watchfrr"}
2023-12-01T15:46:54+00:00	routerA	{"container_name":"/newenvironment-ra_router-1","source":"stdout","log":"","container_id":"a556baad036f465815f4ee9dbd37deadf1adfd74abb1236a6ec29e2dfd5aebfc"}
2023-12-01T15:46:54+00:00	routerA	{"source":"stdout","log":"Hello, this is FRRouting (version 8.1).","container_id":"a556baad036f465815f4ee9dbd37deadf1adfd74abb1236a6ec29e2dfd5aebfc","container_name":"/newenvironment-ra_router-1"}
2023-12-01T15:46:54+00:00	routerA	{"container_id":"a556baad036f465815f4ee9dbd37deadf1adfd74abb1236a6ec29e2dfd5aebfc","container_name":"/newenvironment-ra_router-1","source":"stdout","log":"Copyright 1996-2005 Kunihiro Ishiguro, et al."}
2023-12-01T15:46:54+00:00	routerA	{"container_id":"a556baad036f465815f4ee9dbd37deadf1adfd74abb1236a6ec29e2dfd5aebfc","container_name":"/newenvironment-ra_router-1","source":"stdout","log":""}
2023-12-01T15:46:54+00:00	routerA	{"container_id":"a556baad036f465815f4ee9dbd37deadf1adfd74abb1236a6ec29e2dfd5aebfc","container_name":"/newenvironment-ra_router-1","source":"stdout","log":"RArouter# conf t"}
2023-12-01T15:46:54+00:00	routerA	{"source":"stdout","log":"RArouter(config)# log file /shared-volume/frr/frrRouterA.log","container_id":"a556baad036f465815f4ee9dbd37deadf1adfd74abb1236a6ec29e2dfd5aebfc","container_name":"/newenvironment-ra_router-1"}
2023-12-01T15:46:54+00:00	routerA	{"container_id":"a556baad036f465815f4ee9dbd37deadf1adfd74abb1236a6ec29e2dfd5aebfc","container_name":"/newenvironment-ra_router-1","source":"stdout","log":"can't open logfile /shared-volume/frr/frrRouterA.log"}
2023-12-01T15:46:54+00:00	routerA	{"source":"stdout","log":"RArouter(config)# router ospf","container_id":"a556baad036f465815f4ee9dbd37deadf1adfd74abb1236a6ec29e2dfd5aebfc","container_name":"/newenvironment-ra_router-1"}
2023-12-01T15:46:54+00:00	routerA	{"source":"stdout","log":"RArouter(config-router)# network 10.100.0.0/24 area 0","container_id":"a556baad036f465815f4ee9dbd37deadf1adfd74abb1236a6ec29e2dfd5aebfc","container_name":"/newenvironment-ra_router-1"}
2023-12-01T15:46:54+00:00	routerA	{"container_id":"a556baad036f465815f4ee9dbd37deadf1adfd74abb1236a6ec29e2dfd5aebfc","container_name":"/newenvironment-ra_router-1","source":"stdout","log":"RArouter(config-router)# network 10.200.0.0/24 area 0"}
2023-12-01T15:46:54+00:00	routerA	{"container_id":"a556baad036f465815f4ee9dbd37deadf1adfd74abb1236a6ec29e2dfd5aebfc","container_name":"/newenvironment-ra_router-1","source":"stdout","log":"RArouter(config-router)# network 10.1.0.0/24 area 0"}
2023-12-01T15:46:54+00:00	routerA	{"source":"stdout","log":"RArouter(config-router)# end","container_id":"a556baad036f465815f4ee9dbd37deadf1adfd74abb1236a6ec29e2dfd5aebfc","container_name":"/newenvironment-ra_router-1"}
2023-12-01T15:46:54+00:00	routerA	{"source":"stdout","log":"RArouter# ","container_id":"a556baad036f465815f4ee9dbd37deadf1adfd74abb1236a6ec29e2dfd5aebfc","container_name":"/newenvironment-ra_router-1"}
2023-12-01T15:46:47+00:00	routerD	{"log":" * Starting system logging syslog-ng","container_id":"50b798d7d7d8e2b01f00f7da4602a406702f5f6d3bfe85750b0f967c2db3d16a","container_name":"/newenvironment-rd_router-1","source":"stdout"}
2023-12-01T15:46:48+00:00	routerD	{"container_name":"/newenvironment-rd_router-1","source":"stderr","log":"[2023-12-01T15:46:48.111305] WARNING: Configuration file format is too old, syslog-ng is running in compatibility mode. Please update it to use the syslog-ng 3.35 format at your time of convenience. To upgrade the configuration, please review the warnings about incompatible changes printed by syslog-ng, and once completed change the @version header at the top of the configuration file; config-version='3.27'","container_id":"50b798d7d7d8e2b01f00f7da4602a406702f5f6d3bfe85750b0f967c2db3d16a"}
2023-12-01T15:46:49+00:00	routerD	{"container_id":"50b798d7d7d8e2b01f00f7da4602a406702f5f6d3bfe85750b0f967c2db3d16a","container_name":"/newenvironment-rd_router-1","source":"stderr","log":"[2023-12-01T15:46:49.537938] WARNING: The internal_queue_length stat counter has been renamed to internal_source.queued. The old name will be removed in future versions; config-version='3.27'"}
2023-12-01T15:46:49+00:00	routerD	{"container_id":"50b798d7d7d8e2b01f00f7da4602a406702f5f6d3bfe85750b0f967c2db3d16a","container_name":"/newenvironment-rd_router-1","source":"stdout","log":"   ...done."}
2023-12-01T15:46:53+00:00	routerD	{"container_id":"50b798d7d7d8e2b01f00f7da4602a406702f5f6d3bfe85750b0f967c2db3d16a","container_name":"/newenvironment-rd_router-1","source":"stdout","log":" * Started watchfrr"}
2023-12-01T15:46:54+00:00	routerD	{"source":"stdout","log":"","container_id":"50b798d7d7d8e2b01f00f7da4602a406702f5f6d3bfe85750b0f967c2db3d16a","container_name":"/newenvironment-rd_router-1"}
2023-12-01T15:46:54+00:00	routerD	{"source":"stdout","log":"Hello, this is FRRouting (version 8.1).","container_id":"50b798d7d7d8e2b01f00f7da4602a406702f5f6d3bfe85750b0f967c2db3d16a","container_name":"/newenvironment-rd_router-1"}
2023-12-01T15:46:54+00:00	routerD	{"container_id":"50b798d7d7d8e2b01f00f7da4602a406702f5f6d3bfe85750b0f967c2db3d16a","container_name":"/newenvironment-rd_router-1","source":"stdout","log":"Copyright 1996-2005 Kunihiro Ishiguro, et al."}
2023-12-01T15:46:54+00:00	routerD	{"log":"","container_id":"50b798d7d7d8e2b01f00f7da4602a406702f5f6d3bfe85750b0f967c2db3d16a","container_name":"/newenvironment-rd_router-1","source":"stdout"}
2023-12-01T15:46:54+00:00	routerD	{"source":"stdout","log":"RDrouter# conf t","container_id":"50b798d7d7d8e2b01f00f7da4602a406702f5f6d3bfe85750b0f967c2db3d16a","container_name":"/newenvironment-rd_router-1"}
2023-12-01T15:46:54+00:00	routerD	{"container_id":"50b798d7d7d8e2b01f00f7da4602a406702f5f6d3bfe85750b0f967c2db3d16a","container_name":"/newenvironment-rd_router-1","source":"stdout","log":"RDrouter(config)# router ospf "}
2023-12-01T15:46:54+00:00	routerD	{"container_name":"/newenvironment-rd_router-1","source":"stdout","log":"RDrouter(config-router)# network 10.3.0.0/24 area 0","container_id":"50b798d7d7d8e2b01f00f7da4602a406702f5f6d3bfe85750b0f967c2db3d16a"}
2023-12-01T15:46:54+00:00	routerD	{"source":"stdout","log":"RDrouter(config-router)# network 10.0.3.0/24 area 0","container_id":"50b798d7d7d8e2b01f00f7da4602a406702f5f6d3bfe85750b0f967c2db3d16a","container_name":"/newenvironment-rd_router-1"}
2023-12-01T15:46:54+00:00	routerD	{"container_id":"50b798d7d7d8e2b01f00f7da4602a406702f5f6d3bfe85750b0f967c2db3d16a","container_name":"/newenvironment-rd_router-1","source":"stdout","log":"RDrouter(config-router)# network 10.0.4.0/24 area 0"}
2023-12-01T15:46:54+00:00	routerD	{"container_id":"50b798d7d7d8e2b01f00f7da4602a406702f5f6d3bfe85750b0f967c2db3d16a","container_name":"/newenvironment-rd_router-1","source":"stdout","log":"RDrouter(config-router)# end"}
2023-12-01T15:46:54+00:00	routerD	{"container_id":"50b798d7d7d8e2b01f00f7da4602a406702f5f6d3bfe85750b0f967c2db3d16a","container_name":"/newenvironment-rd_router-1","source":"stdout","log":"RDrouter# "}
2023-12-01T15:46:48+00:00	routerB	{"container_name":"/newenvironment-rb_router-1","source":"stdout","log":" * Starting system logging syslog-ng","container_id":"5200ae86814ac9738d44b3937cbf6d8ce9824344eac220373b64bfaa7840f493"}
2023-12-01T15:46:48+00:00	routerB	{"source":"stderr","log":"[2023-12-01T15:46:48.690501] WARNING: Configuration file format is too old, syslog-ng is running in compatibility mode. Please update it to use the syslog-ng 3.35 format at your time of convenience. To upgrade the configuration, please review the warnings about incompatible changes printed by syslog-ng, and once completed change the @version header at the top of the configuration file; config-version='3.27'","container_id":"5200ae86814ac9738d44b3937cbf6d8ce9824344eac220373b64bfaa7840f493","container_name":"/newenvironment-rb_router-1"}
2023-12-01T15:46:49+00:00	routerB	{"source":"stderr","log":"[2023-12-01T15:46:49.553449] WARNING: The internal_queue_length stat counter has been renamed to internal_source.queued. The old name will be removed in future versions; config-version='3.27'","container_id":"5200ae86814ac9738d44b3937cbf6d8ce9824344eac220373b64bfaa7840f493","container_name":"/newenvironment-rb_router-1"}
2023-12-01T15:46:49+00:00	routerB	{"source":"stdout","log":"   ...done.","container_id":"5200ae86814ac9738d44b3937cbf6d8ce9824344eac220373b64bfaa7840f493","container_name":"/newenvironment-rb_router-1"}
2023-12-01T15:46:53+00:00	routerB	{"container_id":"5200ae86814ac9738d44b3937cbf6d8ce9824344eac220373b64bfaa7840f493","container_name":"/newenvironment-rb_router-1","source":"stdout","log":" * Started watchfrr"}
2023-12-01T15:46:54+00:00	routerB	{"container_id":"5200ae86814ac9738d44b3937cbf6d8ce9824344eac220373b64bfaa7840f493","container_name":"/newenvironment-rb_router-1","source":"stdout","log":""}
2023-12-01T15:46:54+00:00	routerB	{"container_id":"5200ae86814ac9738d44b3937cbf6d8ce9824344eac220373b64bfaa7840f493","container_name":"/newenvironment-rb_router-1","source":"stdout","log":"Hello, this is FRRouting (version 8.1)."}
2023-12-01T15:46:54+00:00	routerB	{"container_name":"/newenvironment-rb_router-1","source":"stdout","log":"Copyright 1996-2005 Kunihiro Ishiguro, et al.","container_id":"5200ae86814ac9738d44b3937cbf6d8ce9824344eac220373b64bfaa7840f493"}
2023-12-01T15:46:54+00:00	routerB	{"source":"stdout","log":"","container_id":"5200ae86814ac9738d44b3937cbf6d8ce9824344eac220373b64bfaa7840f493","container_name":"/newenvironment-rb_router-1"}
2023-12-01T15:46:54+00:00	routerB	{"source":"stdout","log":"RBrouter# conf t","container_id":"5200ae86814ac9738d44b3937cbf6d8ce9824344eac220373b64bfaa7840f493","container_name":"/newenvironment-rb_router-1"}
2023-12-01T15:46:54+00:00	routerB	{"container_id":"5200ae86814ac9738d44b3937cbf6d8ce9824344eac220373b64bfaa7840f493","container_name":"/newenvironment-rb_router-1","source":"stdout","log":"RBrouter(config)# router ospf "}
2023-12-01T15:46:54+00:00	routerB	{"log":"RBrouter(config-router)# network 10.1.0.0/24 area 0","container_id":"5200ae86814ac9738d44b3937cbf6d8ce9824344eac220373b64bfaa7840f493","container_name":"/newenvironment-rb_router-1","source":"stdout"}
2023-12-01T15:46:54+00:00	routerB	{"container_id":"5200ae86814ac9738d44b3937cbf6d8ce9824344eac220373b64bfaa7840f493","container_name":"/newenvironment-rb_router-1","source":"stdout","log":"RBrouter(config-router)# network 10.2.0.0/24 area 0"}
2023-12-01T15:46:54+00:00	routerB	{"container_id":"5200ae86814ac9738d44b3937cbf6d8ce9824344eac220373b64bfaa7840f493","container_name":"/newenvironment-rb_router-1","source":"stdout","log":"RBrouter(config-router)# network 10.3.0.0/24 area 0"}
2023-12-01T15:46:54+00:00	routerB	{"source":"stdout","log":"RBrouter(config-router)# end","container_id":"5200ae86814ac9738d44b3937cbf6d8ce9824344eac220373b64bfaa7840f493","container_name":"/newenvironment-rb_router-1"}
2023-12-01T15:46:54+00:00	routerB	{"container_id":"5200ae86814ac9738d44b3937cbf6d8ce9824344eac220373b64bfaa7840f493","container_name":"/newenvironment-rb_router-1","source":"stdout","log":"RBrouter# "}
2023-12-01T15:47:49+00:00	fluent.warn	{"data":"<45>Dec  1 15:46:49 RArouter syslog-ng[17]: syslog-ng starting up; version='3.35.1'","message":"failed to parse message data=\"<45>Dec  1 15:46:49 RArouter syslog-ng[17]: syslog-ng starting up; version='3.35.1'\""}
2023-12-01T15:47:49+00:00	fluent.warn	{"data":"<43>Dec  1 15:46:49 RArouter syslog-ng[17]: Syslog connection failed; fd='15', server='AF_INET(10.200.0.2:5140)', error='Connection refused (111)', time_reopen='60'","message":"failed to parse message data=\"<43>Dec  1 15:46:49 RArouter syslog-ng[17]: Syslog connection failed; fd='15', server='AF_INET(10.200.0.2:5140)', error='Connection refused (111)', time_reopen='60'\""}
2023-12-01T15:47:49+00:00	fluent.warn	{"data":"<6>Dec  1 15:46:49 RArouter kernel: eth0: renamed from veth9219c2c","message":"failed to parse message data=\"<6>Dec  1 15:46:49 RArouter kernel: eth0: renamed from veth9219c2c\""}
2023-12-01T15:47:49+00:00	fluent.warn	{"data":"<6>Dec  1 15:46:50 RArouter kernel: IPv6: ADDRCONF(NETDEV_CHANGE): vethfd26b1b: link becomes ready","message":"failed to parse message data=\"<6>Dec  1 15:46:50 RArouter kernel: IPv6: ADDRCONF(NETDEV_CHANGE): vethfd26b1b: link becomes ready\""}
2023-12-01T15:47:49+00:00	fluent.warn	{"data":"<6>Dec  1 15:46:50 RArouter kernel: br-0bc022079231: port 2(vethfd26b1b) entered blocking state","message":"failed to parse message data=\"<6>Dec  1 15:46:50 RArouter kernel: br-0bc022079231: port 2(vethfd26b1b) entered blocking state\""}
2023-12-01T15:47:49+00:00	fluent.warn	{"data":"<6>Dec  1 15:46:50 RArouter kernel: br-0bc022079231: port 2(vethfd26b1b) entered forwarding state","message":"failed to parse message data=\"<6>Dec  1 15:46:50 RArouter kernel: br-0bc022079231: port 2(vethfd26b1b) entered forwarding state\""}
2023-12-01T15:47:49+00:00	fluent.warn	{"data":"<29>Dec  1 15:46:50 RArouter watchfrr[37]: [T83RR-8SM5G] watchfrr 8.1 starting: vty@0","message":"failed to parse message data=\"<29>Dec  1 15:46:50 RArouter watchfrr[37]: [T83RR-8SM5G] watchfrr 8.1 starting: vty@0\""}
2023-12-01T15:47:49+00:00	fluent.warn	{"data":"<30>Dec  1 15:46:50 RArouter watchfrr[37]: [ZCJ3S-SPH5S] zebra state -> down : initial connection attempt failed","message":"failed to parse message data=\"<30>Dec  1 15:46:50 RArouter watchfrr[37]: [ZCJ3S-SPH5S] zebra state -> down : initial connection attempt failed\""}
2023-12-01T15:47:49+00:00	fluent.warn	{"data":"<30>Dec  1 15:46:50 RArouter watchfrr[37]: [ZCJ3S-SPH5S] bgpd state -> down : initial connection attempt failed","message":"failed to parse message data=\"<30>Dec  1 15:46:50 RArouter watchfrr[37]: [ZCJ3S-SPH5S] bgpd state -> down : initial connection attempt failed\""}
2023-12-01T15:47:49+00:00	fluent.warn	{"data":"<30>Dec  1 15:46:50 RArouter watchfrr[37]: [ZCJ3S-SPH5S] ospfd state -> down : initial connection attempt failed","message":"failed to parse message data=\"<30>Dec  1 15:46:50 RArouter watchfrr[37]: [ZCJ3S-SPH5S] ospfd state -> down : initial connection attempt failed\""}
2023-12-01T15:47:49+00:00	fluent.warn	{"data":"<30>Dec  1 15:46:50 RArouter watchfrr[37]: [ZCJ3S-SPH5S] staticd state -> down : initial connection attempt failed","message":"failed to parse message data=\"<30>Dec  1 15:46:50 RArouter watchfrr[37]: [ZCJ3S-SPH5S] staticd state -> down : initial connection attempt failed\""}
2023-12-01T15:47:49+00:00	fluent.warn	{"data":"<30>Dec  1 15:46:50 RArouter watchfrr[37]: [YFT0P-5Q5YX] Forked background command [pid 38]: /usr/lib/frr/watchfrr.sh restart all","message":"failed to parse message data=\"<30>Dec  1 15:46:50 RArouter watchfrr[37]: [YFT0P-5Q5YX] Forked background command [pid 38]: /usr/lib/frr/watchfrr.sh restart all\""}
2023-12-01T15:47:49+00:00	fluent.warn	{"data":"<6>Dec  1 15:46:50 RArouter kernel: eth0: renamed from vethb1510e7","message":"failed to parse message data=\"<6>Dec  1 15:46:50 RArouter kernel: eth0: renamed from vethb1510e7\""}
2023-12-01T15:47:49+00:00	fluent.warn	{"data":"<27>Dec  1 15:46:50 RArouter watchfrr.sh[50]: Cannot stop staticd: pid file not found","message":"failed to parse message data=\"<27>Dec  1 15:46:50 RArouter watchfrr.sh[50]: Cannot stop staticd: pid file not found\""}
2023-12-01T15:47:49+00:00	fluent.warn	{"data":"<27>Dec  1 15:46:50 RArouter watchfrr.sh[59]: Cannot stop zebra: pid file not found","message":"failed to parse message data=\"<27>Dec  1 15:46:50 RArouter watchfrr.sh[59]: Cannot stop zebra: pid file not found\""}
2023-12-01T15:47:49+00:00	fluent.warn	{"data":"<27>Dec  1 15:46:50 RArouter watchfrr.sh[57]: Cannot stop bgpd: pid file not found","message":"failed to parse message data=\"<27>Dec  1 15:46:50 RArouter watchfrr.sh[57]: Cannot stop bgpd: pid file not found\""}
2023-12-01T15:47:49+00:00	fluent.warn	{"data":"<27>Dec  1 15:46:50 RArouter watchfrr.sh[55]: Cannot stop ospfd: pid file not found","message":"failed to parse message data=\"<27>Dec  1 15:46:50 RArouter watchfrr.sh[55]: Cannot stop ospfd: pid file not found\""}
2023-12-01T15:47:49+00:00	fluent.warn	{"data":"<6>Dec  1 15:46:50 RArouter kernel: IPv6: ADDRCONF(NETDEV_CHANGE): veth79a0591: link becomes ready","message":"failed to parse message data=\"<6>Dec  1 15:46:50 RArouter kernel: IPv6: ADDRCONF(NETDEV_CHANGE): veth79a0591: link becomes ready\""}
2023-12-01T15:47:49+00:00	fluent.warn	{"data":"<6>Dec  1 15:46:50 RArouter kernel: br-f5cfcea63eed: port 2(veth79a0591) entered blocking state","message":"failed to parse message data=\"<6>Dec  1 15:46:50 RArouter kernel: br-f5cfcea63eed: port 2(veth79a0591) entered blocking state\""}
2023-12-01T15:47:49+00:00	fluent.warn	{"data":"<6>Dec  1 15:46:50 RArouter kernel: br-f5cfcea63eed: port 2(veth79a0591) entered forwarding state","message":"failed to parse message data=\"<6>Dec  1 15:46:50 RArouter kernel: br-f5cfcea63eed: port 2(veth79a0591) entered forwarding state\""}
2023-12-01T15:47:49+00:00	fluent.warn	{"data":"<6>Dec  1 15:46:50 RArouter kernel: br-48c167711197: port 2(vethed79095) entered blocking state","message":"failed to parse message data=\"<6>Dec  1 15:46:50 RArouter kernel: br-48c167711197: port 2(vethed79095) entered blocking state\""}
2023-12-01T15:47:49+00:00	fluent.warn	{"data":"<6>Dec  1 15:46:50 RArouter kernel: br-48c167711197: port 2(vethed79095) entered disabled state","message":"failed to parse message data=\"<6>Dec  1 15:46:50 RArouter kernel: br-48c167711197: port 2(vethed79095) entered disabled state\""}
2023-12-01T15:47:49+00:00	fluent.warn	{"data":"<6>Dec  1 15:46:50 RArouter kernel: device vethed79095 entered promiscuous mode","message":"failed to parse message data=\"<6>Dec  1 15:46:50 RArouter kernel: device vethed79095 entered promiscuous mode\""}
2023-12-01T15:47:49+00:00	fluent.warn	{"data":"<6>Dec  1 15:46:50 RArouter kernel: br-48c167711197: port 2(vethed79095) entered blocking state","message":"failed to parse message data=\"<6>Dec  1 15:46:50 RArouter kernel: br-48c167711197: port 2(vethed79095) entered blocking state\""}
2023-12-01T15:47:49+00:00	fluent.warn	{"data":"<6>Dec  1 15:46:50 RArouter kernel: br-48c167711197: port 2(vethed79095) entered forwarding state","message":"failed to parse message data=\"<6>Dec  1 15:46:50 RArouter kernel: br-48c167711197: port 2(vethed79095) entered forwarding state\""}
2023-12-01T15:47:49+00:00	fluent.warn	{"data":"<6>Dec  1 15:46:50 RArouter kernel: br-12a5691f3a39: port 2(veth55e7ca7) entered blocking state","message":"failed to parse message data=\"<6>Dec  1 15:46:50 RArouter kernel: br-12a5691f3a39: port 2(veth55e7ca7) entered blocking state\""}
2023-12-01T15:47:49+00:00	fluent.warn	{"data":"<6>Dec  1 15:46:50 RArouter kernel: br-12a5691f3a39: port 2(veth55e7ca7) entered disabled state","message":"failed to parse message data=\"<6>Dec  1 15:46:50 RArouter kernel: br-12a5691f3a39: port 2(veth55e7ca7) entered disabled state\""}
2023-12-01T15:47:49+00:00	fluent.warn	{"data":"<6>Dec  1 15:46:50 RArouter kernel: device veth55e7ca7 entered promiscuous mode","message":"failed to parse message data=\"<6>Dec  1 15:46:50 RArouter kernel: device veth55e7ca7 entered promiscuous mode\""}
2023-12-01T15:47:49+00:00	fluent.warn	{"data":"<6>Dec  1 15:46:50 RArouter kernel: br-12a5691f3a39: port 2(veth55e7ca7) entered blocking state","message":"failed to parse message data=\"<6>Dec  1 15:46:50 RArouter kernel: br-12a5691f3a39: port 2(veth55e7ca7) entered blocking state\""}
2023-12-01T15:47:49+00:00	fluent.warn	{"data":"<6>Dec  1 15:46:50 RArouter kernel: br-12a5691f3a39: port 2(veth55e7ca7) entered forwarding state","message":"failed to parse message data=\"<6>Dec  1 15:46:50 RArouter kernel: br-12a5691f3a39: port 2(veth55e7ca7) entered forwarding state\""}
2023-12-01T15:47:49+00:00	fluent.warn	{"data":"<6>Dec  1 15:46:51 RArouter kernel: br-48c167711197: port 2(vethed79095) entered disabled state","message":"failed to parse message data=\"<6>Dec  1 15:46:51 RArouter kernel: br-48c167711197: port 2(vethed79095) entered disabled state\""}
2023-12-01T15:47:49+00:00	fluent.warn	{"data":"<6>Dec  1 15:46:51 RArouter kernel: br-12a5691f3a39: port 2(veth55e7ca7) entered disabled state","message":"failed to parse message data=\"<6>Dec  1 15:46:51 RArouter kernel: br-12a5691f3a39: port 2(veth55e7ca7) entered disabled state\""}
2023-12-01T15:47:49+00:00	fluent.warn	{"data":"<6>Dec  1 15:46:51 RArouter kernel: eth0: renamed from vethafbfa34","message":"failed to parse message data=\"<6>Dec  1 15:46:51 RArouter kernel: eth0: renamed from vethafbfa34\""}
2023-12-01T15:47:49+00:00	fluent.warn	{"data":"<6>Dec  1 15:46:52 RArouter kernel: eth0: renamed from veth5faace4","message":"failed to parse message data=\"<6>Dec  1 15:46:52 RArouter kernel: eth0: renamed from veth5faace4\""}
2023-12-01T15:47:49+00:00	fluent.warn	{"data":"<6>Dec  1 15:46:52 RArouter kernel: IPv6: ADDRCONF(NETDEV_CHANGE): veth55e7ca7: link becomes ready","message":"failed to parse message data=\"<6>Dec  1 15:46:52 RArouter kernel: IPv6: ADDRCONF(NETDEV_CHANGE): veth55e7ca7: link becomes ready\""}
2023-12-01T15:47:49+00:00	fluent.warn	{"data":"<6>Dec  1 15:46:52 RArouter kernel: br-12a5691f3a39: port 2(veth55e7ca7) entered blocking state","message":"failed to parse message data=\"<6>Dec  1 15:46:52 RArouter kernel: br-12a5691f3a39: port 2(veth55e7ca7) entered blocking state\""}
2023-12-01T15:47:49+00:00	fluent.warn	{"data":"<6>Dec  1 15:46:52 RArouter kernel: br-12a5691f3a39: port 2(veth55e7ca7) entered forwarding state","message":"failed to parse message data=\"<6>Dec  1 15:46:52 RArouter kernel: br-12a5691f3a39: port 2(veth55e7ca7) entered forwarding state\""}
2023-12-01T15:47:49+00:00	fluent.warn	{"data":"<6>Dec  1 15:46:52 RArouter kernel: IPv6: ADDRCONF(NETDEV_CHANGE): vethed79095: link becomes ready","message":"failed to parse message data=\"<6>Dec  1 15:46:52 RArouter kernel: IPv6: ADDRCONF(NETDEV_CHANGE): vethed79095: link becomes ready\""}
2023-12-01T15:47:49+00:00	fluent.warn	{"data":"<6>Dec  1 15:46:52 RArouter kernel: br-48c167711197: port 2(vethed79095) entered blocking state","message":"failed to parse message data=\"<6>Dec  1 15:46:52 RArouter kernel: br-48c167711197: port 2(vethed79095) entered blocking state\""}
2023-12-01T15:47:49+00:00	fluent.warn	{"data":"<6>Dec  1 15:46:52 RArouter kernel: br-48c167711197: port 2(vethed79095) entered forwarding state","message":"failed to parse message data=\"<6>Dec  1 15:46:52 RArouter kernel: br-48c167711197: port 2(vethed79095) entered forwarding state\""}
2023-12-01T15:47:49+00:00	fluent.warn	{"data":"<30>Dec  1 15:46:53 RArouter zebra[61]: [VTVCM-Y2NW3] Configuration Read in Took: 00:00:00","message":"failed to parse message data=\"<30>Dec  1 15:46:53 RArouter zebra[61]: [VTVCM-Y2NW3] Configuration Read in Took: 00:00:00\""}
2023-12-01T15:47:49+00:00	fluent.warn	{"data":"<30>Dec  1 15:46:53 RArouter ospfd[73]: [VTVCM-Y2NW3] Configuration Read in Took: 00:00:00","message":"failed to parse message data=\"<30>Dec  1 15:46:53 RArouter ospfd[73]: [VTVCM-Y2NW3] Configuration Read in Took: 00:00:00\""}
2023-12-01T15:47:49+00:00	fluent.warn	{"data":"<30>Dec  1 15:46:53 RArouter bgpd[66]: [VTVCM-Y2NW3] Configuration Read in Took: 00:00:00","message":"failed to parse message data=\"<30>Dec  1 15:46:53 RArouter bgpd[66]: [VTVCM-Y2NW3] Configuration Read in Took: 00:00:00\""}
2023-12-01T15:47:49+00:00	fluent.warn	{"data":"<30>Dec  1 15:46:53 RArouter staticd[76]: [VTVCM-Y2NW3] Configuration Read in Took: 00:00:00","message":"failed to parse message data=\"<30>Dec  1 15:46:53 RArouter staticd[76]: [VTVCM-Y2NW3] Configuration Read in Took: 00:00:00\""}
2023-12-01T15:47:49+00:00	fluent.warn	{"data":"<29>Dec  1 15:46:53 RArouter watchfrr[37]: [QDG3Y-BY5TN] zebra state -> up : connect succeeded","message":"failed to parse message data=\"<29>Dec  1 15:46:53 RArouter watchfrr[37]: [QDG3Y-BY5TN] zebra state -> up : connect succeeded\""}
2023-12-01T15:47:49+00:00	fluent.warn	{"data":"<29>Dec  1 15:46:53 RArouter watchfrr[37]: [QDG3Y-BY5TN] bgpd state -> up : connect succeeded","message":"failed to parse message data=\"<29>Dec  1 15:46:53 RArouter watchfrr[37]: [QDG3Y-BY5TN] bgpd state -> up : connect succeeded\""}
2023-12-01T15:47:49+00:00	fluent.warn	{"data":"<29>Dec  1 15:46:53 RArouter watchfrr[37]: [QDG3Y-BY5TN] ospfd state -> up : connect succeeded","message":"failed to parse message data=\"<29>Dec  1 15:46:53 RArouter watchfrr[37]: [QDG3Y-BY5TN] ospfd state -> up : connect succeeded\""}
2023-12-01T15:47:49+00:00	fluent.warn	{"data":"<29>Dec  1 15:46:53 RArouter watchfrr[37]: [QDG3Y-BY5TN] staticd state -> up : connect succeeded","message":"failed to parse message data=\"<29>Dec  1 15:46:53 RArouter watchfrr[37]: [QDG3Y-BY5TN] staticd state -> up : connect succeeded\""}
2023-12-01T15:47:49+00:00	fluent.warn	{"data":"<29>Dec  1 15:46:53 RArouter watchfrr[37]: [KWE5Q-QNGFC] all daemons up, doing startup-complete notify","message":"failed to parse message data=\"<29>Dec  1 15:46:53 RArouter watchfrr[37]: [KWE5Q-QNGFC] all daemons up, doing startup-complete notify\""}
2023-12-01T15:47:49+00:00	fluent.warn	{"data":"<30>Dec  1 15:47:34 RArouter ospfd[73]: [S5PCG-77H23] Packet[DD]: Neighbor 10.3.0.10 Negotiation done (Master).","message":"failed to parse message data=\"<30>Dec  1 15:47:34 RArouter ospfd[73]: [S5PCG-77H23] Packet[DD]: Neighbor 10.3.0.10 Negotiation done (Master).\""}
2023-12-01T15:47:49+00:00	fluent.warn	{"data":"<45>Dec  1 15:47:49 RArouter syslog-ng[17]: Syslog connection established; fd='5', server='AF_INET(10.200.0.2:5140)', local='AF_INET(0.0.0.0:0)'","message":"failed to parse message data=\"<45>Dec  1 15:47:49 RArouter syslog-ng[17]: Syslog connection established; fd='5', server='AF_INET(10.200.0.2:5140)', local='AF_INET(0.0.0.0:0)'\""}
2023-12-01T16:18:22+00:00	fluent.warn	{"data":"<4>Dec  1 16:18:22 RArouter kernel: hrtimer: interrupt took 1446396 ns","message":"failed to parse message data=\"<4>Dec  1 16:18:22 RArouter kernel: hrtimer: interrupt took 1446396 ns\""}
2023-12-01T23:55:29+00:00	fluent.warn	{"data":"<6>Dec  1 23:55:29 RArouter kernel: hv_utils: TimeSync IC version 4.0","message":"failed to parse message data=\"<6>Dec  1 23:55:29 RArouter kernel: hv_utils: TimeSync IC version 4.0\""}
2023-12-01T22:46:59+00:00	fluent.warn	{"data":"<6>Dec  1 22:34:46 RArouter kernel: hv_utils: TimeSync IC version 4.0","message":"failed to parse message data=\"<6>Dec  1 22:34:46 RArouter kernel: hv_utils: TimeSync IC version 4.0\""}
