2024-01-12T17:49:51+00:00	fluent.info	{"pid":14,"ppid":7,"worker":0,"message":"starting fluentd worker pid=14 ppid=7 worker=0"}
2024-01-12T17:49:51+00:00	fluent.info	{"message":"listening syslog socket on 0.0.0.0:5140 with tcp"}
2024-01-12T17:49:52+00:00	fluent.info	{"port":24224,"bind":"0.0.0.0","message":"listening port port=24224 bind=\"0.0.0.0\""}
2024-01-12T17:49:52+00:00	fluent.info	{"worker":0,"message":"fluentd worker is now running worker=0"}
2024-01-12T17:49:55+00:00	servidor	{"log":"Reading package lists...","container_id":"d269e98fe31f959d08ee12fca1701542c6eee1ce564f2571c82f0f6183492c2c","container_name":"/newenvironment_servidor_1","source":"stdout"}
2024-01-12T17:49:55+00:00	servidor	{"source":"stdout","log":"Building dependency tree...","container_id":"d269e98fe31f959d08ee12fca1701542c6eee1ce564f2571c82f0f6183492c2c","container_name":"/newenvironment_servidor_1"}
2024-01-12T17:49:55+00:00	servidor	{"log":"Reading state information...","container_id":"d269e98fe31f959d08ee12fca1701542c6eee1ce564f2571c82f0f6183492c2c","container_name":"/newenvironment_servidor_1","source":"stdout"}
2024-01-12T17:49:56+00:00	servidor	{"container_name":"/newenvironment_servidor_1","source":"stdout","log":"The following additional packages will be installed:","container_id":"d269e98fe31f959d08ee12fca1701542c6eee1ce564f2571c82f0f6183492c2c"}
2024-01-12T17:49:56+00:00	servidor	{"container_id":"d269e98fe31f959d08ee12fca1701542c6eee1ce564f2571c82f0f6183492c2c","container_name":"/newenvironment_servidor_1","source":"stdout","log":"  linux-hwe-6.5-headers-6.5.0-14"}
2024-01-12T17:49:26+00:00	routerB	{"container_id":"4d23c3706d857306eda6eabcfbf32309dde5f8d8baacbfeb96cf555bdee44c67","container_name":"/newenvironment_rb_router_1","source":"stdout","log":" * Starting system logging syslog-ng"}
2024-01-12T17:49:29+00:00	routerB	{"container_id":"4d23c3706d857306eda6eabcfbf32309dde5f8d8baacbfeb96cf555bdee44c67","container_name":"/newenvironment_rb_router_1","source":"stderr","log":"[2024-01-12T17:49:29.934745] WARNING: Configuration file format is too old, syslog-ng is running in compatibility mode. Please update it to use the syslog-ng 3.35 format at your time of convenience. To upgrade the configuration, please review the warnings about incompatible changes printed by syslog-ng, and once completed change the @version header at the top of the configuration file; config-version='3.27'"}
2024-01-12T17:49:49+00:00	routerB	{"source":"stderr","log":"[2024-01-12T17:49:49.031542] WARNING: The internal_queue_length stat counter has been renamed to internal_source.queued. The old name will be removed in future versions; config-version='3.27'","container_id":"4d23c3706d857306eda6eabcfbf32309dde5f8d8baacbfeb96cf555bdee44c67","container_name":"/newenvironment_rb_router_1"}
2024-01-12T17:49:49+00:00	routerB	{"container_name":"/newenvironment_rb_router_1","source":"stdout","log":"   ...done.","container_id":"4d23c3706d857306eda6eabcfbf32309dde5f8d8baacbfeb96cf555bdee44c67"}
2024-01-12T17:49:26+00:00	routerC	{"container_id":"50be8d39591c6e0d3d45e41a0df57f135a1f98c7fe7dd8c06fee04ca74b45d2c","container_name":"/newenvironment_rc_router_1","source":"stdout","log":" * Starting system logging syslog-ng"}
2024-01-12T17:49:29+00:00	routerC	{"source":"stderr","log":"[2024-01-12T17:49:29.934782] WARNING: Configuration file format is too old, syslog-ng is running in compatibility mode. Please update it to use the syslog-ng 3.35 format at your time of convenience. To upgrade the configuration, please review the warnings about incompatible changes printed by syslog-ng, and once completed change the @version header at the top of the configuration file; config-version='3.27'","container_id":"50be8d39591c6e0d3d45e41a0df57f135a1f98c7fe7dd8c06fee04ca74b45d2c","container_name":"/newenvironment_rc_router_1"}
2024-01-12T17:49:49+00:00	routerC	{"container_id":"50be8d39591c6e0d3d45e41a0df57f135a1f98c7fe7dd8c06fee04ca74b45d2c","container_name":"/newenvironment_rc_router_1","source":"stderr","log":"[2024-01-12T17:49:49.031268] WARNING: The internal_queue_length stat counter has been renamed to internal_source.queued. The old name will be removed in future versions; config-version='3.27'"}
2024-01-12T17:49:49+00:00	routerC	{"source":"stdout","log":"   ...done.","container_id":"50be8d39591c6e0d3d45e41a0df57f135a1f98c7fe7dd8c06fee04ca74b45d2c","container_name":"/newenvironment_rc_router_1"}
2024-01-12T17:49:26+00:00	routerD	{"container_id":"0a55e395cffed1d39883faaee022a2c131aef042bcd43bb69e3f0accb6b5bb31","container_name":"/newenvironment_rd_router_1","source":"stdout","log":" * Starting system logging syslog-ng"}
2024-01-12T17:49:29+00:00	routerD	{"container_name":"/newenvironment_rd_router_1","source":"stderr","log":"[2024-01-12T17:49:29.934730] WARNING: Configuration file format is too old, syslog-ng is running in compatibility mode. Please update it to use the syslog-ng 3.35 format at your time of convenience. To upgrade the configuration, please review the warnings about incompatible changes printed by syslog-ng, and once completed change the @version header at the top of the configuration file; config-version='3.27'","container_id":"0a55e395cffed1d39883faaee022a2c131aef042bcd43bb69e3f0accb6b5bb31"}
2024-01-12T17:49:49+00:00	routerD	{"container_id":"0a55e395cffed1d39883faaee022a2c131aef042bcd43bb69e3f0accb6b5bb31","container_name":"/newenvironment_rd_router_1","source":"stderr","log":"[2024-01-12T17:49:49.031542] WARNING: The internal_queue_length stat counter has been renamed to internal_source.queued. The old name will be removed in future versions; config-version='3.27'"}
2024-01-12T17:49:49+00:00	routerD	{"container_name":"/newenvironment_rd_router_1","source":"stdout","log":"   ...done.","container_id":"0a55e395cffed1d39883faaee022a2c131aef042bcd43bb69e3f0accb6b5bb31"}
2024-01-12T17:49:57+00:00	routerC	{"log":" * Started watchfrr","container_id":"50be8d39591c6e0d3d45e41a0df57f135a1f98c7fe7dd8c06fee04ca74b45d2c","container_name":"/newenvironment_rc_router_1","source":"stdout"}
2024-01-12T17:49:57+00:00	routerD	{"container_name":"/newenvironment_rd_router_1","source":"stdout","log":" * Started watchfrr","container_id":"0a55e395cffed1d39883faaee022a2c131aef042bcd43bb69e3f0accb6b5bb31"}
2024-01-12T17:49:57+00:00	routerB	{"container_id":"4d23c3706d857306eda6eabcfbf32309dde5f8d8baacbfeb96cf555bdee44c67","container_name":"/newenvironment_rb_router_1","source":"stdout","log":" * Started watchfrr"}
2024-01-12T17:49:57+00:00	servidor	{"container_id":"d269e98fe31f959d08ee12fca1701542c6eee1ce564f2571c82f0f6183492c2c","container_name":"/newenvironment_servidor_1","source":"stdout","log":"The following NEW packages will be installed:"}
2024-01-12T17:49:57+00:00	servidor	{"container_id":"d269e98fe31f959d08ee12fca1701542c6eee1ce564f2571c82f0f6183492c2c","container_name":"/newenvironment_servidor_1","source":"stdout","log":"  linux-headers-6.5.0-14-generic linux-hwe-6.5-headers-6.5.0-14"}
2024-01-12T17:49:27+00:00	routerA	{"container_id":"67f7d948df5867231574da2075aa74c3eb3f6daa71f2abf8b8e7c01c7a188bf5","container_name":"/newenvironment_ra_router_1","source":"stdout","log":" * Starting system logging syslog-ng"}
2024-01-12T17:49:29+00:00	routerA	{"container_id":"67f7d948df5867231574da2075aa74c3eb3f6daa71f2abf8b8e7c01c7a188bf5","container_name":"/newenvironment_ra_router_1","source":"stderr","log":"[2024-01-12T17:49:29.935928] WARNING: Configuration file format is too old, syslog-ng is running in compatibility mode. Please update it to use the syslog-ng 3.35 format at your time of convenience. To upgrade the configuration, please review the warnings about incompatible changes printed by syslog-ng, and once completed change the @version header at the top of the configuration file; config-version='3.27'"}
2024-01-12T17:49:49+00:00	routerA	{"container_id":"67f7d948df5867231574da2075aa74c3eb3f6daa71f2abf8b8e7c01c7a188bf5","container_name":"/newenvironment_ra_router_1","source":"stderr","log":"[2024-01-12T17:49:49.030772] WARNING: The internal_queue_length stat counter has been renamed to internal_source.queued. The old name will be removed in future versions; config-version='3.27'"}
2024-01-12T17:49:49+00:00	routerA	{"container_name":"/newenvironment_ra_router_1","source":"stdout","log":"   ...done.","container_id":"67f7d948df5867231574da2075aa74c3eb3f6daa71f2abf8b8e7c01c7a188bf5"}
2024-01-12T17:49:57+00:00	routerA	{"log":" * Started watchfrr","container_id":"67f7d948df5867231574da2075aa74c3eb3f6daa71f2abf8b8e7c01c7a188bf5","container_name":"/newenvironment_ra_router_1","source":"stdout"}
2024-01-12T17:49:58+00:00	servidor	{"container_id":"d269e98fe31f959d08ee12fca1701542c6eee1ce564f2571c82f0f6183492c2c","container_name":"/newenvironment_servidor_1","source":"stdout","log":"0 upgraded, 2 newly installed, 0 to remove and 0 not upgraded."}
2024-01-12T17:49:58+00:00	servidor	{"log":"Need to get 16.6 MB of archives.","container_id":"d269e98fe31f959d08ee12fca1701542c6eee1ce564f2571c82f0f6183492c2c","container_name":"/newenvironment_servidor_1","source":"stdout"}
2024-01-12T17:49:58+00:00	servidor	{"container_name":"/newenvironment_servidor_1","source":"stdout","log":"After this operation, 112 MB of additional disk space will be used.","container_id":"d269e98fe31f959d08ee12fca1701542c6eee1ce564f2571c82f0f6183492c2c"}
2024-01-12T17:49:58+00:00	servidor	{"container_id":"d269e98fe31f959d08ee12fca1701542c6eee1ce564f2571c82f0f6183492c2c","container_name":"/newenvironment_servidor_1","source":"stdout","log":"Get:1 http://archive.ubuntu.com/ubuntu jammy-updates/main amd64 linux-hwe-6.5-headers-6.5.0-14 all 6.5.0-14.14~22.04.1 [13.2 MB]"}
2024-01-12T17:49:59+00:00	routerD	{"container_name":"/newenvironment_rd_router_1","source":"stdout","log":"","container_id":"0a55e395cffed1d39883faaee022a2c131aef042bcd43bb69e3f0accb6b5bb31"}
2024-01-12T17:49:59+00:00	routerD	{"source":"stdout","log":"Hello, this is FRRouting (version 8.1).","container_id":"0a55e395cffed1d39883faaee022a2c131aef042bcd43bb69e3f0accb6b5bb31","container_name":"/newenvironment_rd_router_1"}
2024-01-12T17:49:59+00:00	routerB	{"source":"stdout","log":"","container_id":"4d23c3706d857306eda6eabcfbf32309dde5f8d8baacbfeb96cf555bdee44c67","container_name":"/newenvironment_rb_router_1"}
2024-01-12T17:49:59+00:00	routerB	{"container_id":"4d23c3706d857306eda6eabcfbf32309dde5f8d8baacbfeb96cf555bdee44c67","container_name":"/newenvironment_rb_router_1","source":"stdout","log":"Hello, this is FRRouting (version 8.1)."}
2024-01-12T17:49:59+00:00	routerB	{"container_id":"4d23c3706d857306eda6eabcfbf32309dde5f8d8baacbfeb96cf555bdee44c67","container_name":"/newenvironment_rb_router_1","source":"stdout","log":"Copyright 1996-2005 Kunihiro Ishiguro, et al."}
2024-01-12T17:49:59+00:00	routerB	{"source":"stdout","log":"","container_id":"4d23c3706d857306eda6eabcfbf32309dde5f8d8baacbfeb96cf555bdee44c67","container_name":"/newenvironment_rb_router_1"}
2024-01-12T17:49:59+00:00	routerB	{"container_id":"4d23c3706d857306eda6eabcfbf32309dde5f8d8baacbfeb96cf555bdee44c67","container_name":"/newenvironment_rb_router_1","source":"stdout","log":"RBrouter# conf t"}
2024-01-12T17:49:59+00:00	routerB	{"container_id":"4d23c3706d857306eda6eabcfbf32309dde5f8d8baacbfeb96cf555bdee44c67","container_name":"/newenvironment_rb_router_1","source":"stdout","log":"RBrouter(config)# router ospf "}
2024-01-12T17:49:59+00:00	routerB	{"container_name":"/newenvironment_rb_router_1","source":"stdout","log":"RBrouter(config-router)# network 10.1.0.0/24 area 0","container_id":"4d23c3706d857306eda6eabcfbf32309dde5f8d8baacbfeb96cf555bdee44c67"}
2024-01-12T17:49:59+00:00	routerC	{"container_id":"50be8d39591c6e0d3d45e41a0df57f135a1f98c7fe7dd8c06fee04ca74b45d2c","container_name":"/newenvironment_rc_router_1","source":"stdout","log":""}
2024-01-12T17:49:59+00:00	routerC	{"log":"Hello, this is FRRouting (version 8.1).","container_id":"50be8d39591c6e0d3d45e41a0df57f135a1f98c7fe7dd8c06fee04ca74b45d2c","container_name":"/newenvironment_rc_router_1","source":"stdout"}
2024-01-12T17:49:59+00:00	routerC	{"source":"stdout","log":"Copyright 1996-2005 Kunihiro Ishiguro, et al.","container_id":"50be8d39591c6e0d3d45e41a0df57f135a1f98c7fe7dd8c06fee04ca74b45d2c","container_name":"/newenvironment_rc_router_1"}
2024-01-12T17:49:59+00:00	routerC	{"log":"","container_id":"50be8d39591c6e0d3d45e41a0df57f135a1f98c7fe7dd8c06fee04ca74b45d2c","container_name":"/newenvironment_rc_router_1","source":"stdout"}
2024-01-12T17:49:59+00:00	routerC	{"container_id":"50be8d39591c6e0d3d45e41a0df57f135a1f98c7fe7dd8c06fee04ca74b45d2c","container_name":"/newenvironment_rc_router_1","source":"stdout","log":"RCrouter# conf t"}
2024-01-12T17:49:59+00:00	routerC	{"container_id":"50be8d39591c6e0d3d45e41a0df57f135a1f98c7fe7dd8c06fee04ca74b45d2c","container_name":"/newenvironment_rc_router_1","source":"stdout","log":"RCrouter(config)# router ospf "}
2024-01-12T17:49:59+00:00	routerC	{"container_id":"50be8d39591c6e0d3d45e41a0df57f135a1f98c7fe7dd8c06fee04ca74b45d2c","container_name":"/newenvironment_rc_router_1","source":"stdout","log":"RCrouter(config-router)# network 10.2.0.0/24 area 0"}
2024-01-12T17:49:59+00:00	routerC	{"container_name":"/newenvironment_rc_router_1","source":"stdout","log":"RCrouter(config-router)# network 10.0.1.0/24 area 0","container_id":"50be8d39591c6e0d3d45e41a0df57f135a1f98c7fe7dd8c06fee04ca74b45d2c"}
2024-01-12T17:49:59+00:00	routerC	{"source":"stdout","log":"RCrouter(config-router)# network 10.0.2.0/24 area 0","container_id":"50be8d39591c6e0d3d45e41a0df57f135a1f98c7fe7dd8c06fee04ca74b45d2c","container_name":"/newenvironment_rc_router_1"}
2024-01-12T17:49:59+00:00	routerC	{"container_name":"/newenvironment_rc_router_1","source":"stdout","log":"RCrouter(config-router)# end","container_id":"50be8d39591c6e0d3d45e41a0df57f135a1f98c7fe7dd8c06fee04ca74b45d2c"}
2024-01-12T17:49:59+00:00	routerC	{"container_id":"50be8d39591c6e0d3d45e41a0df57f135a1f98c7fe7dd8c06fee04ca74b45d2c","container_name":"/newenvironment_rc_router_1","source":"stdout","log":"RCrouter# "}
2024-01-12T17:49:59+00:00	routerA	{"container_id":"67f7d948df5867231574da2075aa74c3eb3f6daa71f2abf8b8e7c01c7a188bf5","container_name":"/newenvironment_ra_router_1","source":"stdout","log":""}
2024-01-12T17:49:59+00:00	routerA	{"container_name":"/newenvironment_ra_router_1","source":"stdout","log":"Hello, this is FRRouting (version 8.1).","container_id":"67f7d948df5867231574da2075aa74c3eb3f6daa71f2abf8b8e7c01c7a188bf5"}
2024-01-12T17:49:59+00:00	routerA	{"container_name":"/newenvironment_ra_router_1","source":"stdout","log":"Copyright 1996-2005 Kunihiro Ishiguro, et al.","container_id":"67f7d948df5867231574da2075aa74c3eb3f6daa71f2abf8b8e7c01c7a188bf5"}
2024-01-12T17:49:59+00:00	routerA	{"source":"stdout","log":"","container_id":"67f7d948df5867231574da2075aa74c3eb3f6daa71f2abf8b8e7c01c7a188bf5","container_name":"/newenvironment_ra_router_1"}
2024-01-12T17:49:59+00:00	routerA	{"source":"stdout","log":"RArouter# conf t","container_id":"67f7d948df5867231574da2075aa74c3eb3f6daa71f2abf8b8e7c01c7a188bf5","container_name":"/newenvironment_ra_router_1"}
2024-01-12T17:49:59+00:00	routerA	{"source":"stdout","log":"RArouter(config)# log file /shared-volume/frr/frrRouterA.log","container_id":"67f7d948df5867231574da2075aa74c3eb3f6daa71f2abf8b8e7c01c7a188bf5","container_name":"/newenvironment_ra_router_1"}
2024-01-12T17:49:59+00:00	routerD	{"container_name":"/newenvironment_rd_router_1","source":"stdout","log":"Copyright 1996-2005 Kunihiro Ishiguro, et al.","container_id":"0a55e395cffed1d39883faaee022a2c131aef042bcd43bb69e3f0accb6b5bb31"}
2024-01-12T17:49:59+00:00	routerD	{"source":"stdout","log":"","container_id":"0a55e395cffed1d39883faaee022a2c131aef042bcd43bb69e3f0accb6b5bb31","container_name":"/newenvironment_rd_router_1"}
2024-01-12T17:49:59+00:00	routerD	{"container_name":"/newenvironment_rd_router_1","source":"stdout","log":"RDrouter# conf t","container_id":"0a55e395cffed1d39883faaee022a2c131aef042bcd43bb69e3f0accb6b5bb31"}
2024-01-12T17:49:59+00:00	routerD	{"log":"RDrouter(config)# router ospf ","container_id":"0a55e395cffed1d39883faaee022a2c131aef042bcd43bb69e3f0accb6b5bb31","container_name":"/newenvironment_rd_router_1","source":"stdout"}
2024-01-12T17:49:59+00:00	routerB	{"container_id":"4d23c3706d857306eda6eabcfbf32309dde5f8d8baacbfeb96cf555bdee44c67","container_name":"/newenvironment_rb_router_1","source":"stdout","log":"RBrouter(config-router)# network 10.2.0.0/24 area 0"}
2024-01-12T17:49:59+00:00	routerB	{"container_id":"4d23c3706d857306eda6eabcfbf32309dde5f8d8baacbfeb96cf555bdee44c67","container_name":"/newenvironment_rb_router_1","source":"stdout","log":"RBrouter(config-router)# network 10.3.0.0/24 area 0"}
2024-01-12T17:49:59+00:00	routerB	{"container_id":"4d23c3706d857306eda6eabcfbf32309dde5f8d8baacbfeb96cf555bdee44c67","container_name":"/newenvironment_rb_router_1","source":"stdout","log":"RBrouter(config-router)# end"}
2024-01-12T17:49:59+00:00	routerB	{"source":"stdout","log":"RBrouter# ","container_id":"4d23c3706d857306eda6eabcfbf32309dde5f8d8baacbfeb96cf555bdee44c67","container_name":"/newenvironment_rb_router_1"}
2024-01-12T17:49:59+00:00	routerD	{"container_id":"0a55e395cffed1d39883faaee022a2c131aef042bcd43bb69e3f0accb6b5bb31","container_name":"/newenvironment_rd_router_1","source":"stdout","log":"RDrouter(config-router)# network 10.3.0.0/24 area 0"}
2024-01-12T17:49:59+00:00	routerD	{"container_id":"0a55e395cffed1d39883faaee022a2c131aef042bcd43bb69e3f0accb6b5bb31","container_name":"/newenvironment_rd_router_1","source":"stdout","log":"RDrouter(config-router)# network 10.0.3.0/24 area 0"}
2024-01-12T17:49:59+00:00	routerD	{"container_name":"/newenvironment_rd_router_1","source":"stdout","log":"RDrouter(config-router)# network 10.0.4.0/24 area 0","container_id":"0a55e395cffed1d39883faaee022a2c131aef042bcd43bb69e3f0accb6b5bb31"}
2024-01-12T17:49:59+00:00	routerD	{"container_id":"0a55e395cffed1d39883faaee022a2c131aef042bcd43bb69e3f0accb6b5bb31","container_name":"/newenvironment_rd_router_1","source":"stdout","log":"RDrouter(config-router)# end"}
2024-01-12T17:49:59+00:00	routerD	{"container_id":"0a55e395cffed1d39883faaee022a2c131aef042bcd43bb69e3f0accb6b5bb31","container_name":"/newenvironment_rd_router_1","source":"stdout","log":"RDrouter# "}
2024-01-12T17:49:59+00:00	routerA	{"container_id":"67f7d948df5867231574da2075aa74c3eb3f6daa71f2abf8b8e7c01c7a188bf5","container_name":"/newenvironment_ra_router_1","source":"stdout","log":"can't open logfile /shared-volume/frr/frrRouterA.log"}
2024-01-12T17:49:59+00:00	routerA	{"container_name":"/newenvironment_ra_router_1","source":"stdout","log":"RArouter(config)# router ospf","container_id":"67f7d948df5867231574da2075aa74c3eb3f6daa71f2abf8b8e7c01c7a188bf5"}
2024-01-12T17:49:59+00:00	routerA	{"container_id":"67f7d948df5867231574da2075aa74c3eb3f6daa71f2abf8b8e7c01c7a188bf5","container_name":"/newenvironment_ra_router_1","source":"stdout","log":"RArouter(config-router)# network 10.100.0.0/24 area 0"}
2024-01-12T17:49:59+00:00	routerA	{"container_id":"67f7d948df5867231574da2075aa74c3eb3f6daa71f2abf8b8e7c01c7a188bf5","container_name":"/newenvironment_ra_router_1","source":"stdout","log":"RArouter(config-router)# network 10.200.0.0/24 area 0"}
2024-01-12T17:49:59+00:00	routerA	{"log":"RArouter(config-router)# network 10.1.0.0/24 area 0","container_id":"67f7d948df5867231574da2075aa74c3eb3f6daa71f2abf8b8e7c01c7a188bf5","container_name":"/newenvironment_ra_router_1","source":"stdout"}
2024-01-12T17:49:59+00:00	routerA	{"container_id":"67f7d948df5867231574da2075aa74c3eb3f6daa71f2abf8b8e7c01c7a188bf5","container_name":"/newenvironment_ra_router_1","source":"stdout","log":"RArouter(config-router)# end"}
2024-01-12T17:49:59+00:00	routerA	{"source":"stdout","log":"RArouter# ","container_id":"67f7d948df5867231574da2075aa74c3eb3f6daa71f2abf8b8e7c01c7a188bf5","container_name":"/newenvironment_ra_router_1"}
2024-01-12T17:50:12+00:00	servidor	{"container_id":"d269e98fe31f959d08ee12fca1701542c6eee1ce564f2571c82f0f6183492c2c","container_name":"/newenvironment_servidor_1","source":"stdout","log":"Get:2 http://archive.ubuntu.com/ubuntu jammy-updates/main amd64 linux-headers-6.5.0-14-generic amd64 6.5.0-14.14~22.04.1 [3435 kB]"}
2024-01-12T17:50:16+00:00	servidor	{"source":"stderr","log":"debconf: delaying package configuration, since apt-utils is not installed","container_id":"d269e98fe31f959d08ee12fca1701542c6eee1ce564f2571c82f0f6183492c2c","container_name":"/newenvironment_servidor_1"}
2024-01-12T17:50:17+00:00	servidor	{"container_id":"d269e98fe31f959d08ee12fca1701542c6eee1ce564f2571c82f0f6183492c2c","container_name":"/newenvironment_servidor_1","source":"stdout","log":"Fetched 16.6 MB in 17s (973 kB/s)"}
2024-01-12T17:50:17+00:00	servidor	{"container_id":"d269e98fe31f959d08ee12fca1701542c6eee1ce564f2571c82f0f6183492c2c","container_name":"/newenvironment_servidor_1","source":"stdout","log":"Selecting previously unselected package linux-hwe-6.5-headers-6.5.0-14.\r"}
2024-01-12T17:50:19+00:00	servidor	{"container_id":"d269e98fe31f959d08ee12fca1701542c6eee1ce564f2571c82f0f6183492c2c","container_name":"/newenvironment_servidor_1","source":"stdout","log":"(Reading database ... \r(Reading database ... 5%\r(Reading database ... 10%\r(Reading database ... 15%\r(Reading database ... 20%\r(Reading database ... 25%\r(Reading database ... 30%\r(Reading database ... 35%\r(Reading database ... 40%\r(Reading database ... 45%\r(Reading database ... 50%\r(Reading database ... 55%\r(Reading database ... 60%\r(Reading database ... 65%\r(Reading database ... 70%\r(Reading database ... 75%\r(Reading database ... 80%\r(Reading database ... 85%\r(Reading database ... 90%\r(Reading database ... 95%\r(Reading database ... 100%\r(Reading database ... 49021 files and directories currently installed.)\r"}
2024-01-12T17:50:19+00:00	servidor	{"source":"stdout","log":"Preparing to unpack .../linux-hwe-6.5-headers-6.5.0-14_6.5.0-14.14~22.04.1_all.deb ...\r","container_id":"d269e98fe31f959d08ee12fca1701542c6eee1ce564f2571c82f0f6183492c2c","container_name":"/newenvironment_servidor_1"}
2024-01-12T17:50:19+00:00	servidor	{"container_name":"/newenvironment_servidor_1","source":"stdout","log":"Unpacking linux-hwe-6.5-headers-6.5.0-14 (6.5.0-14.14~22.04.1) ...\r","container_id":"d269e98fe31f959d08ee12fca1701542c6eee1ce564f2571c82f0f6183492c2c"}
2024-01-12T17:50:23+00:00	servidor	{"container_id":"d269e98fe31f959d08ee12fca1701542c6eee1ce564f2571c82f0f6183492c2c","container_name":"/newenvironment_servidor_1","source":"stdout","log":"Selecting previously unselected package linux-headers-6.5.0-14-generic.\r"}
2024-01-12T17:50:23+00:00	servidor	{"log":"Preparing to unpack .../linux-headers-6.5.0-14-generic_6.5.0-14.14~22.04.1_amd64.deb ...\r","container_id":"d269e98fe31f959d08ee12fca1701542c6eee1ce564f2571c82f0f6183492c2c","container_name":"/newenvironment_servidor_1","source":"stdout"}
2024-01-12T17:50:23+00:00	servidor	{"container_name":"/newenvironment_servidor_1","source":"stdout","log":"Unpacking linux-headers-6.5.0-14-generic (6.5.0-14.14~22.04.1) ...\r","container_id":"d269e98fe31f959d08ee12fca1701542c6eee1ce564f2571c82f0f6183492c2c"}
2024-01-12T17:50:27+00:00	servidor	{"container_id":"d269e98fe31f959d08ee12fca1701542c6eee1ce564f2571c82f0f6183492c2c","container_name":"/newenvironment_servidor_1","source":"stdout","log":"Setting up linux-hwe-6.5-headers-6.5.0-14 (6.5.0-14.14~22.04.1) ...\r"}
2024-01-12T17:50:27+00:00	servidor	{"container_id":"d269e98fe31f959d08ee12fca1701542c6eee1ce564f2571c82f0f6183492c2c","container_name":"/newenvironment_servidor_1","source":"stdout","log":"Setting up linux-headers-6.5.0-14-generic (6.5.0-14.14~22.04.1) ...\r"}
2024-01-12T17:50:49+00:00	fluent.warn	{"data":"<45>Jan 12 17:49:49 RArouter syslog-ng[17]: syslog-ng starting up; version='3.35.1'","message":"failed to parse message data=\"<45>Jan 12 17:49:49 RArouter syslog-ng[17]: syslog-ng starting up; version='3.35.1'\""}
2024-01-12T17:50:49+00:00	fluent.warn	{"data":"<43>Jan 12 17:49:49 RArouter syslog-ng[17]: Syslog connection failed; fd='15', server='AF_INET(10.200.0.2:5140)', error='Connection refused (111)', time_reopen='60'","message":"failed to parse message data=\"<43>Jan 12 17:49:49 RArouter syslog-ng[17]: Syslog connection failed; fd='15', server='AF_INET(10.200.0.2:5140)', error='Connection refused (111)', time_reopen='60'\""}
2024-01-12T17:50:49+00:00	fluent.warn	{"data":"<4>Jan 12 17:49:50 RArouter kernel: evict_inodes inode 0000000093d640c0, i_count = 1, was skipped!","message":"failed to parse message data=\"<4>Jan 12 17:49:50 RArouter kernel: evict_inodes inode 0000000093d640c0, i_count = 1, was skipped!\""}
2024-01-12T17:50:49+00:00	fluent.warn	{"data":"<4>Jan 12 17:49:50 RArouter kernel: evict_inodes inode 00000000ee2ec19d, i_count = 1, was skipped!","message":"failed to parse message data=\"<4>Jan 12 17:49:50 RArouter kernel: evict_inodes inode 00000000ee2ec19d, i_count = 1, was skipped!\""}
2024-01-12T17:50:49+00:00	fluent.warn	{"data":"<4>Jan 12 17:49:50 RArouter kernel: evict_inodes inode 000000003fb6fcb6, i_count = 1, was skipped!","message":"failed to parse message data=\"<4>Jan 12 17:49:50 RArouter kernel: evict_inodes inode 000000003fb6fcb6, i_count = 1, was skipped!\""}
2024-01-12T17:50:49+00:00	fluent.warn	{"data":"<4>Jan 12 17:49:50 RArouter kernel: evict_inodes inode 00000000c99dc1e3, i_count = 1, was skipped!","message":"failed to parse message data=\"<4>Jan 12 17:49:50 RArouter kernel: evict_inodes inode 00000000c99dc1e3, i_count = 1, was skipped!\""}
2024-01-12T17:50:49+00:00	fluent.warn	{"data":"<4>Jan 12 17:49:50 RArouter kernel: evict_inodes inode 00000000df60f073, i_count = 1, was skipped!","message":"failed to parse message data=\"<4>Jan 12 17:49:50 RArouter kernel: evict_inodes inode 00000000df60f073, i_count = 1, was skipped!\""}
2024-01-12T17:50:49+00:00	fluent.warn	{"data":"<4>Jan 12 17:49:50 RArouter kernel: evict_inodes inode 00000000d44f61b0, i_count = 1, was skipped!","message":"failed to parse message data=\"<4>Jan 12 17:49:50 RArouter kernel: evict_inodes inode 00000000d44f61b0, i_count = 1, was skipped!\""}
2024-01-12T17:50:49+00:00	fluent.warn	{"data":"<4>Jan 12 17:49:50 RArouter kernel: evict_inodes inode 00000000a496da5f, i_count = 1, was skipped!","message":"failed to parse message data=\"<4>Jan 12 17:49:50 RArouter kernel: evict_inodes inode 00000000a496da5f, i_count = 1, was skipped!\""}
2024-01-12T17:50:49+00:00	fluent.warn	{"data":"<4>Jan 12 17:49:50 RArouter kernel: evict_inodes inode 0000000064d4daa7, i_count = 1, was skipped!","message":"failed to parse message data=\"<4>Jan 12 17:49:50 RArouter kernel: evict_inodes inode 0000000064d4daa7, i_count = 1, was skipped!\""}
2024-01-12T17:50:49+00:00	fluent.warn	{"data":"<4>Jan 12 17:49:50 RArouter kernel: evict_inodes inode 00000000c77715cd, i_count = 1, was skipped!","message":"failed to parse message data=\"<4>Jan 12 17:49:50 RArouter kernel: evict_inodes inode 00000000c77715cd, i_count = 1, was skipped!\""}
2024-01-12T17:50:49+00:00	fluent.warn	{"data":"<4>Jan 12 17:49:50 RArouter kernel: evict_inodes inode 0000000057f04dbf, i_count = 1, was skipped!","message":"failed to parse message data=\"<4>Jan 12 17:49:50 RArouter kernel: evict_inodes inode 0000000057f04dbf, i_count = 1, was skipped!\""}
2024-01-12T17:50:49+00:00	fluent.warn	{"data":"<4>Jan 12 17:49:50 RArouter kernel: evict_inodes inode 000000008938f192, i_count = 1, was skipped!","message":"failed to parse message data=\"<4>Jan 12 17:49:50 RArouter kernel: evict_inodes inode 000000008938f192, i_count = 1, was skipped!\""}
2024-01-12T17:50:49+00:00	fluent.warn	{"data":"<6>Jan 12 17:49:51 RArouter kernel: br-0823a3d2beeb: port 2(veth83c10cb) entered blocking state","message":"failed to parse message data=\"<6>Jan 12 17:49:51 RArouter kernel: br-0823a3d2beeb: port 2(veth83c10cb) entered blocking state\""}
2024-01-12T17:50:49+00:00	fluent.warn	{"data":"<6>Jan 12 17:49:51 RArouter kernel: br-0823a3d2beeb: port 2(veth83c10cb) entered disabled state","message":"failed to parse message data=\"<6>Jan 12 17:49:51 RArouter kernel: br-0823a3d2beeb: port 2(veth83c10cb) entered disabled state\""}
2024-01-12T17:50:49+00:00	fluent.warn	{"data":"<6>Jan 12 17:49:51 RArouter kernel: veth83c10cb: entered allmulticast mode","message":"failed to parse message data=\"<6>Jan 12 17:49:51 RArouter kernel: veth83c10cb: entered allmulticast mode\""}
2024-01-12T17:50:49+00:00	fluent.warn	{"data":"<6>Jan 12 17:49:51 RArouter kernel: veth83c10cb: entered promiscuous mode","message":"failed to parse message data=\"<6>Jan 12 17:49:51 RArouter kernel: veth83c10cb: entered promiscuous mode\""}
2024-01-12T17:50:49+00:00	fluent.warn	{"data":"<29>Jan 12 17:49:52 RArouter watchfrr[38]: [T83RR-8SM5G] watchfrr 8.1 starting: vty@0","message":"failed to parse message data=\"<29>Jan 12 17:49:52 RArouter watchfrr[38]: [T83RR-8SM5G] watchfrr 8.1 starting: vty@0\""}
2024-01-12T17:50:49+00:00	fluent.warn	{"data":"<30>Jan 12 17:49:52 RArouter watchfrr[38]: [ZCJ3S-SPH5S] zebra state -> down : initial connection attempt failed","message":"failed to parse message data=\"<30>Jan 12 17:49:52 RArouter watchfrr[38]: [ZCJ3S-SPH5S] zebra state -> down : initial connection attempt failed\""}
2024-01-12T17:50:49+00:00	fluent.warn	{"data":"<30>Jan 12 17:49:52 RArouter watchfrr[38]: [ZCJ3S-SPH5S] bgpd state -> down : initial connection attempt failed","message":"failed to parse message data=\"<30>Jan 12 17:49:52 RArouter watchfrr[38]: [ZCJ3S-SPH5S] bgpd state -> down : initial connection attempt failed\""}
2024-01-12T17:50:49+00:00	fluent.warn	{"data":"<30>Jan 12 17:49:52 RArouter watchfrr[38]: [ZCJ3S-SPH5S] ospfd state -> down : initial connection attempt failed","message":"failed to parse message data=\"<30>Jan 12 17:49:52 RArouter watchfrr[38]: [ZCJ3S-SPH5S] ospfd state -> down : initial connection attempt failed\""}
2024-01-12T17:50:49+00:00	fluent.warn	{"data":"<30>Jan 12 17:49:52 RArouter watchfrr[38]: [ZCJ3S-SPH5S] staticd state -> down : initial connection attempt failed","message":"failed to parse message data=\"<30>Jan 12 17:49:52 RArouter watchfrr[38]: [ZCJ3S-SPH5S] staticd state -> down : initial connection attempt failed\""}
2024-01-12T17:50:49+00:00	fluent.warn	{"data":"<30>Jan 12 17:49:52 RArouter watchfrr[38]: [YFT0P-5Q5YX] Forked background command [pid 39]: /usr/lib/frr/watchfrr.sh restart all","message":"failed to parse message data=\"<30>Jan 12 17:49:52 RArouter watchfrr[38]: [YFT0P-5Q5YX] Forked background command [pid 39]: /usr/lib/frr/watchfrr.sh restart all\""}
2024-01-12T17:50:49+00:00	fluent.warn	{"data":"<27>Jan 12 17:49:52 RArouter watchfrr.sh[55]: Cannot stop bgpd: pid file not found","message":"failed to parse message data=\"<27>Jan 12 17:49:52 RArouter watchfrr.sh[55]: Cannot stop bgpd: pid file not found\""}
2024-01-12T17:50:49+00:00	fluent.warn	{"data":"<27>Jan 12 17:49:52 RArouter watchfrr.sh[50]: Cannot stop staticd: pid file not found","message":"failed to parse message data=\"<27>Jan 12 17:49:52 RArouter watchfrr.sh[50]: Cannot stop staticd: pid file not found\""}
2024-01-12T17:50:49+00:00	fluent.warn	{"data":"<27>Jan 12 17:49:52 RArouter watchfrr.sh[53]: Cannot stop zebra: pid file not found","message":"failed to parse message data=\"<27>Jan 12 17:49:52 RArouter watchfrr.sh[53]: Cannot stop zebra: pid file not found\""}
2024-01-12T17:50:49+00:00	fluent.warn	{"data":"<27>Jan 12 17:49:52 RArouter watchfrr.sh[51]: Cannot stop ospfd: pid file not found","message":"failed to parse message data=\"<27>Jan 12 17:49:52 RArouter watchfrr.sh[51]: Cannot stop ospfd: pid file not found\""}
2024-01-12T17:50:49+00:00	fluent.warn	{"data":"<4>Jan 12 17:49:53 RArouter kernel: evict_inodes inode 000000002af50618, i_count = 1, was skipped!","message":"failed to parse message data=\"<4>Jan 12 17:49:53 RArouter kernel: evict_inodes inode 000000002af50618, i_count = 1, was skipped!\""}
2024-01-12T17:50:49+00:00	fluent.warn	{"data":"<4>Jan 12 17:49:53 RArouter kernel: evict_inodes inode 0000000024dc77dc, i_count = 1, was skipped!","message":"failed to parse message data=\"<4>Jan 12 17:49:53 RArouter kernel: evict_inodes inode 0000000024dc77dc, i_count = 1, was skipped!\""}
2024-01-12T17:50:49+00:00	fluent.warn	{"data":"<4>Jan 12 17:49:53 RArouter kernel: evict_inodes inode 000000001749b705, i_count = 1, was skipped!","message":"failed to parse message data=\"<4>Jan 12 17:49:53 RArouter kernel: evict_inodes inode 000000001749b705, i_count = 1, was skipped!\""}
2024-01-12T17:50:49+00:00	fluent.warn	{"data":"<4>Jan 12 17:49:53 RArouter kernel: evict_inodes inode 000000006ea00d24, i_count = 1, was skipped!","message":"failed to parse message data=\"<4>Jan 12 17:49:53 RArouter kernel: evict_inodes inode 000000006ea00d24, i_count = 1, was skipped!\""}
2024-01-12T17:50:49+00:00	fluent.warn	{"data":"<4>Jan 12 17:49:53 RArouter kernel: evict_inodes inode 00000000666ba19f, i_count = 1, was skipped!","message":"failed to parse message data=\"<4>Jan 12 17:49:53 RArouter kernel: evict_inodes inode 00000000666ba19f, i_count = 1, was skipped!\""}
2024-01-12T17:50:49+00:00	fluent.warn	{"data":"<4>Jan 12 17:49:53 RArouter kernel: evict_inodes inode 000000003c22f936, i_count = 1, was skipped!","message":"failed to parse message data=\"<4>Jan 12 17:49:53 RArouter kernel: evict_inodes inode 000000003c22f936, i_count = 1, was skipped!\""}
2024-01-12T17:50:49+00:00	fluent.warn	{"data":"<4>Jan 12 17:49:53 RArouter kernel: evict_inodes inode 00000000f38368bb, i_count = 1, was skipped!","message":"failed to parse message data=\"<4>Jan 12 17:49:53 RArouter kernel: evict_inodes inode 00000000f38368bb, i_count = 1, was skipped!\""}
2024-01-12T17:50:49+00:00	fluent.warn	{"data":"<4>Jan 12 17:49:53 RArouter kernel: evict_inodes inode 00000000bc85ec5d, i_count = 1, was skipped!","message":"failed to parse message data=\"<4>Jan 12 17:49:53 RArouter kernel: evict_inodes inode 00000000bc85ec5d, i_count = 1, was skipped!\""}
2024-01-12T17:50:49+00:00	fluent.warn	{"data":"<4>Jan 12 17:49:53 RArouter kernel: evict_inodes inode 00000000b93500ce, i_count = 1, was skipped!","message":"failed to parse message data=\"<4>Jan 12 17:49:53 RArouter kernel: evict_inodes inode 00000000b93500ce, i_count = 1, was skipped!\""}
2024-01-12T17:50:49+00:00	fluent.warn	{"data":"<4>Jan 12 17:49:53 RArouter kernel: evict_inodes inode 00000000ec48f23a, i_count = 1, was skipped!","message":"failed to parse message data=\"<4>Jan 12 17:49:53 RArouter kernel: evict_inodes inode 00000000ec48f23a, i_count = 1, was skipped!\""}
2024-01-12T17:50:49+00:00	fluent.warn	{"data":"<4>Jan 12 17:49:53 RArouter kernel: evict_inodes inode 00000000ad12eba1, i_count = 1, was skipped!","message":"failed to parse message data=\"<4>Jan 12 17:49:53 RArouter kernel: evict_inodes inode 00000000ad12eba1, i_count = 1, was skipped!\""}
2024-01-12T17:50:49+00:00	fluent.warn	{"data":"<6>Jan 12 17:49:55 RArouter kernel: br-e586b43d3523: port 2(veth1811679) entered blocking state","message":"failed to parse message data=\"<6>Jan 12 17:49:55 RArouter kernel: br-e586b43d3523: port 2(veth1811679) entered blocking state\""}
2024-01-12T17:50:49+00:00	fluent.warn	{"data":"<6>Jan 12 17:49:55 RArouter kernel: br-e586b43d3523: port 2(veth1811679) entered disabled state","message":"failed to parse message data=\"<6>Jan 12 17:49:55 RArouter kernel: br-e586b43d3523: port 2(veth1811679) entered disabled state\""}
2024-01-12T17:50:49+00:00	fluent.warn	{"data":"<6>Jan 12 17:49:55 RArouter kernel: veth1811679: entered allmulticast mode","message":"failed to parse message data=\"<6>Jan 12 17:49:55 RArouter kernel: veth1811679: entered allmulticast mode\""}
2024-01-12T17:50:49+00:00	fluent.warn	{"data":"<6>Jan 12 17:49:55 RArouter kernel: veth1811679: entered promiscuous mode","message":"failed to parse message data=\"<6>Jan 12 17:49:55 RArouter kernel: veth1811679: entered promiscuous mode\""}
2024-01-12T17:50:49+00:00	fluent.warn	{"data":"<6>Jan 12 17:49:55 RArouter kernel: eth0: renamed from veth4e24ba3","message":"failed to parse message data=\"<6>Jan 12 17:49:55 RArouter kernel: eth0: renamed from veth4e24ba3\""}
2024-01-12T17:50:49+00:00	fluent.warn	{"data":"<6>Jan 12 17:49:55 RArouter kernel: br-0823a3d2beeb: port 2(veth83c10cb) entered blocking state","message":"failed to parse message data=\"<6>Jan 12 17:49:55 RArouter kernel: br-0823a3d2beeb: port 2(veth83c10cb) entered blocking state\""}
2024-01-12T17:50:49+00:00	fluent.warn	{"data":"<6>Jan 12 17:49:55 RArouter kernel: br-0823a3d2beeb: port 2(veth83c10cb) entered forwarding state","message":"failed to parse message data=\"<6>Jan 12 17:49:55 RArouter kernel: br-0823a3d2beeb: port 2(veth83c10cb) entered forwarding state\""}
2024-01-12T17:50:49+00:00	fluent.warn	{"data":"<29>Jan 12 17:49:57 RArouter watchfrr[38]: [QDG3Y-BY5TN] zebra state -> up : connect succeeded","message":"failed to parse message data=\"<29>Jan 12 17:49:57 RArouter watchfrr[38]: [QDG3Y-BY5TN] zebra state -> up : connect succeeded\""}
2024-01-12T17:50:49+00:00	fluent.warn	{"data":"<29>Jan 12 17:49:57 RArouter watchfrr[38]: [QDG3Y-BY5TN] bgpd state -> up : connect succeeded","message":"failed to parse message data=\"<29>Jan 12 17:49:57 RArouter watchfrr[38]: [QDG3Y-BY5TN] bgpd state -> up : connect succeeded\""}
2024-01-12T17:50:49+00:00	fluent.warn	{"data":"<29>Jan 12 17:49:57 RArouter watchfrr[38]: [QDG3Y-BY5TN] ospfd state -> up : connect succeeded","message":"failed to parse message data=\"<29>Jan 12 17:49:57 RArouter watchfrr[38]: [QDG3Y-BY5TN] ospfd state -> up : connect succeeded\""}
2024-01-12T17:50:49+00:00	fluent.warn	{"data":"<29>Jan 12 17:49:57 RArouter watchfrr[38]: [QDG3Y-BY5TN] staticd state -> up : connect succeeded","message":"failed to parse message data=\"<29>Jan 12 17:49:57 RArouter watchfrr[38]: [QDG3Y-BY5TN] staticd state -> up : connect succeeded\""}
2024-01-12T17:50:49+00:00	fluent.warn	{"data":"<29>Jan 12 17:49:57 RArouter watchfrr[38]: [KWE5Q-QNGFC] all daemons up, doing startup-complete notify","message":"failed to parse message data=\"<29>Jan 12 17:49:57 RArouter watchfrr[38]: [KWE5Q-QNGFC] all daemons up, doing startup-complete notify\""}
2024-01-12T17:50:49+00:00	fluent.warn	{"data":"<6>Jan 12 17:49:58 RArouter kernel: eth0: renamed from veth406cb38","message":"failed to parse message data=\"<6>Jan 12 17:49:58 RArouter kernel: eth0: renamed from veth406cb38\""}
2024-01-12T17:50:49+00:00	fluent.warn	{"data":"<6>Jan 12 17:49:58 RArouter kernel: br-e586b43d3523: port 2(veth1811679) entered blocking state","message":"failed to parse message data=\"<6>Jan 12 17:49:58 RArouter kernel: br-e586b43d3523: port 2(veth1811679) entered blocking state\""}
2024-01-12T17:50:49+00:00	fluent.warn	{"data":"<6>Jan 12 17:49:58 RArouter kernel: br-e586b43d3523: port 2(veth1811679) entered forwarding state","message":"failed to parse message data=\"<6>Jan 12 17:49:58 RArouter kernel: br-e586b43d3523: port 2(veth1811679) entered forwarding state\""}
2024-01-12T17:50:49+00:00	fluent.warn	{"data":"<30>Jan 12 17:49:59 RArouter zebra[57]: [VTVCM-Y2NW3] Configuration Read in Took: 00:00:00","message":"failed to parse message data=\"<30>Jan 12 17:49:59 RArouter zebra[57]: [VTVCM-Y2NW3] Configuration Read in Took: 00:00:00\""}
2024-01-12T17:50:49+00:00	fluent.warn	{"data":"<30>Jan 12 17:49:59 RArouter ospfd[69]: [VTVCM-Y2NW3] Configuration Read in Took: 00:00:00","message":"failed to parse message data=\"<30>Jan 12 17:49:59 RArouter ospfd[69]: [VTVCM-Y2NW3] Configuration Read in Took: 00:00:00\""}
2024-01-12T17:50:49+00:00	fluent.warn	{"data":"<30>Jan 12 17:49:59 RArouter bgpd[62]: [VTVCM-Y2NW3] Configuration Read in Took: 00:00:00","message":"failed to parse message data=\"<30>Jan 12 17:49:59 RArouter bgpd[62]: [VTVCM-Y2NW3] Configuration Read in Took: 00:00:00\""}
2024-01-12T17:50:49+00:00	fluent.warn	{"data":"<30>Jan 12 17:49:59 RArouter staticd[72]: [VTVCM-Y2NW3] Configuration Read in Took: 00:00:00","message":"failed to parse message data=\"<30>Jan 12 17:49:59 RArouter staticd[72]: [VTVCM-Y2NW3] Configuration Read in Took: 00:00:00\""}
2024-01-12T17:50:49+00:00	fluent.warn	{"data":"<28>Jan 12 17:49:59 RArouter watchfrr[38]: [RKHTV-CNGEG] Daemon: zebra: is in Up state but expected it to be in DAEMON_DOWN state","message":"failed to parse message data=\"<28>Jan 12 17:49:59 RArouter watchfrr[38]: [RKHTV-CNGEG] Daemon: zebra: is in Up state but expected it to be in DAEMON_DOWN state\""}
2024-01-12T17:50:49+00:00	fluent.warn	{"data":"<28>Jan 12 17:49:59 RArouter watchfrr[38]: [RKHTV-CNGEG] Daemon: bgpd: is in Up state but expected it to be in DAEMON_DOWN state","message":"failed to parse message data=\"<28>Jan 12 17:49:59 RArouter watchfrr[38]: [RKHTV-CNGEG] Daemon: bgpd: is in Up state but expected it to be in DAEMON_DOWN state\""}
2024-01-12T17:50:49+00:00	fluent.warn	{"data":"<28>Jan 12 17:49:59 RArouter watchfrr[38]: [RKHTV-CNGEG] Daemon: ospfd: is in Up state but expected it to be in DAEMON_DOWN state","message":"failed to parse message data=\"<28>Jan 12 17:49:59 RArouter watchfrr[38]: [RKHTV-CNGEG] Daemon: ospfd: is in Up state but expected it to be in DAEMON_DOWN state\""}
2024-01-12T17:50:49+00:00	fluent.warn	{"data":"<28>Jan 12 17:49:59 RArouter watchfrr[38]: [RKHTV-CNGEG] Daemon: staticd: is in Up state but expected it to be in DAEMON_DOWN state","message":"failed to parse message data=\"<28>Jan 12 17:49:59 RArouter watchfrr[38]: [RKHTV-CNGEG] Daemon: staticd: is in Up state but expected it to be in DAEMON_DOWN state\""}
2024-01-12T17:50:49+00:00	fluent.warn	{"data":"<4>Jan 12 17:50:00 RArouter kernel: evict_inodes inode 0000000055365317, i_count = 1, was skipped!","message":"failed to parse message data=\"<4>Jan 12 17:50:00 RArouter kernel: evict_inodes inode 0000000055365317, i_count = 1, was skipped!\""}
2024-01-12T17:50:49+00:00	fluent.warn	{"data":"<4>Jan 12 17:50:00 RArouter kernel: evict_inodes inode 00000000af558333, i_count = 1, was skipped!","message":"failed to parse message data=\"<4>Jan 12 17:50:00 RArouter kernel: evict_inodes inode 00000000af558333, i_count = 1, was skipped!\""}
2024-01-12T17:50:49+00:00	fluent.warn	{"data":"<4>Jan 12 17:50:00 RArouter kernel: evict_inodes inode 00000000231d2a62, i_count = 1, was skipped!","message":"failed to parse message data=\"<4>Jan 12 17:50:00 RArouter kernel: evict_inodes inode 00000000231d2a62, i_count = 1, was skipped!\""}
2024-01-12T17:50:49+00:00	fluent.warn	{"data":"<4>Jan 12 17:50:00 RArouter kernel: evict_inodes inode 000000005afbfb77, i_count = 1, was skipped!","message":"failed to parse message data=\"<4>Jan 12 17:50:00 RArouter kernel: evict_inodes inode 000000005afbfb77, i_count = 1, was skipped!\""}
2024-01-12T17:50:49+00:00	fluent.warn	{"data":"<4>Jan 12 17:50:00 RArouter kernel: evict_inodes inode 00000000d696d980, i_count = 1, was skipped!","message":"failed to parse message data=\"<4>Jan 12 17:50:00 RArouter kernel: evict_inodes inode 00000000d696d980, i_count = 1, was skipped!\""}
2024-01-12T17:50:49+00:00	fluent.warn	{"data":"<4>Jan 12 17:50:00 RArouter kernel: evict_inodes inode 0000000018f71168, i_count = 1, was skipped!","message":"failed to parse message data=\"<4>Jan 12 17:50:00 RArouter kernel: evict_inodes inode 0000000018f71168, i_count = 1, was skipped!\""}
2024-01-12T17:50:49+00:00	fluent.warn	{"data":"<4>Jan 12 17:50:00 RArouter kernel: evict_inodes inode 00000000ab6e84e3, i_count = 1, was skipped!","message":"failed to parse message data=\"<4>Jan 12 17:50:00 RArouter kernel: evict_inodes inode 00000000ab6e84e3, i_count = 1, was skipped!\""}
2024-01-12T17:50:49+00:00	fluent.warn	{"data":"<4>Jan 12 17:50:00 RArouter kernel: evict_inodes inode 00000000e8261da6, i_count = 1, was skipped!","message":"failed to parse message data=\"<4>Jan 12 17:50:00 RArouter kernel: evict_inodes inode 00000000e8261da6, i_count = 1, was skipped!\""}
2024-01-12T17:50:49+00:00	fluent.warn	{"data":"<4>Jan 12 17:50:00 RArouter kernel: evict_inodes inode 00000000df8b4a0c, i_count = 1, was skipped!","message":"failed to parse message data=\"<4>Jan 12 17:50:00 RArouter kernel: evict_inodes inode 00000000df8b4a0c, i_count = 1, was skipped!\""}
2024-01-12T17:50:49+00:00	fluent.warn	{"data":"<4>Jan 12 17:50:00 RArouter kernel: evict_inodes inode 000000006efe588b, i_count = 1, was skipped!","message":"failed to parse message data=\"<4>Jan 12 17:50:00 RArouter kernel: evict_inodes inode 000000006efe588b, i_count = 1, was skipped!\""}
2024-01-12T17:50:49+00:00	fluent.warn	{"data":"<4>Jan 12 17:50:00 RArouter kernel: evict_inodes inode 0000000003fd3e73, i_count = 1, was skipped!","message":"failed to parse message data=\"<4>Jan 12 17:50:00 RArouter kernel: evict_inodes inode 0000000003fd3e73, i_count = 1, was skipped!\""}
2024-01-12T17:50:49+00:00	fluent.warn	{"data":"<4>Jan 12 17:50:00 RArouter kernel: evict_inodes inode 00000000434c3fcb, i_count = 1, was skipped!","message":"failed to parse message data=\"<4>Jan 12 17:50:00 RArouter kernel: evict_inodes inode 00000000434c3fcb, i_count = 1, was skipped!\""}
2024-01-12T17:50:49+00:00	fluent.warn	{"data":"<4>Jan 12 17:50:00 RArouter kernel: evict_inodes inode 00000000751626af, i_count = 1, was skipped!","message":"failed to parse message data=\"<4>Jan 12 17:50:00 RArouter kernel: evict_inodes inode 00000000751626af, i_count = 1, was skipped!\""}
2024-01-12T17:50:49+00:00	fluent.warn	{"data":"<4>Jan 12 17:50:00 RArouter kernel: evict_inodes inode 000000007f8311ff, i_count = 1, was skipped!","message":"failed to parse message data=\"<4>Jan 12 17:50:00 RArouter kernel: evict_inodes inode 000000007f8311ff, i_count = 1, was skipped!\""}
2024-01-12T17:50:49+00:00	fluent.warn	{"data":"<4>Jan 12 17:50:00 RArouter kernel: evict_inodes inode 00000000c5bab4fc, i_count = 1, was skipped!","message":"failed to parse message data=\"<4>Jan 12 17:50:00 RArouter kernel: evict_inodes inode 00000000c5bab4fc, i_count = 1, was skipped!\""}
2024-01-12T17:50:49+00:00	fluent.warn	{"data":"<4>Jan 12 17:50:00 RArouter kernel: evict_inodes inode 0000000079c296da, i_count = 1, was skipped!","message":"failed to parse message data=\"<4>Jan 12 17:50:00 RArouter kernel: evict_inodes inode 0000000079c296da, i_count = 1, was skipped!\""}
2024-01-12T17:50:49+00:00	fluent.warn	{"data":"<4>Jan 12 17:50:00 RArouter kernel: evict_inodes inode 000000003397bb74, i_count = 1, was skipped!","message":"failed to parse message data=\"<4>Jan 12 17:50:00 RArouter kernel: evict_inodes inode 000000003397bb74, i_count = 1, was skipped!\""}
2024-01-12T17:50:49+00:00	fluent.warn	{"data":"<4>Jan 12 17:50:00 RArouter kernel: evict_inodes inode 0000000047e99c9a, i_count = 1, was skipped!","message":"failed to parse message data=\"<4>Jan 12 17:50:00 RArouter kernel: evict_inodes inode 0000000047e99c9a, i_count = 1, was skipped!\""}
2024-01-12T17:50:49+00:00	fluent.warn	{"data":"<4>Jan 12 17:50:00 RArouter kernel: evict_inodes inode 00000000ab85d0be, i_count = 1, was skipped!","message":"failed to parse message data=\"<4>Jan 12 17:50:00 RArouter kernel: evict_inodes inode 00000000ab85d0be, i_count = 1, was skipped!\""}
2024-01-12T17:50:49+00:00	fluent.warn	{"data":"<4>Jan 12 17:50:00 RArouter kernel: evict_inodes inode 00000000fef0607b, i_count = 1, was skipped!","message":"failed to parse message data=\"<4>Jan 12 17:50:00 RArouter kernel: evict_inodes inode 00000000fef0607b, i_count = 1, was skipped!\""}
2024-01-12T17:50:49+00:00	fluent.warn	{"data":"<4>Jan 12 17:50:00 RArouter kernel: evict_inodes inode 00000000902517fc, i_count = 1, was skipped!","message":"failed to parse message data=\"<4>Jan 12 17:50:00 RArouter kernel: evict_inodes inode 00000000902517fc, i_count = 1, was skipped!\""}
2024-01-12T17:50:49+00:00	fluent.warn	{"data":"<4>Jan 12 17:50:00 RArouter kernel: evict_inodes inode 00000000ca9e3d86, i_count = 1, was skipped!","message":"failed to parse message data=\"<4>Jan 12 17:50:00 RArouter kernel: evict_inodes inode 00000000ca9e3d86, i_count = 1, was skipped!\""}
2024-01-12T17:50:49+00:00	fluent.warn	{"data":"<6>Jan 12 17:50:00 RArouter kernel: br-925d96f41461: port 2(vetha209b0b) entered blocking state","message":"failed to parse message data=\"<6>Jan 12 17:50:00 RArouter kernel: br-925d96f41461: port 2(vetha209b0b) entered blocking state\""}
2024-01-12T17:50:49+00:00	fluent.warn	{"data":"<6>Jan 12 17:50:00 RArouter kernel: br-925d96f41461: port 2(vetha209b0b) entered disabled state","message":"failed to parse message data=\"<6>Jan 12 17:50:00 RArouter kernel: br-925d96f41461: port 2(vetha209b0b) entered disabled state\""}
2024-01-12T17:50:49+00:00	fluent.warn	{"data":"<6>Jan 12 17:50:00 RArouter kernel: vetha209b0b: entered allmulticast mode","message":"failed to parse message data=\"<6>Jan 12 17:50:00 RArouter kernel: vetha209b0b: entered allmulticast mode\""}
2024-01-12T17:50:49+00:00	fluent.warn	{"data":"<6>Jan 12 17:50:00 RArouter kernel: vetha209b0b: entered promiscuous mode","message":"failed to parse message data=\"<6>Jan 12 17:50:00 RArouter kernel: vetha209b0b: entered promiscuous mode\""}
2024-01-12T17:50:49+00:00	fluent.warn	{"data":"<6>Jan 12 17:50:01 RArouter kernel: br-d9359fc80c9e: port 2(veth438b6b0) entered blocking state","message":"failed to parse message data=\"<6>Jan 12 17:50:01 RArouter kernel: br-d9359fc80c9e: port 2(veth438b6b0) entered blocking state\""}
2024-01-12T17:50:49+00:00	fluent.warn	{"data":"<6>Jan 12 17:50:01 RArouter kernel: br-d9359fc80c9e: port 2(veth438b6b0) entered disabled state","message":"failed to parse message data=\"<6>Jan 12 17:50:01 RArouter kernel: br-d9359fc80c9e: port 2(veth438b6b0) entered disabled state\""}
2024-01-12T17:50:49+00:00	fluent.warn	{"data":"<6>Jan 12 17:50:01 RArouter kernel: veth438b6b0: entered allmulticast mode","message":"failed to parse message data=\"<6>Jan 12 17:50:01 RArouter kernel: veth438b6b0: entered allmulticast mode\""}
2024-01-12T17:50:49+00:00	fluent.warn	{"data":"<6>Jan 12 17:50:01 RArouter kernel: veth438b6b0: entered promiscuous mode","message":"failed to parse message data=\"<6>Jan 12 17:50:01 RArouter kernel: veth438b6b0: entered promiscuous mode\""}
2024-01-12T17:50:49+00:00	fluent.warn	{"data":"<6>Jan 12 17:50:01 RArouter kernel: br-d9359fc80c9e: port 2(veth438b6b0) entered blocking state","message":"failed to parse message data=\"<6>Jan 12 17:50:01 RArouter kernel: br-d9359fc80c9e: port 2(veth438b6b0) entered blocking state\""}
2024-01-12T17:50:49+00:00	fluent.warn	{"data":"<6>Jan 12 17:50:01 RArouter kernel: br-d9359fc80c9e: port 2(veth438b6b0) entered forwarding state","message":"failed to parse message data=\"<6>Jan 12 17:50:01 RArouter kernel: br-d9359fc80c9e: port 2(veth438b6b0) entered forwarding state\""}
2024-01-12T17:50:49+00:00	fluent.warn	{"data":"<6>Jan 12 17:50:02 RArouter kernel: br-d9359fc80c9e: port 2(veth438b6b0) entered disabled state","message":"failed to parse message data=\"<6>Jan 12 17:50:02 RArouter kernel: br-d9359fc80c9e: port 2(veth438b6b0) entered disabled state\""}
2024-01-12T17:50:49+00:00	fluent.warn	{"data":"<6>Jan 12 17:50:02 RArouter kernel: eth0: renamed from veth70f1a08","message":"failed to parse message data=\"<6>Jan 12 17:50:02 RArouter kernel: eth0: renamed from veth70f1a08\""}
2024-01-12T17:50:49+00:00	fluent.warn	{"data":"<6>Jan 12 17:50:02 RArouter kernel: br-925d96f41461: port 2(vetha209b0b) entered blocking state","message":"failed to parse message data=\"<6>Jan 12 17:50:02 RArouter kernel: br-925d96f41461: port 2(vetha209b0b) entered blocking state\""}
2024-01-12T17:50:49+00:00	fluent.warn	{"data":"<6>Jan 12 17:50:02 RArouter kernel: br-925d96f41461: port 2(vetha209b0b) entered forwarding state","message":"failed to parse message data=\"<6>Jan 12 17:50:02 RArouter kernel: br-925d96f41461: port 2(vetha209b0b) entered forwarding state\""}
2024-01-12T17:50:49+00:00	fluent.warn	{"data":"<6>Jan 12 17:50:02 RArouter kernel: eth0: renamed from vethe34a1a6","message":"failed to parse message data=\"<6>Jan 12 17:50:02 RArouter kernel: eth0: renamed from vethe34a1a6\""}
2024-01-12T17:50:49+00:00	fluent.warn	{"data":"<6>Jan 12 17:50:02 RArouter kernel: br-d9359fc80c9e: port 2(veth438b6b0) entered blocking state","message":"failed to parse message data=\"<6>Jan 12 17:50:02 RArouter kernel: br-d9359fc80c9e: port 2(veth438b6b0) entered blocking state\""}
2024-01-12T17:50:49+00:00	fluent.warn	{"data":"<6>Jan 12 17:50:02 RArouter kernel: br-d9359fc80c9e: port 2(veth438b6b0) entered forwarding state","message":"failed to parse message data=\"<6>Jan 12 17:50:02 RArouter kernel: br-d9359fc80c9e: port 2(veth438b6b0) entered forwarding state\""}
2024-01-12T17:50:49+00:00	fluent.warn	{"data":"<30>Jan 12 17:50:39 RArouter ospfd[69]: [S5PCG-77H23] Packet[DD]: Neighbor 10.3.0.10 Negotiation done (Master).","message":"failed to parse message data=\"<30>Jan 12 17:50:39 RArouter ospfd[69]: [S5PCG-77H23] Packet[DD]: Neighbor 10.3.0.10 Negotiation done (Master).\""}
2024-01-12T17:50:49+00:00	fluent.warn	{"data":"<45>Jan 12 17:50:49 RArouter syslog-ng[17]: Syslog connection established; fd='23', server='AF_INET(10.200.0.2:5140)', local='AF_INET(0.0.0.0:0)'","message":"failed to parse message data=\"<45>Jan 12 17:50:49 RArouter syslog-ng[17]: Syslog connection established; fd='23', server='AF_INET(10.200.0.2:5140)', local='AF_INET(0.0.0.0:0)'\""}
2024-01-12T18:07:26+00:00	fluent.warn	{"data":"<4>Jan 12 18:07:26 RArouter kernel: workqueue: delayed_fput hogged CPU for >11428us 128 times, consider switching to WQ_UNBOUND","message":"failed to parse message data=\"<4>Jan 12 18:07:26 RArouter kernel: workqueue: delayed_fput hogged CPU for >11428us 128 times, consider switching to WQ_UNBOUND\""}
2024-01-12T18:12:40+00:00	fluent.warn	{"data":"<5>Jan 12 18:12:40 RArouter kernel: audit: type=1400 audit(1705083160.072:123): apparmor=\"DENIED\" operation=\"connect\" class=\"file\" profile=\"/usr/bin/evince\" name=\"/run/user/1000/gvfsd/socket-echzMbup\" pid=4100 comm=\"evince\" requested_mask=\"wr\" denied_mask=\"wr\" fsuid=1000 ouid=1000","message":"failed to parse message data=\"<5>Jan 12 18:12:40 RArouter kernel: audit: type=1400 audit(1705083160.072:123): apparmor=\\\"DENIED\\\" operation=\\\"connect\\\" class=\\\"file\\\" profile=\\\"/usr/bin/evince\\\" name=\\\"/run/user/1000/gvfsd/socket-echzMbup\\\" pid=4100 comm=\\\"evince\\\" requested_mask=\\\"wr\\\" denied_mask=\\\"wr\\\" fsuid=1000 ouid=1000\""}
2024-01-12T18:12:40+00:00	fluent.warn	{"data":"<5>Jan 12 18:12:40 RArouter kernel: audit: type=1400 audit(1705083160.080:124): apparmor=\"DENIED\" operation=\"connect\" class=\"file\" profile=\"/usr/bin/evince\" name=\"/run/user/1000/gvfsd/socket-gq8XYVVS\" pid=4100 comm=\"evince\" requested_mask=\"wr\" denied_mask=\"wr\" fsuid=1000 ouid=1000","message":"failed to parse message data=\"<5>Jan 12 18:12:40 RArouter kernel: audit: type=1400 audit(1705083160.080:124): apparmor=\\\"DENIED\\\" operation=\\\"connect\\\" class=\\\"file\\\" profile=\\\"/usr/bin/evince\\\" name=\\\"/run/user/1000/gvfsd/socket-gq8XYVVS\\\" pid=4100 comm=\\\"evince\\\" requested_mask=\\\"wr\\\" denied_mask=\\\"wr\\\" fsuid=1000 ouid=1000\""}
2024-01-12T18:12:40+00:00	fluent.warn	{"data":"<5>Jan 12 18:12:40 RArouter kernel: audit: type=1400 audit(1705083160.416:125): apparmor=\"DENIED\" operation=\"connect\" class=\"file\" profile=\"/usr/bin/evince\" name=\"/run/user/1000/gvfsd/socket-E4OdKhHZ\" pid=4100 comm=\"pool-evince\" requested_mask=\"wr\" denied_mask=\"wr\" fsuid=1000 ouid=1000","message":"failed to parse message data=\"<5>Jan 12 18:12:40 RArouter kernel: audit: type=1400 audit(1705083160.416:125): apparmor=\\\"DENIED\\\" operation=\\\"connect\\\" class=\\\"file\\\" profile=\\\"/usr/bin/evince\\\" name=\\\"/run/user/1000/gvfsd/socket-E4OdKhHZ\\\" pid=4100 comm=\\\"pool-evince\\\" requested_mask=\\\"wr\\\" denied_mask=\\\"wr\\\" fsuid=1000 ouid=1000\""}
2024-01-12T18:12:44+00:00	fluent.warn	{"data":"<5>Jan 12 18:12:44 RArouter kernel: audit: type=1400 audit(1705083164.880:126): apparmor=\"DENIED\" operation=\"connect\" class=\"file\" profile=\"/usr/bin/evince\" name=\"/run/user/1000/gvfsd/socket-a4wUrWm2\" pid=4100 comm=\"pool-evince\" requested_mask=\"wr\" denied_mask=\"wr\" fsuid=1000 ouid=1000","message":"failed to parse message data=\"<5>Jan 12 18:12:44 RArouter kernel: audit: type=1400 audit(1705083164.880:126): apparmor=\\\"DENIED\\\" operation=\\\"connect\\\" class=\\\"file\\\" profile=\\\"/usr/bin/evince\\\" name=\\\"/run/user/1000/gvfsd/socket-a4wUrWm2\\\" pid=4100 comm=\\\"pool-evince\\\" requested_mask=\\\"wr\\\" denied_mask=\\\"wr\\\" fsuid=1000 ouid=1000\""}
2024-01-12T18:12:44+00:00	fluent.warn	{"data":"<5>Jan 12 18:12:44 RArouter kernel: audit: type=1400 audit(1705083164.884:127): apparmor=\"DENIED\" operation=\"connect\" class=\"file\" profile=\"/usr/bin/evince\" name=\"/run/user/1000/gvfsd/socket-qmb1OVLj\" pid=4100 comm=\"evince\" requested_mask=\"wr\" denied_mask=\"wr\" fsuid=1000 ouid=1000","message":"failed to parse message data=\"<5>Jan 12 18:12:44 RArouter kernel: audit: type=1400 audit(1705083164.884:127): apparmor=\\\"DENIED\\\" operation=\\\"connect\\\" class=\\\"file\\\" profile=\\\"/usr/bin/evince\\\" name=\\\"/run/user/1000/gvfsd/socket-qmb1OVLj\\\" pid=4100 comm=\\\"evince\\\" requested_mask=\\\"wr\\\" denied_mask=\\\"wr\\\" fsuid=1000 ouid=1000\""}
2024-01-12T18:12:44+00:00	fluent.warn	{"data":"<5>Jan 12 18:12:44 RArouter kernel: audit: type=1400 audit(1705083164.888:128): apparmor=\"DENIED\" operation=\"connect\" class=\"file\" profile=\"/usr/bin/evince\" name=\"/run/user/1000/gvfsd/socket-KMSpkKHZ\" pid=4100 comm=\"evince\" requested_mask=\"wr\" denied_mask=\"wr\" fsuid=1000 ouid=1000","message":"failed to parse message data=\"<5>Jan 12 18:12:44 RArouter kernel: audit: type=1400 audit(1705083164.888:128): apparmor=\\\"DENIED\\\" operation=\\\"connect\\\" class=\\\"file\\\" profile=\\\"/usr/bin/evince\\\" name=\\\"/run/user/1000/gvfsd/socket-KMSpkKHZ\\\" pid=4100 comm=\\\"evince\\\" requested_mask=\\\"wr\\\" denied_mask=\\\"wr\\\" fsuid=1000 ouid=1000\""}
2024-01-12T18:12:44+00:00	fluent.warn	{"data":"<5>Jan 12 18:12:44 RArouter kernel: audit: type=1400 audit(1705083164.888:129): apparmor=\"DENIED\" operation=\"connect\" class=\"file\" profile=\"/usr/bin/evince\" name=\"/run/user/1000/gvfsd/socket-cHyG7Ds1\" pid=4100 comm=\"evince\" requested_mask=\"wr\" denied_mask=\"wr\" fsuid=1000 ouid=1000","message":"failed to parse message data=\"<5>Jan 12 18:12:44 RArouter kernel: audit: type=1400 audit(1705083164.888:129): apparmor=\\\"DENIED\\\" operation=\\\"connect\\\" class=\\\"file\\\" profile=\\\"/usr/bin/evince\\\" name=\\\"/run/user/1000/gvfsd/socket-cHyG7Ds1\\\" pid=4100 comm=\\\"evince\\\" requested_mask=\\\"wr\\\" denied_mask=\\\"wr\\\" fsuid=1000 ouid=1000\""}
